#
# A fatal error has been detected by the Java Runtime Environment:
#
#  EXCEPTION_ACCESS_VIOLATION (0xc0000005) at pc=0x00000247f21f1053, pid=15208, tid=3676
#
# JRE version: Java(TM) SE Runtime Environment (21.0.5+9) (build 21.0.5+9-LTS-239)
# Java VM: Java HotSpot(TM) 64-Bit Server VM (21.0.5+9-LTS-239, mixed mode, emulated-client, sharing, tiered, compressed oops, compressed class ptrs, g1 gc, windows-amd64)
# Problematic frame:
# v  ~BufferBlob::MethodHandles adapters 0x00000247f21f1053
#
# No core dump will be written. Minidumps are not enabled by default on client versions of Windows
#
# If you would like to submit a bug report, please visit:
#   https://bugreport.java.com/bugreport/crash.jsp
#

---------------  S U M M A R Y ------------

Command Line: -XX:+ShowCodeDetailsInExceptionMessages -agentlib:jdwp=transport=dt_socket,suspend=y,address=localhost:50779 -Dcom.sun.management.jmxremote -Dcom.sun.management.jmxremote.port=50778 -Dcom.sun.management.jmxremote.authenticate=false -Dcom.sun.management.jmxremote.ssl=false -Djava.rmi.server.hostname=localhost -Dspring.jmx.enabled=true -Dmanagement.endpoints.jmx.exposure.include=* -Dspring.application.admin.enabled=true -XX:TieredStopAtLevel=1 -Dspring.boot.project.name=eCart -javaagent:C:\Users\Aaryan\Desktop\sts-4.20.1.RELEASE\configuration\org.eclipse.osgi\262\0\.cp\lib\javaagent-shaded.jar -Dfile.encoding=UTF-8 -Dstdout.encoding=UTF-8 -Dstderr.encoding=UTF-8 com.hpcl.ECartApplication --spring.output.ansi.enabled=always

Host: 13th Gen Intel(R) Core(TM) i5-13420H, 12 cores, 15G,  Windows 11 , 64 bit Build 22621 (10.0.22621.4391)
Time: Tue Feb 11 16:02:39 2025 India Standard Time elapsed time: 2974.761347 seconds (0d 0h 49m 34s)

---------------  T H R E A D  ---------------

Current thread (0x00000247c67dc210):  JavaThread "restartedMain"        [_thread_in_Java, id=3676, stack(0x0000009700500000,0x0000009700600000) (1024K)]

Stack: [0x0000009700500000,0x0000009700600000],  sp=0x00000097005fd8f8,  free space=1014k
Native frames: (J=compiled Java code, j=interpreted, Vv=VM code, C=native code)
C  0x00000247f21f1053

The last pc belongs to _linkToSpecial (printed below).

siginfo: EXCEPTION_ACCESS_VIOLATION (0xc0000005), reading address 0xffffffffffffffff


Registers:
RAX=0x00000247f21c9086, RBX=0xe13cf1fb00000000, RCX=0x00000097005fd900, RDX=0x0000000000000002
RSP=0x00000097005fd8f8, RBP=0x00000097005fd948, RSI=0x00000247cc500e28, RDI=0x00000247fec6f950
R8 =0x0000000000000004, R9 =0x0000000000000004, R10=0x00007ffc6684bb20, R11=0x00000247800b6370
R12=0x0000000000000000, R13=0x00000097005fd8f8, R14=0x00000097005fd968, R15=0x00000247c67dc210
RIP=0x00000247f21f1053, EFLAGS=0x0000000000010246


Register to memory mapping:

RAX=0x00000247f21c9086 is at code_begin+3078 in an Interpreter codelet
return entry points  [0x00000247f21c8480, 0x00000247f21ca298]  7704 bytes
RBX=0xe13cf1fb00000000 is an unknown value
RCX=0x00000097005fd900 is pointing into the stack for thread: 0x00000247c67dc210
RDX=0x0000000000000002 is an unknown value
RSP=0x00000097005fd8f8 is pointing into the stack for thread: 0x00000247c67dc210
RBP=0x00000097005fd948 is pointing into the stack for thread: 0x00000247c67dc210
RSI=0x00000247cc500e28 points into unknown readable memory: 0x88002b9261517311 | 11 73 51 61 92 2b 00 88
RDI=0x00000247fec6f950 points into unknown readable memory: 0x0000001800000070 | 70 00 00 00 18 00 00 00
R8 =0x0000000000000004 is an unknown value
R9 =0x0000000000000004 is an unknown value
R10=0x00007ffc6684bb20 jvm.dll
R11={method} {0x00000247800b6378} 'newInvokeSpecial' '(Ljava/lang/Object;)Ljava/lang/Object;' in 'java/lang/invoke/DirectMethodHandle$Holder'
R12=0x0 is null
R13=0x00000097005fd8f8 is pointing into the stack for thread: 0x00000247c67dc210
R14=0x00000097005fd968 is pointing into the stack for thread: 0x00000247c67dc210
R15=0x00000247c67dc210 is a thread

Top of Stack: (sp=0x00000097005fd8f8)
0x00000097005fd8f8:   00000247f21c9086 00000097005fd900
0x00000097005fd908:   000002478072e53f 0000000000000004
0x00000097005fd918:   00000247800b1828 0000000707622328
0x00000097005fd928:   0000000704aafb78 00000247800b6370
0x00000097005fd938:   00000097005fd8f8 00000097005fd970
0x00000097005fd948:   00000097005fe9a0 00000247f24ead4b
0x00000097005fd958:   0000000709e78ee0 0000000709e78f88
0x00000097005fd968:   0000000709e78f40 0000000709e78cf0
0x00000097005fd978:   0000000000000000 00000097005fe9a0
0x00000097005fd988:   00000247f2a50e0c 00000247c67dc210
0x00000097005fd998:   0000000000000019 0000000000000000
0x00000097005fd9a8:   0000000000000000 00007ffc6660cec0
0x00000097005fd9b8:   0000000000000000 00000007054ec700
0x00000097005fd9c8:   0000000000000000 00000007d5a1e200
0x00000097005fd9d8:   0000000000000000 00000247c67dc210
0x00000097005fd9e8:   0000000704aba7b0 0000000707622328
0x00000097005fd9f8:   0000000709e78bb8 0000000709e78bb8
0x00000097005fda08:   0000000709e78cf0 0000000709e78f70
0x00000097005fda18:   0000000709e78d48 0000000707622328
0x00000097005fda28:   0000000000000001 00000097005fe9a0
0x00000097005fda38:   0000024700000000 0000000000000000
0x00000097005fda48:   0000000000000000 0000000709e78f40
0x00000097005fda58:   00000247f24f185c 0000000000000000
0x00000097005fda68:   0000000000000000 0000000000000000
0x00000097005fda78:   0000024780006e00 00000247c67dc210
0x00000097005fda88:   0000000000000000 0000000709e78cf0
0x00000097005fda98:   0000000000000000 0000000709e78bb8
0x00000097005fdaa8:   0000000709e78f70 0000000709e78cf0
0x00000097005fdab8:   0000000000000000 000000070755f800
0x00000097005fdac8:   00000247f24ea26c 00000097005fe9a0
0x00000097005fdad8:   00000247f24e7fca 0000000000000000
0x00000097005fdae8:   00000247f23e2009 0000000000000000 

Instructions: (pc=0x00000247f21f1053)
0x00000247f21f0f53:   00 00 00 74 03 ff 63 38 ff 63 50 e9 9d 16 00 00
0x00000247f21f0f63:   66 66 66 0f 1f 84 00 00 00 00 00 66 66 66 90 66
0x00000247f21f0f73:   66 0f 1f 84 00 00 00 00 00 66 66 66 90 48 8b 53
0x00000247f21f0f83:   08 0f b7 52 2e 48 8b 0c d4 58 5b 50 44 8b 51 08
0x00000247f21f0f93:   49 bb 00 00 00 80 47 02 00 00 4d 03 d3 4c 8b 5b
0x00000247f21f0fa3:   10 4b 8b 9c da c0 01 00 00 48 85 db 0f 84 10 00
0x00000247f21f0fb3:   00 00 41 80 bf d8 05 00 00 00 74 03 ff 63 38 ff
0x00000247f21f0fc3:   63 50 e9 36 16 00 00 66 66 66 0f 1f 84 00 00 00
0x00000247f21f0fd3:   00 00 66 66 66 90 0f 1f 80 00 00 00 00 58 5b 50
0x00000247f21f0fe3:   8b 5b 24 48 c1 e3 03 48 8b 5b 10 48 85 db 0f 84
0x00000247f21f0ff3:   10 00 00 00 41 80 bf d8 05 00 00 00 74 03 ff 63
0x00000247f21f1003:   38 ff 63 50 e9 f4 15 00 00 66 66 66 0f 1f 84 00
0x00000247f21f1013:   00 00 00 00 66 66 66 90 0f 1f 44 00 00 48 8b 53
0x00000247f21f1023:   08 0f b7 52 2e 48 8b 0c d4 58 5b 50 48 3b 01 8b
0x00000247f21f1033:   5b 24 48 c1 e3 03 48 8b 5b 10 48 85 db 0f 84 10
0x00000247f21f1043:   00 00 00 41 80 bf d8 05 00 00 00 74 03 ff 63 38
0x00000247f21f1053:   ff 63 50 e9 a5 15 00 00 0f 1f 44 00 00 48 8b 53
0x00000247f21f1063:   08 0f b7 52 2e 48 8b 0c d4 58 5b 50 44 8b 51 08
0x00000247f21f1073:   49 bb 00 00 00 80 47 02 00 00 4d 03 d3 8b 43 18
0x00000247f21f1083:   48 c1 e0 03 48 8b 40 10 48 8b 5b 10 45 8b 9a a0
0x00000247f21f1093:   00 00 00 4f 8d 9c da c0 01 00 00 4d 8d 14 da 49
0x00000247f21f10a3:   8b 1b 48 3b c3 74 15 48 85 db 0f 84 32 00 00 00
0x00000247f21f10b3:   49 83 c3 10 49 8b 1b 48 3b c3 75 eb 45 8b 5b 08
0x00000247f21f10c3:   4b 8b 1c 1a 48 85 db 0f 84 10 00 00 00 41 80 bf
0x00000247f21f10d3:   d8 05 00 00 00 74 03 ff 63 38 ff 63 50 e9 1b 15
0x00000247f21f10e3:   00 00 e9 16 12 00 00 f4 00 00 00 00 00 00 00 00
0x00000247f21f10f3:   00 00 00 00 00 00 00 00 00 00 00 00 00 00 00 00
0x00000247f21f1103:   00 00 00 00 00 00 00 00 00 00 00 00 00 00 00 00
0x00000247f21f1113:   00 00 00 00 00 00 00 00 00 00 00 00 00 00 00 00
0x00000247f21f1123:   00 00 00 00 00 00 00 00 00 00 00 00 00 00 00 00
0x00000247f21f1133:   00 00 00 00 00 00 00 00 00 00 00 00 00 00 00 00
0x00000247f21f1143:   00 00 00 00 00 00 00 00 00 00 00 00 00 00 00 00 


Stack slot to memory mapping:

stack at sp + 0 slots: 0x00000247f21c9086 is at code_begin+3078 in an Interpreter codelet
return entry points  [0x00000247f21c8480, 0x00000247f21ca298]  7704 bytes
stack at sp + 1 slots: 0x00000097005fd900 is pointing into the stack for thread: 0x00000247c67dc210
stack at sp + 2 slots: 0x000002478072e53f is pointing into metadata
stack at sp + 3 slots: 0x0000000000000004 is an unknown value
stack at sp + 4 slots: 0x00000247800b1828 is pointing into metadata
stack at sp + 5 slots: 0x0000000707622328 is an oop: java.lang.Class 
{0x0000000707622328} - klass: 'java/lang/Class'
 - ---- fields (total size 15 words):
 - private volatile transient 'classRedefinedCount' 'I' @12  0 (0x00000000)
 - injected 'klass' 'J' @16  2506144008192 (0x0000024781d2c800)
 - injected 'array_klass' 'J' @24  0 (0x0000000000000000)
 - injected 'oop_size' 'I' @32  15 (0x0000000f)
 - injected 'static_oop_field_count' 'I' @36  1 (0x00000001)
 - private volatile transient 'cachedConstructor' 'Ljava/lang/reflect/Constructor;' @40  null (0x00000000)
 - private transient 'name' 'Ljava/lang/String;' @44  "com.hpcl.controller.HomepageController"{0x0000000705999a70} (0xe0b3334e)
 - private transient 'module' 'Ljava/lang/Module;' @48  a 'java/lang/Module'{0x000000070761dff0} (0xe0ec3bfe)
 - private final 'classLoader' 'Ljava/lang/ClassLoader;' @52  a 'org/springframework/boot/devtools/restart/classloader/RestartClassLoader'{0x0000000707600080} (0xe0ec0010)
 - private transient 'classData' 'Ljava/lang/Object;' @56  null (0x00000000)
 - private transient 'packageName' 'Ljava/lang/String;' @60  "com.hpcl.controller"{0x0000000705999a30} (0xe0b33346)
 - private final 'componentType' 'Ljava/lang/Class;' @64  null (0x00000000)
 - private volatile transient 'reflectionData' 'Ljava/lang/ref/SoftReference;' @68  a 'java/lang/ref/SoftReference'{0x0000000707644a88} (0xe0ec8951)
 - private volatile transient 'genericInfo' 'Lsun/reflect/generics/repository/ClassRepository;' @72  null (0x00000000)
 - private volatile transient 'enumConstants' '[Ljava/lang/Object;' @76  null (0x00000000)
 - private volatile transient 'enumConstantDirectory' 'Ljava/util/Map;' @80  null (0x00000000)
 - private volatile transient 'annotationData' 'Ljava/lang/Class$AnnotationData;' @84  a 'java/lang/Class$AnnotationData'{0x0000000707644b00} (0xe0ec8960)
 - private volatile transient 'annotationType' 'Lsun/reflect/annotation/AnnotationType;' @88  null (0x00000000)
 - transient 'classValueMap' 'Ljava/lang/ClassValue$ClassValueMap;' @92  null (0x00000000)
 - injected 'protection_domain' 'Ljava/lang/Object;' @96  a 'java/security/ProtectionDomain'{0x000000070761e5a0} (0xe0ec3cb4)
 - injected 'signers_name' 'Ljava/lang/Object;' @100  null (0x00000000)
 - injected 'source_file' 'Ljava/lang/Object;' @104  null (0x00000000)
 - signature: Lcom/hpcl/controller/HomepageController;
 - ---- static fields (1):
 - private static final 'logger' 'Lorg/slf4j/Logger;' @112  null (0x00000000)
stack at sp + 6 slots: 0x0000000704aafb78 is an oop: java.lang.Class 
{0x0000000704aafb78} - klass: 'java/lang/Class'
 - ---- fields (total size 14 words):
 - private volatile transient 'classRedefinedCount' 'I' @12  0 (0x00000000)
 - injected 'klass' 'J' @16  2506114143232 (0x00000247800b1400)
 - injected 'array_klass' 'J' @24  0 (0x0000000000000000)
 - injected 'oop_size' 'I' @32  14 (0x0000000e)
 - injected 'static_oop_field_count' 'I' @36  0 (0x00000000)
 - private volatile transient 'cachedConstructor' 'Ljava/lang/reflect/Constructor;' @40  null (0x00000000)
 - private transient 'name' 'Ljava/lang/String;' @44  null (0x00000000)
 - private transient 'module' 'Ljava/lang/Module;' @48  a 'java/lang/Module'{0x0000000704a94d58} (0xe09529ab)
 - private final 'classLoader' 'Ljava/lang/ClassLoader;' @52  null (0x00000000)
 - private transient 'classData' 'Ljava/lang/Object;' @56  null (0x00000000)
 - private transient 'packageName' 'Ljava/lang/String;' @60  null (0x00000000)
 - private final 'componentType' 'Ljava/lang/Class;' @64  null (0x00000000)
 - private volatile transient 'reflectionData' 'Ljava/lang/ref/SoftReference;' @68  null (0x00000000)
 - private volatile transient 'genericInfo' 'Lsun/reflect/generics/repository/ClassRepository;' @72  null (0x00000000)
 - private volatile transient 'enumConstants' '[Ljava/lang/Object;' @76  null (0x00000000)
 - private volatile transient 'enumConstantDirectory' 'Ljava/util/Map;' @80  null (0x00000000)
 - private volatile transient 'annotationData' 'Ljava/lang/Class$AnnotationData;' @84  null (0x00000000)
 - private volatile transient 'annotationType' 'Lsun/reflect/annotation/AnnotationType;' @88  null (0x00000000)
 - transient 'classValueMap' 'Ljava/lang/ClassValue$ClassValueMap;' @92  null (0x00000000)
 - injected 'protection_domain' 'Ljava/lang/Object;' @96  null (0x00000000)
 - injected 'signers_name' 'Ljava/lang/Object;' @100  null (0x00000000)
 - injected 'source_file' 'Ljava/lang/Object;' @104  null (0x00000000)
 - signature: Ljava/lang/invoke/DirectMethodHandle$Holder;
 - ---- static fields (0):
stack at sp + 7 slots: {method} {0x00000247800b6378} 'newInvokeSpecial' '(Ljava/lang/Object;)Ljava/lang/Object;' in 'java/lang/invoke/DirectMethodHandle$Holder'

MethodHandle::interpreter_entry::_linkToSpecial [0x00000247f21f100c, 0x00000247f21f105b] (79 bytes)
[MachCode]
  0x00000247f21f100c: 6666 660f | 1f84 0000 | 0000 0066 | 6666 900f | 1f44 0000 | 488b 5308 | 0fb7 522e | 488b 0cd4 
  0x00000247f21f102c: 585b 5048 | 3b01 8b5b | 2448 c1e3 | 0348 8b5b | 1048 85db | 0f84 1000 | 0000 4180 | bfd8 0500 
  0x00000247f21f104c: 0000 7403 | ff63 38ff | 6350 e9a5 | 
[/MachCode]

---------------  P R O C E S S  ---------------

Threads class SMR info:
_java_thread_list=0x00000247cc6c3030, length=28, elements={
0x00000247fa5a9b80, 0x00000247fa5aa990, 0x00000247fa5abd60, 0x00000247fa5ad9f0,
0x00000247fa5ae7f0, 0x00000247fd172480, 0x00000247fd17d2f0, 0x00000247fd2cfef0,
0x00000247fd347c20, 0x00000247fd34d1c0, 0x00000247fd34d840, 0x00000247fde09420,
0x00000247fe04d510, 0x00000247fe059880, 0x00000247fe071e80, 0x00000247fe082570,
0x00000247fe090210, 0x00000247fe345c70, 0x00000247fe898f00, 0x00000247c67d8070,
0x00000247c67dbb80, 0x00000247c67d9420, 0x00000247fe899590, 0x00000247c67dc210,
0x00000247c67df690, 0x00000247c67dcf30, 0x00000247c67d9ab0, 0x00000247c67dd5c0
}

Java Threads: ( => current thread )
  0x00000247fa5a9b80 JavaThread "Reference Handler"          daemon [_thread_blocked, id=2828, stack(0x000000977d500000,0x000000977d600000) (1024K)]
  0x00000247fa5aa990 JavaThread "Finalizer"                  daemon [_thread_blocked, id=12188, stack(0x000000977d600000,0x000000977d700000) (1024K)]
  0x00000247fa5abd60 JavaThread "Signal Dispatcher"          daemon [_thread_blocked, id=9672, stack(0x000000977d700000,0x000000977d800000) (1024K)]
  0x00000247fa5ad9f0 JavaThread "Attach Listener"            daemon [_thread_blocked, id=19176, stack(0x000000977d800000,0x000000977d900000) (1024K)]
  0x00000247fa5ae7f0 JavaThread "Service Thread"             daemon [_thread_blocked, id=6420, stack(0x000000977d900000,0x000000977da00000) (1024K)]
  0x00000247fd172480 JavaThread "Monitor Deflation Thread"   daemon [_thread_blocked, id=20692, stack(0x000000977da00000,0x000000977db00000) (1024K)]
  0x00000247fd17d2f0 JavaThread "C1 CompilerThread0"         daemon [_thread_blocked, id=1348, stack(0x000000977db00000,0x000000977dc00000) (1024K)]
  0x00000247fd2cfef0 JavaThread "Common-Cleaner"             daemon [_thread_blocked, id=4844, stack(0x000000977dd00000,0x000000977de00000) (1024K)]
  0x00000247fd347c20 JavaThread "JDWP Transport Listener: dt_socket" daemon [_thread_blocked, id=14680, stack(0x000000977de00000,0x000000977df00000) (1024K)]
  0x00000247fd34d1c0 JavaThread "JDWP Event Helper Thread"   daemon [_thread_blocked, id=4160, stack(0x000000977df00000,0x000000977e000000) (1024K)]
  0x00000247fd34d840 JavaThread "JDWP Command Reader"        daemon [_thread_blocked, id=18076, stack(0x000000977e000000,0x000000977e100000) (1024K)]
  0x00000247fde09420 JavaThread "Notification Thread"        daemon [_thread_blocked, id=232, stack(0x000000977e100000,0x000000977e200000) (1024K)]
  0x00000247fe04d510 JavaThread "RMI TCP Accept-0"           daemon [_thread_in_native, id=1556, stack(0x000000977eb00000,0x000000977ec00000) (1024K)]
  0x00000247fe059880 JavaThread "RMI TCP Accept-50778"       daemon [_thread_in_native, id=11108, stack(0x000000977ec00000,0x000000977ed00000) (1024K)]
  0x00000247fe071e80 JavaThread "RMI TCP Accept-0"           daemon [_thread_in_native, id=1224, stack(0x000000977ed00000,0x000000977ee00000) (1024K)]
  0x00000247fe082570 JavaThread "RMI Scheduler(0)"           daemon [_thread_blocked, id=14332, stack(0x000000977ef00000,0x000000977f000000) (1024K)]
  0x00000247fe090210 JavaThread "RMI TCP Connection(idle)"   daemon [_thread_blocked, id=4184, stack(0x000000977f000000,0x000000977f100000) (1024K)]
  0x00000247fe345c70 JavaThread "JMX server connection timeout 38" daemon [_thread_blocked, id=1448, stack(0x000000977f100000,0x000000977f200000) (1024K)]
  0x00000247fe898f00 JavaThread "PostgreSQL-JDBC-Cleaner"    daemon [_thread_blocked, id=5836, stack(0x000000977fc00000,0x000000977fd00000) (1024K)]
  0x00000247c67d8070 JavaThread "Jndi-Dns-address-change-listener" daemon [_thread_in_native, id=8584, stack(0x000000977ff00000,0x0000009780000000) (1024K)]
  0x00000247c67dbb80 JavaThread "Live Reload Server"         daemon [_thread_in_native, id=21340, stack(0x0000009700300000,0x0000009700400000) (1024K)]
  0x00000247c67d9420 JavaThread "DestroyJavaVM"                     [_thread_blocked, id=13984, stack(0x000000977cd00000,0x000000977ce00000) (1024K)]
  0x00000247fe899590 JavaThread "Thread-7"                          [_thread_blocked, id=2052, stack(0x0000009700000000,0x0000009700100000) (1024K)]
=>0x00000247c67dc210 JavaThread "restartedMain"                     [_thread_in_Java, id=3676, stack(0x0000009700500000,0x0000009700600000) (1024K)]
  0x00000247c67df690 JavaThread "Catalina-utility-1"                [_thread_blocked, id=11416, stack(0x0000009700700000,0x0000009700800000) (1024K)]
  0x00000247c67dcf30 JavaThread "Catalina-utility-2"                [_thread_blocked, id=18536, stack(0x0000009700800000,0x0000009700900000) (1024K)]
  0x00000247c67d9ab0 JavaThread "container-0"                       [_thread_blocked, id=2136, stack(0x0000009700900000,0x0000009700a00000) (1024K)]
  0x00000247c67dd5c0 JavaThread "HikariPool-3 housekeeper"   daemon [_thread_blocked, id=1916, stack(0x0000009700a00000,0x0000009700b00000) (1024K)]
Total: 28

Other Threads:
  0x00000247fa58f800 VMThread "VM Thread"                           [id=20820, stack(0x000000977d400000,0x000000977d500000) (1024K)] _threads_hazard_ptr=0x00000247cc6c3030
  0x00000247fa57d3b0 WatcherThread "VM Periodic Task Thread"        [id=9012, stack(0x000000977d300000,0x000000977d400000) (1024K)]
  0x00000247e9dc51b0 WorkerThread "GC Thread#0"                     [id=12000, stack(0x000000977ce00000,0x000000977cf00000) (1024K)]
  0x00000247fdf5d2a0 WorkerThread "GC Thread#1"                     [id=8364, stack(0x000000977e400000,0x000000977e500000) (1024K)]
  0x00000247fdf5d640 WorkerThread "GC Thread#2"                     [id=19224, stack(0x000000977e500000,0x000000977e600000) (1024K)]
  0x00000247fdf5d9e0 WorkerThread "GC Thread#3"                     [id=18032, stack(0x000000977e600000,0x000000977e700000) (1024K)]
  0x00000247fdf5dd80 WorkerThread "GC Thread#4"                     [id=7724, stack(0x000000977e700000,0x000000977e800000) (1024K)]
  0x00000247fdf5e940 WorkerThread "GC Thread#5"                     [id=13740, stack(0x000000977e800000,0x000000977e900000) (1024K)]
  0x00000247fdf88430 WorkerThread "GC Thread#6"                     [id=20136, stack(0x000000977e900000,0x000000977ea00000) (1024K)]
  0x00000247fdf887d0 WorkerThread "GC Thread#7"                     [id=8520, stack(0x000000977ea00000,0x000000977eb00000) (1024K)]
  0x00000247fe442cf0 WorkerThread "GC Thread#8"                     [id=3292, stack(0x000000977f200000,0x000000977f300000) (1024K)]
  0x00000247fe4442b0 WorkerThread "GC Thread#9"                     [id=10540, stack(0x000000977f300000,0x000000977f400000) (1024K)]
  0x00000247fa3f2010 ConcurrentGCThread "G1 Main Marker"            [id=4052, stack(0x000000977cf00000,0x000000977d000000) (1024K)]
  0x00000247fa3f2b10 WorkerThread "G1 Conc#0"                       [id=11500, stack(0x000000977d000000,0x000000977d100000) (1024K)]
  0x00000247fe443f10 WorkerThread "G1 Conc#1"                       [id=21436, stack(0x000000977f600000,0x000000977f700000) (1024K)]
  0x00000247fea98a80 WorkerThread "G1 Conc#2"                       [id=7112, stack(0x000000977f700000,0x000000977f800000) (1024K)]
  0x00000247fa453560 ConcurrentGCThread "G1 Refine#0"               [id=11816, stack(0x000000977d100000,0x000000977d200000) (1024K)]
  0x00000247fa453f70 ConcurrentGCThread "G1 Service"                [id=21412, stack(0x000000977d200000,0x000000977d300000) (1024K)]
Total: 18

Threads with active compile tasks:
Total: 0

VM state: synchronizing (normal execution)

VM Mutex/Monitor currently owned by a thread:  ([mutex/lock_event])
[0x00007ffc6683be98] Threads_lock - owner thread: 0x00000247fa58f800

Heap address: 0x0000000704400000, size: 4028 MB, Compressed Oops mode: Zero based, Oop shift amount: 3

CDS archive(s) mapped at: [0x0000024780000000-0x0000024780c90000-0x0000024780c90000), size 13172736, SharedBaseAddress: 0x0000024780000000, ArchiveRelocationMode: 1.
Compressed class space mapped at: 0x0000024781000000-0x00000247c1000000, reserved size: 1073741824
Narrow klass base: 0x0000024780000000, Narrow klass shift: 0, Narrow klass range: 0x100000000

GC Precious Log:
 CardTable entry size: 512
 Card Set container configuration: InlinePtr #cards 4 size 8 Array Of Cards #cards 16 size 48 Howl #buckets 8 coarsen threshold 3686 Howl Bitmap #cards 512 size 80 coarsen threshold 460 Card regions per heap region 1 cards per card region 4096
 CPUs: 12 total, 12 available
 Memory: 16107M
 Large Page Support: Disabled
 NUMA Support: Disabled
 Compressed Oops: Enabled (Zero based)
 Heap Region Size: 2M
 Heap Min Capacity: 8M
 Heap Initial Capacity: 252M
 Heap Max Capacity: 4028M
 Pre-touch: Disabled
 Parallel Workers: 10
 Concurrent Workers: 3
 Concurrent Refinement Workers: 10
 Periodic GC: Disabled

Heap:
 garbage-first heap   total 131072K, used 80310K [0x0000000704400000, 0x0000000800000000)
  region size 2048K, 22 young (45056K), 3 survivors (6144K)
 Metaspace       used 97706K, committed 98560K, reserved 1179648K
  class space    used 13239K, committed 13632K, reserved 1048576K

Heap Regions: E=young(eden), S=young(survivor), O=old, HS=humongous(starts), HC=humongous(continues), CS=collection set, F=free, TAMS=top-at-mark-start, PB=parsable bottom
|   0|0x0000000704400000, 0x0000000704600000, 0x0000000704600000|100%| O|  |TAMS 0x0000000704400000| PB 0x0000000704400000| Untracked 
|   1|0x0000000704600000, 0x0000000704800000, 0x0000000704800000|100%| O|  |TAMS 0x0000000704600000| PB 0x0000000704600000| Untracked 
|   2|0x0000000704800000, 0x0000000704a00000, 0x0000000704a00000|100%| O|  |TAMS 0x0000000704800000| PB 0x0000000704800000| Untracked 
|   3|0x0000000704a00000, 0x0000000704bffff0, 0x0000000704c00000| 99%| O|  |TAMS 0x0000000704a00000| PB 0x0000000704a00000| Untracked 
|   4|0x0000000704c00000, 0x0000000704e00000, 0x0000000704e00000|100%| O|  |TAMS 0x0000000704c00000| PB 0x0000000704c00000| Untracked 
|   5|0x0000000704e00000, 0x0000000704fffff8, 0x0000000705000000| 99%| O|  |TAMS 0x0000000704e00000| PB 0x0000000704e00000| Untracked 
|   6|0x0000000705000000, 0x0000000705200000, 0x0000000705200000|100%| O|  |TAMS 0x0000000705000000| PB 0x0000000705000000| Untracked 
|   7|0x0000000705200000, 0x00000007053fffd8, 0x0000000705400000| 99%| O|  |TAMS 0x0000000705200000| PB 0x0000000705200000| Untracked 
|   8|0x0000000705400000, 0x00000007055ffff8, 0x0000000705600000| 99%| O|  |TAMS 0x0000000705400000| PB 0x0000000705400000| Untracked 
|   9|0x0000000705600000, 0x00000007057fffe0, 0x0000000705800000| 99%| O|  |TAMS 0x0000000705600000| PB 0x0000000705600000| Untracked 
|  10|0x0000000705800000, 0x00000007059ffff8, 0x0000000705a00000| 99%| O|  |TAMS 0x0000000705800000| PB 0x0000000705800000| Untracked 
|  11|0x0000000705a00000, 0x0000000705bfffe8, 0x0000000705c00000| 99%| O|  |TAMS 0x0000000705a00000| PB 0x0000000705a00000| Untracked 
|  12|0x0000000705c00000, 0x0000000705daa098, 0x0000000705e00000| 83%| O|  |TAMS 0x0000000705c00000| PB 0x0000000705c00000| Untracked 
|  13|0x0000000705e00000, 0x0000000705fffff0, 0x0000000706000000| 99%| O|  |TAMS 0x0000000705e00000| PB 0x0000000705e00000| Untracked 
|  14|0x0000000706000000, 0x0000000706200000, 0x0000000706200000|100%| O|  |TAMS 0x0000000706000000| PB 0x0000000706000000| Untracked 
|  15|0x0000000706200000, 0x00000007063ffff8, 0x0000000706400000| 99%| O|  |TAMS 0x0000000706200000| PB 0x0000000706200000| Untracked 
|  16|0x0000000706400000, 0x0000000706600000, 0x0000000706600000|100%| O|  |TAMS 0x0000000706400000| PB 0x0000000706400000| Untracked 
|  17|0x0000000706600000, 0x00000007066c72c8, 0x0000000706800000| 38%| O|  |TAMS 0x0000000706600000| PB 0x0000000706600000| Untracked 
|  18|0x0000000706800000, 0x0000000706901630, 0x0000000706a00000| 50%| O|  |TAMS 0x0000000706800000| PB 0x0000000706800000| Untracked 
|  19|0x0000000706a00000, 0x0000000706a00000, 0x0000000706c00000|  0%| F|  |TAMS 0x0000000706a00000| PB 0x0000000706a00000| Untracked 
|  20|0x0000000706c00000, 0x0000000706d195c0, 0x0000000706e00000| 54%| O|  |TAMS 0x0000000706c00000| PB 0x0000000706c00000| Untracked 
|  21|0x0000000706e00000, 0x0000000706e20490, 0x0000000707000000|  6%| O|Cm|TAMS 0x0000000706e00000| PB 0x0000000706e00000| Complete 
|  22|0x0000000707000000, 0x0000000707000000, 0x0000000707200000|  0%| F|  |TAMS 0x0000000707000000| PB 0x0000000707000000| Untracked 
|  23|0x0000000707200000, 0x00000007073c16a0, 0x0000000707400000| 87%| S|CS|TAMS 0x0000000707200000| PB 0x0000000707200000| Complete 
|  24|0x0000000707400000, 0x0000000707600000, 0x0000000707600000|100%| S|CS|TAMS 0x0000000707400000| PB 0x0000000707400000| Complete 
|  25|0x0000000707600000, 0x0000000707800000, 0x0000000707800000|100%| S|CS|TAMS 0x0000000707600000| PB 0x0000000707600000| Complete 
|  26|0x0000000707800000, 0x0000000707800000, 0x0000000707a00000|  0%| F|  |TAMS 0x0000000707800000| PB 0x0000000707800000| Untracked 
|  27|0x0000000707a00000, 0x0000000707a00000, 0x0000000707c00000|  0%| F|  |TAMS 0x0000000707a00000| PB 0x0000000707a00000| Untracked 
|  28|0x0000000707c00000, 0x0000000707c00000, 0x0000000707e00000|  0%| F|  |TAMS 0x0000000707c00000| PB 0x0000000707c00000| Untracked 
|  29|0x0000000707e00000, 0x0000000707e00000, 0x0000000708000000|  0%| F|  |TAMS 0x0000000707e00000| PB 0x0000000707e00000| Untracked 
|  30|0x0000000708000000, 0x0000000708000000, 0x0000000708200000|  0%| F|  |TAMS 0x0000000708000000| PB 0x0000000708000000| Untracked 
|  31|0x0000000708200000, 0x0000000708200000, 0x0000000708400000|  0%| F|  |TAMS 0x0000000708200000| PB 0x0000000708200000| Untracked 
|  32|0x0000000708400000, 0x0000000708400000, 0x0000000708600000|  0%| F|  |TAMS 0x0000000708400000| PB 0x0000000708400000| Untracked 
|  33|0x0000000708600000, 0x0000000708600000, 0x0000000708800000|  0%| F|  |TAMS 0x0000000708600000| PB 0x0000000708600000| Untracked 
|  34|0x0000000708800000, 0x0000000708800000, 0x0000000708a00000|  0%| F|  |TAMS 0x0000000708800000| PB 0x0000000708800000| Untracked 
|  35|0x0000000708a00000, 0x0000000708a00000, 0x0000000708c00000|  0%| F|  |TAMS 0x0000000708a00000| PB 0x0000000708a00000| Untracked 
|  36|0x0000000708c00000, 0x0000000708c00000, 0x0000000708e00000|  0%| F|  |TAMS 0x0000000708c00000| PB 0x0000000708c00000| Untracked 
|  37|0x0000000708e00000, 0x0000000708e00000, 0x0000000709000000|  0%| F|  |TAMS 0x0000000708e00000| PB 0x0000000708e00000| Untracked 
|  38|0x0000000709000000, 0x0000000709000000, 0x0000000709200000|  0%| F|  |TAMS 0x0000000709000000| PB 0x0000000709000000| Untracked 
|  39|0x0000000709200000, 0x0000000709200000, 0x0000000709400000|  0%| F|  |TAMS 0x0000000709200000| PB 0x0000000709200000| Untracked 
|  40|0x0000000709400000, 0x0000000709400000, 0x0000000709600000|  0%| F|  |TAMS 0x0000000709400000| PB 0x0000000709400000| Untracked 
|  41|0x0000000709600000, 0x0000000709600000, 0x0000000709800000|  0%| F|  |TAMS 0x0000000709600000| PB 0x0000000709600000| Untracked 
|  42|0x0000000709800000, 0x0000000709800000, 0x0000000709a00000|  0%| F|  |TAMS 0x0000000709800000| PB 0x0000000709800000| Untracked 
|  43|0x0000000709a00000, 0x0000000709a00000, 0x0000000709c00000|  0%| F|  |TAMS 0x0000000709a00000| PB 0x0000000709a00000| Untracked 
|  44|0x0000000709c00000, 0x0000000709c00000, 0x0000000709e00000|  0%| F|  |TAMS 0x0000000709c00000| PB 0x0000000709c00000| Untracked 
|  45|0x0000000709e00000, 0x0000000709fee4e0, 0x000000070a000000| 96%| E|  |TAMS 0x0000000709e00000| PB 0x0000000709e00000| Complete 
|  46|0x000000070a000000, 0x000000070a200000, 0x000000070a200000|100%| E|CS|TAMS 0x000000070a000000| PB 0x000000070a000000| Complete 
|  47|0x000000070a200000, 0x000000070a400000, 0x000000070a400000|100%| E|CS|TAMS 0x000000070a200000| PB 0x000000070a200000| Complete 
|  48|0x000000070a400000, 0x000000070a600000, 0x000000070a600000|100%| E|CS|TAMS 0x000000070a400000| PB 0x000000070a400000| Complete 
|  49|0x000000070a600000, 0x000000070a800000, 0x000000070a800000|100%| E|CS|TAMS 0x000000070a600000| PB 0x000000070a600000| Complete 
|  50|0x000000070a800000, 0x000000070aa00000, 0x000000070aa00000|100%| E|CS|TAMS 0x000000070a800000| PB 0x000000070a800000| Complete 
|  51|0x000000070aa00000, 0x000000070ac00000, 0x000000070ac00000|100%| E|CS|TAMS 0x000000070aa00000| PB 0x000000070aa00000| Complete 
|  52|0x000000070ac00000, 0x000000070ae00000, 0x000000070ae00000|100%| E|CS|TAMS 0x000000070ac00000| PB 0x000000070ac00000| Complete 
|  53|0x000000070ae00000, 0x000000070b000000, 0x000000070b000000|100%| E|CS|TAMS 0x000000070ae00000| PB 0x000000070ae00000| Complete 
|  54|0x000000070b000000, 0x000000070b200000, 0x000000070b200000|100%| E|CS|TAMS 0x000000070b000000| PB 0x000000070b000000| Complete 
|  55|0x000000070b200000, 0x000000070b400000, 0x000000070b400000|100%| E|CS|TAMS 0x000000070b200000| PB 0x000000070b200000| Complete 
|  56|0x000000070b400000, 0x000000070b600000, 0x000000070b600000|100%| E|CS|TAMS 0x000000070b400000| PB 0x000000070b400000| Complete 
|  57|0x000000070b600000, 0x000000070b800000, 0x000000070b800000|100%| E|CS|TAMS 0x000000070b600000| PB 0x000000070b600000| Complete 
|  58|0x000000070b800000, 0x000000070ba00000, 0x000000070ba00000|100%| E|CS|TAMS 0x000000070b800000| PB 0x000000070b800000| Complete 
|  59|0x000000070ba00000, 0x000000070bc00000, 0x000000070bc00000|100%| E|CS|TAMS 0x000000070ba00000| PB 0x000000070ba00000| Complete 
|  60|0x000000070bc00000, 0x000000070be00000, 0x000000070be00000|100%| E|CS|TAMS 0x000000070bc00000| PB 0x000000070bc00000| Complete 
|  61|0x000000070be00000, 0x000000070c000000, 0x000000070c000000|100%| E|CS|TAMS 0x000000070be00000| PB 0x000000070be00000| Complete 
|  62|0x000000070c000000, 0x000000070c200000, 0x000000070c200000|100%| E|CS|TAMS 0x000000070c000000| PB 0x000000070c000000| Complete 
|  63|0x000000070c200000, 0x000000070c400000, 0x000000070c400000|100%| E|CS|TAMS 0x000000070c200000| PB 0x000000070c200000| Complete 

Card table byte_map: [0x00000247f5ce0000,0x00000247f64c0000] _byte_map_base: 0x00000247f24be000

Marking Bits: (CMBitMap*) 0x00000247e9dc58b0
 Bits: [0x00000247f64c0000, 0x00000247fa3b0000)

Polling page: 0x00000247e7c60000

Metaspace:

Usage:
  Non-class:     82.49 MB used.
      Class:     12.93 MB used.
       Both:     95.42 MB used.

Virtual space:
  Non-class space:      128.00 MB reserved,      82.94 MB ( 65%) committed,  2 nodes.
      Class space:        1.00 GB reserved,      13.31 MB (  1%) committed,  1 nodes.
             Both:        1.12 GB reserved,      96.25 MB (  8%) committed. 

Chunk freelists:
   Non-Class:  12.95 MB
       Class:  2.52 MB
        Both:  15.47 MB

MaxMetaspaceSize: unlimited
CompressedClassSpaceSize: 1.00 GB
Initial GC threshold: 21.00 MB
Current GC threshold: 160.25 MB
CDS: on
 - commit_granule_bytes: 65536.
 - commit_granule_words: 8192.
 - virtual_space_node_default_size: 8388608.
 - enlarge_chunks_in_place: 1.
 - use_allocation_guard: 0.


Internal statistics:

num_allocs_failed_limit: 11.
num_arena_births: 2114.
num_arena_deaths: 972.
num_vsnodes_births: 3.
num_vsnodes_deaths: 0.
num_space_committed: 1543.
num_space_uncommitted: 2.
num_chunks_returned_to_freelist: 1200.
num_chunks_taken_from_freelist: 5914.
num_chunk_merges: 228.
num_chunk_splits: 3836.
num_chunks_enlarged: 2949.
num_inconsistent_stats: 0.

CodeCache: size=49152Kb used=19053Kb max_used=20742Kb free=30098Kb
 bounds [0x00000247f21c0000, 0x00000247f3610000, 0x00000247f51c0000]
 total_blobs=9612 nmethods=8822 adapters=712
 compilation: enabled
              stopped_count=0, restarted_count=0
 full_count=0

Compilation events (20 events):
Event: 2906.211 Thread 0x00000247fd17d2f0 12466       1       org.postgresql.shaded.com.ongres.stringprep.StringPrep::prohibitionNonAsciiControl (141 bytes)
Event: 2906.211 Thread 0x00000247fe558d40 nmethod 12462 0x00000247f35fe790 code [0x00000247f35fe920, 0x00000247f35feb20]
Event: 2906.211 Thread 0x00000247fe558670 12467       1       org.postgresql.shaded.com.ongres.stringprep.StringPrep::prohibitionPrivateUse (42 bytes)
Event: 2906.211 Thread 0x00000247fe558d40 12468       1       org.postgresql.shaded.com.ongres.stringprep.StringPrep::prohibitionNonCharacterCodePoints (255 bytes)
Event: 2906.211 Thread 0x00000247fe558670 nmethod 12467 0x00000247f35feb90 code [0x00000247f35fed20, 0x00000247f35fee28]
Event: 2906.211 Thread 0x00000247fe558670 12469       1       org.postgresql.shaded.com.ongres.stringprep.StringPrep::prohibitionSurrogateCodes (20 bytes)
Event: 2906.211 Thread 0x00000247fe558670 nmethod 12469 0x00000247f35fee90 code [0x00000247f35ff020, 0x00000247f35ff0f0]
Event: 2906.211 Thread 0x00000247fe558670 12470       1       org.postgresql.shaded.com.ongres.stringprep.StringPrep::prohibitionInappropriatePlainText (39 bytes)
Event: 2906.211 Thread 0x00000247fe558670 nmethod 12470 0x00000247f35ff190 code [0x00000247f35ff320, 0x00000247f35ff418]
Event: 2906.211 Thread 0x00000247fe558670 12471       1       org.postgresql.shaded.com.ongres.stringprep.StringPrep::bidirectionalPropertyRorAL (405 bytes)
Event: 2906.211 Thread 0x00000247fd17d2f0 nmethod 12466 0x00000247f35ff490 code [0x00000247f35ff620, 0x00000247f35ff7d0]
Event: 2906.211 Thread 0x00000247fe557fa0 nmethod 12463 0x00000247f35ff890 code [0x00000247f35ffac0, 0x00000247f3600330]
Event: 2906.211 Thread 0x00000247fe558670 nmethod 12471 0x00000247f3600710 code [0x00000247f36008a0, 0x00000247f3600c10]
Event: 2906.211 Thread 0x00000247fe558d40 nmethod 12468 0x00000247f3600c90 code [0x00000247f3600e20, 0x00000247f3601090]
Event: 2906.218 Thread 0x00000247fd17d2f0 12473       1       org.postgresql.shaded.com.ongres.scram.common.ScramAttributeValue::<init> (15 bytes)
Event: 2906.218 Thread 0x00000247fe557fa0 12472       1       java.lang.StringBuffer::<init> (7 bytes)
Event: 2906.218 Thread 0x00000247fe557fa0 nmethod 12472 0x00000247f3601110 code [0x00000247f36012a0, 0x00000247f3601390]
Event: 2906.218 Thread 0x00000247fd17d2f0 nmethod 12473 0x00000247f3601410 code [0x00000247f36015c0, 0x00000247f3601720]
Event: 2940.855 Thread 0x00000247fd17d2f0 12474       1       jdk.internal.util.ByteArray::setLong (10 bytes)
Event: 2940.855 Thread 0x00000247fd17d2f0 nmethod 12474 0x00000247f334a490 code [0x00000247f334a640, 0x00000247f334a798]

GC Heap History (20 events):
Event: 1172.263 GC heap before
{Heap before GC invocations=31 (full 0):
 garbage-first heap   total 147456K, used 125533K [0x0000000704400000, 0x0000000800000000)
  region size 2048K, 43 young (88064K), 3 survivors (6144K)
 Metaspace       used 96444K, committed 97664K, reserved 1179648K
  class space    used 13035K, committed 13568K, reserved 1048576K
}
Event: 1172.272 GC heap after
{Heap after GC invocations=32 (full 0):
 garbage-first heap   total 147456K, used 45475K [0x0000000704400000, 0x0000000800000000)
  region size 2048K, 3 young (6144K), 3 survivors (6144K)
 Metaspace       used 96444K, committed 97664K, reserved 1179648K
  class space    used 13035K, committed 13568K, reserved 1048576K
}
Event: 1594.302 GC heap before
{Heap before GC invocations=32 (full 0):
 garbage-first heap   total 147456K, used 125347K [0x0000000704400000, 0x0000000800000000)
  region size 2048K, 43 young (88064K), 3 survivors (6144K)
 Metaspace       used 96458K, committed 97664K, reserved 1179648K
  class space    used 13039K, committed 13568K, reserved 1048576K
}
Event: 1594.306 GC heap after
{Heap after GC invocations=33 (full 0):
 garbage-first heap   total 147456K, used 45688K [0x0000000704400000, 0x0000000800000000)
  region size 2048K, 4 young (8192K), 4 survivors (8192K)
 Metaspace       used 96458K, committed 97664K, reserved 1179648K
  class space    used 13039K, committed 13568K, reserved 1048576K
}
Event: 1954.163 GC heap before
{Heap before GC invocations=33 (full 0):
 garbage-first heap   total 147456K, used 125560K [0x0000000704400000, 0x0000000800000000)
  region size 2048K, 43 young (88064K), 4 survivors (8192K)
 Metaspace       used 96524K, committed 97728K, reserved 1179648K
  class space    used 13042K, committed 13568K, reserved 1048576K
}
Event: 1954.169 GC heap after
{Heap after GC invocations=34 (full 0):
 garbage-first heap   total 147456K, used 44769K [0x0000000704400000, 0x0000000800000000)
  region size 2048K, 3 young (6144K), 3 survivors (6144K)
 Metaspace       used 96524K, committed 97728K, reserved 1179648K
  class space    used 13042K, committed 13568K, reserved 1048576K
}
Event: 2220.185 GC heap before
{Heap before GC invocations=35 (full 0):
 garbage-first heap   total 147456K, used 110305K [0x0000000704400000, 0x0000000800000000)
  region size 2048K, 36 young (73728K), 3 survivors (6144K)
 Metaspace       used 96985K, committed 97920K, reserved 1179648K
  class space    used 13128K, committed 13568K, reserved 1048576K
}
Event: 2220.213 GC heap after
{Heap after GC invocations=36 (full 1):
 garbage-first heap   total 131072K, used 33670K [0x0000000704400000, 0x0000000800000000)
  region size 2048K, 0 young (0K), 0 survivors (0K)
 Metaspace       used 96739K, committed 97856K, reserved 1179648K
  class space    used 13098K, committed 13568K, reserved 1048576K
}
Event: 2220.780 GC heap before
{Heap before GC invocations=36 (full 1):
 garbage-first heap   total 131072K, used 109446K [0x0000000704400000, 0x0000000800000000)
  region size 2048K, 38 young (77824K), 0 survivors (0K)
 Metaspace       used 96981K, committed 97856K, reserved 1179648K
  class space    used 13156K, committed 13568K, reserved 1048576K
}
Event: 2220.783 GC heap after
{Heap after GC invocations=37 (full 1):
 garbage-first heap   total 131072K, used 39775K [0x0000000704400000, 0x0000000800000000)
  region size 2048K, 3 young (6144K), 3 survivors (6144K)
 Metaspace       used 96981K, committed 97856K, reserved 1179648K
  class space    used 13156K, committed 13568K, reserved 1048576K
}
Event: 2241.455 GC heap before
{Heap before GC invocations=38 (full 1):
 garbage-first heap   total 131072K, used 111455K [0x0000000704400000, 0x0000000800000000)
  region size 2048K, 38 young (77824K), 3 survivors (6144K)
 Metaspace       used 97402K, committed 98304K, reserved 1179648K
  class space    used 13220K, committed 13632K, reserved 1048576K
}
Event: 2241.459 GC heap after
{Heap after GC invocations=39 (full 1):
 garbage-first heap   total 131072K, used 44933K [0x0000000704400000, 0x0000000800000000)
  region size 2048K, 4 young (8192K), 4 survivors (8192K)
 Metaspace       used 97402K, committed 98304K, reserved 1179648K
  class space    used 13220K, committed 13632K, reserved 1048576K
}
Event: 2611.435 GC heap before
{Heap before GC invocations=39 (full 1):
 garbage-first heap   total 131072K, used 106373K [0x0000000704400000, 0x0000000800000000)
  region size 2048K, 34 young (69632K), 4 survivors (8192K)
 Metaspace       used 97412K, committed 98304K, reserved 1179648K
  class space    used 13221K, committed 13632K, reserved 1048576K
}
Event: 2611.445 GC heap after
{Heap after GC invocations=40 (full 1):
 garbage-first heap   total 131072K, used 46223K [0x0000000704400000, 0x0000000800000000)
  region size 2048K, 1 young (2048K), 1 survivors (2048K)
 Metaspace       used 97412K, committed 98304K, reserved 1179648K
  class space    used 13221K, committed 13632K, reserved 1048576K
}
Event: 2744.188 GC heap before
{Heap before GC invocations=40 (full 1):
 garbage-first heap   total 131072K, used 113807K [0x0000000704400000, 0x0000000800000000)
  region size 2048K, 35 young (71680K), 1 survivors (2048K)
 Metaspace       used 97572K, committed 98432K, reserved 1179648K
  class space    used 13231K, committed 13632K, reserved 1048576K
}
Event: 2744.194 GC heap after
{Heap after GC invocations=41 (full 1):
 garbage-first heap   total 131072K, used 46341K [0x0000000704400000, 0x0000000800000000)
  region size 2048K, 1 young (2048K), 1 survivors (2048K)
 Metaspace       used 97572K, committed 98432K, reserved 1179648K
  class space    used 13231K, committed 13632K, reserved 1048576K
}
Event: 2904.592 GC heap before
{Heap before GC invocations=42 (full 1):
 garbage-first heap   total 131072K, used 89349K [0x0000000704400000, 0x0000000800000000)
  region size 2048K, 23 young (47104K), 1 survivors (2048K)
 Metaspace       used 97374K, committed 98496K, reserved 1179648K
  class space    used 13172K, committed 13632K, reserved 1048576K
}
Event: 2904.660 GC heap after
{Heap after GC invocations=43 (full 2):
 garbage-first heap   total 131072K, used 37552K [0x0000000704400000, 0x0000000800000000)
  region size 2048K, 0 young (0K), 0 survivors (0K)
 Metaspace       used 97199K, committed 98368K, reserved 1179648K
  class space    used 13157K, committed 13632K, reserved 1048576K
}
Event: 2905.552 GC heap before
{Heap before GC invocations=43 (full 2):
 garbage-first heap   total 131072K, used 113328K [0x0000000704400000, 0x0000000800000000)
  region size 2048K, 38 young (77824K), 0 survivors (0K)
 Metaspace       used 97431K, committed 98368K, reserved 1179648K
  class space    used 13212K, committed 13632K, reserved 1048576K
}
Event: 2905.555 GC heap after
{Heap after GC invocations=44 (full 2):
 garbage-first heap   total 131072K, used 43446K [0x0000000704400000, 0x0000000800000000)
  region size 2048K, 3 young (6144K), 3 survivors (6144K)
 Metaspace       used 97431K, committed 98368K, reserved 1179648K
  class space    used 13212K, committed 13632K, reserved 1048576K
}

Dll operation events (12 events):
Event: 0.007 Loaded shared library C:\Program Files\Java\jdk-21\bin\java.dll
Event: 0.212 Loaded shared library C:\Program Files\Java\jdk-21\bin\zip.dll
Event: 0.215 Loaded shared library C:\Program Files\Java\jdk-21\bin\instrument.dll
Event: 0.217 Loaded shared library C:\Program Files\Java\jdk-21\bin\net.dll
Event: 0.218 Loaded shared library C:\Program Files\Java\jdk-21\bin\nio.dll
Event: 0.220 Loaded shared library C:\Program Files\Java\jdk-21\bin\zip.dll
Event: 0.324 Loaded shared library C:\Program Files\Java\jdk-21\bin\jimage.dll
Event: 0.347 Loaded shared library C:\Program Files\Java\jdk-21\bin\management.dll
Event: 0.353 Loaded shared library C:\Program Files\Java\jdk-21\bin\management_ext.dll
Event: 0.474 Loaded shared library C:\Program Files\Java\jdk-21\bin\extnet.dll
Event: 0.487 Loaded shared library C:\Program Files\Java\jdk-21\bin\verify.dll
Event: 1.573 Loaded shared library C:\Program Files\Java\jdk-21\bin\sunmscapi.dll

Deoptimization events (20 events):
Event: 2905.973 Thread 0x00000247c67dc210 DEOPT PACKING pc=0x00000247f2c6157c sp=0x00000097005fae60
Event: 2905.973 Thread 0x00000247c67dc210 DEOPT UNPACKING pc=0x00000247f2214e42 sp=0x00000097005fa370 mode 1
Event: 2905.973 Thread 0x00000247c67dc210 DEOPT PACKING pc=0x00000247f35f51d4 sp=0x00000097005fb010
Event: 2905.973 Thread 0x00000247c67dc210 DEOPT UNPACKING pc=0x00000247f2214e42 sp=0x00000097005fa4e8 mode 1
Event: 2940.855 Thread 0x00000247fe090210 DEOPT PACKING pc=0x00000247f2de0474 sp=0x000000977f0fe0a0
Event: 2940.855 Thread 0x00000247fe090210 DEOPT UNPACKING pc=0x00000247f2214e42 sp=0x000000977f0fd608 mode 1
Event: 2940.855 Thread 0x00000247fe090210 DEOPT PACKING pc=0x00000247f2de0474 sp=0x000000977f0fe0a0
Event: 2940.855 Thread 0x00000247fe090210 DEOPT UNPACKING pc=0x00000247f2214e42 sp=0x000000977f0fd608 mode 1
Event: 2940.855 Thread 0x00000247fe090210 DEOPT PACKING pc=0x00000247f2de0474 sp=0x000000977f0fe0a0
Event: 2940.855 Thread 0x00000247fe090210 DEOPT UNPACKING pc=0x00000247f2214e42 sp=0x000000977f0fd608 mode 1
Event: 2940.856 Thread 0x00000247fe090210 DEOPT PACKING pc=0x00000247f2de0474 sp=0x000000977f0fe0a0
Event: 2940.856 Thread 0x00000247fe090210 DEOPT UNPACKING pc=0x00000247f2214e42 sp=0x000000977f0fd608 mode 1
Event: 2940.856 Thread 0x00000247fe090210 DEOPT PACKING pc=0x00000247f2de0474 sp=0x000000977f0fe0a0
Event: 2940.856 Thread 0x00000247fe090210 DEOPT UNPACKING pc=0x00000247f2214e42 sp=0x000000977f0fd608 mode 1
Event: 2940.856 Thread 0x00000247fe090210 DEOPT PACKING pc=0x00000247f2de0474 sp=0x000000977f0fe0a0
Event: 2940.856 Thread 0x00000247fe090210 DEOPT UNPACKING pc=0x00000247f2214e42 sp=0x000000977f0fd608 mode 1
Event: 2940.856 Thread 0x00000247fe090210 DEOPT PACKING pc=0x00000247f2de0474 sp=0x000000977f0fe0a0
Event: 2940.856 Thread 0x00000247fe090210 DEOPT UNPACKING pc=0x00000247f2214e42 sp=0x000000977f0fd608 mode 1
Event: 2952.545 Thread 0x00000247c67dc210 DEOPT PACKING pc=0x00000247f261f794 sp=0x00000097005fd900
Event: 2952.545 Thread 0x00000247c67dc210 DEOPT UNPACKING pc=0x00000247f2214e42 sp=0x00000097005fcdb8 mode 0

Classes loaded (20 events):
Event: 2220.160 Loading class java/util/concurrent/ConcurrentHashMap$EntrySpliterator
Event: 2220.160 Loading class java/util/concurrent/ConcurrentHashMap$EntrySpliterator done
Event: 2220.183 Loading class java/util/WeakHashMap$KeyIterator
Event: 2220.183 Loading class java/util/WeakHashMap$KeyIterator done
Event: 2220.213 Loading class java/lang/ref/Finalizer$2
Event: 2220.214 Loading class java/lang/ref/Finalizer$2 done
Event: 2220.214 Loading class java/lang/ref/Finalizer$1
Event: 2220.214 Loading class java/lang/ref/Finalizer$1 done
Event: 2220.668 Loading class java/time/DurationEditor
Event: 2220.668 Loading class java/time/DurationEditor done
Event: 2638.640 Loading class java/lang/ObjectBeanInfo
Event: 2638.640 Loading class java/lang/ObjectBeanInfo done
Event: 2638.641 Loading class java/lang/ObjectBeanInfo
Event: 2638.641 Loading class java/lang/ObjectBeanInfo done
Event: 2638.641 Loading class java/lang/ObjectCustomizer
Event: 2638.641 Loading class java/lang/ObjectCustomizer done
Event: 2638.641 Loading class java/lang/ObjectCustomizer
Event: 2638.641 Loading class java/lang/ObjectCustomizer done
Event: 2905.437 Loading class java/time/DurationEditor
Event: 2905.437 Loading class java/time/DurationEditor done

Classes unloaded (20 events):
Event: 2904.607 Thread 0x00000247fa58f800 Unloading class 0x00000247810cac00 'java/lang/invoke/LambdaForm$MH+0x00000247810cac00'
Event: 2904.607 Thread 0x00000247fa58f800 Unloading class 0x00000247810d0c00 'java/lang/invoke/LambdaForm$MH+0x00000247810d0c00'
Event: 2904.607 Thread 0x00000247fa58f800 Unloading class 0x00000247810d1400 'java/lang/invoke/LambdaForm$MH+0x00000247810d1400'
Event: 2904.607 Thread 0x00000247fa58f800 Unloading class 0x00000247810d2400 'java/lang/invoke/LambdaForm$MH+0x00000247810d2400'
Event: 2904.607 Thread 0x00000247fa58f800 Unloading class 0x00000247810da400 'java/lang/invoke/LambdaForm$MH+0x00000247810da400'
Event: 2904.607 Thread 0x00000247fa58f800 Unloading class 0x00000247810da800 'java/lang/invoke/LambdaForm$MH+0x00000247810da800'
Event: 2904.607 Thread 0x00000247fa58f800 Unloading class 0x00000247810db800 'java/lang/invoke/LambdaForm$MH+0x00000247810db800'
Event: 2904.607 Thread 0x00000247fa58f800 Unloading class 0x00000247810dc400 'java/lang/invoke/LambdaForm$MH+0x00000247810dc400'
Event: 2904.607 Thread 0x00000247fa58f800 Unloading class 0x00000247810dd800 'java/lang/invoke/LambdaForm$MH+0x00000247810dd800'
Event: 2904.607 Thread 0x00000247fa58f800 Unloading class 0x0000024781108000 'java/lang/invoke/LambdaForm$DMH+0x0000024781108000'
Event: 2904.607 Thread 0x00000247fa58f800 Unloading class 0x0000024781109400 'java/lang/invoke/LambdaForm$MH+0x0000024781109400'
Event: 2904.607 Thread 0x00000247fa58f800 Unloading class 0x0000024781220800 'java/lang/invoke/LambdaForm$DMH+0x0000024781220800'
Event: 2904.607 Thread 0x00000247fa58f800 Unloading class 0x00000247814cc800 'java/lang/invoke/LambdaForm$MH+0x00000247814cc800'
Event: 2904.607 Thread 0x00000247fa58f800 Unloading class 0x0000024781511000 'java/lang/invoke/LambdaForm$MH+0x0000024781511000'
Event: 2904.607 Thread 0x00000247fa58f800 Unloading class 0x0000024781b22400 'java/lang/invoke/LambdaForm$MH+0x0000024781b22400'
Event: 2905.570 Thread 0x00000247fa58f800 Unloading class 0x0000024781d30c00 'jdk/internal/reflect/GeneratedSerializationConstructorAccessor42'
Event: 2905.570 Thread 0x00000247fa58f800 Unloading class 0x0000024781d31800 'jdk/internal/reflect/GeneratedSerializationConstructorAccessor41'
Event: 2905.570 Thread 0x00000247fa58f800 Unloading class 0x0000024781d33400 'jdk/internal/reflect/GeneratedSerializationConstructorAccessor40'
Event: 2905.570 Thread 0x00000247fa58f800 Unloading class 0x0000024781d33c00 'jdk/internal/reflect/GeneratedSerializationConstructorAccessor39'
Event: 2905.570 Thread 0x00000247fa58f800 Unloading class 0x0000024781d38400 'jdk/internal/reflect/GeneratedSerializationConstructorAccessor38'

Classes redefined (7 events):
Event: 2219.296 Thread 0x00000247fa58f800 redefined class name=com.hpcl.controller.HomepageController, count=1
Event: 2924.657 Thread 0x00000247fa58f800 redefined class name=com.hpcl.repository.ProductRepository, count=1
Event: 2924.657 Thread 0x00000247fa58f800 redefined class name=com.hpcl.repository.ProductRepository, count=1
Event: 2924.657 Thread 0x00000247fa58f800 redefined class name=com.hpcl.repository.ProductRepository, count=1
Event: 2938.944 Thread 0x00000247fa58f800 redefined class name=com.hpcl.service.ProductService, count=1
Event: 2938.944 Thread 0x00000247fa58f800 redefined class name=com.hpcl.service.ProductService, count=1
Event: 2938.944 Thread 0x00000247fa58f800 redefined class name=com.hpcl.service.ProductService, count=1

Internal exceptions (20 events):
Event: 2638.730 Thread 0x00000247c67de2e0 Exception <a 'java/lang/ClassNotFoundException'{0x000000070ac7e810}: jakarta/servlet/ServletRequestBeanInfo> (0x000000070ac7e810) 
thrown [s\open\src\hotspot\share\classfile\systemDictionary.cpp, line 312]
Event: 2638.731 Thread 0x00000247c67de2e0 Exception <a 'java/lang/ClassNotFoundException'{0x000000070ac87d60}: jakarta/servlet/ServletRequestCustomizer> (0x000000070ac87d60) 
thrown [s\open\src\hotspot\share\classfile\systemDictionary.cpp, line 312]
Event: 2638.733 Thread 0x00000247c67de2e0 Exception <a 'java/lang/ClassNotFoundException'{0x000000070acbb0f8}: com/hpcl/model/ProductModelBeanInfo> (0x000000070acbb0f8) 
thrown [s\open\src\hotspot\share\classfile\systemDictionary.cpp, line 312]
Event: 2638.734 Thread 0x00000247c67de2e0 Exception <a 'java/lang/ClassNotFoundException'{0x000000070acc54e8}: com/hpcl/model/ProductModelCustomizer> (0x000000070acc54e8) 
thrown [s\open\src\hotspot\share\classfile\systemDictionary.cpp, line 312]
Event: 2717.857 Thread 0x00000247fe8974c0 Exception <a 'java/io/IOException'{0x0000000709055fd8}> (0x0000000709055fd8) 
thrown [s\open\src\hotspot\share\prims\jni.cpp, line 520]
Event: 2904.573 Thread 0x00000247c67d8d90 Exception <a 'java/lang/InterruptedException'{0x0000000709ba7968}: sleep interrupted> (0x0000000709ba7968) 
thrown [s\open\src\hotspot\share\prims\jvm.cpp, line 3074]
Event: 2904.591 Thread 0x00000247c67da7d0 Exception <a 'java/lang/InterruptedException'{0x0000000709949c30}: sleep interrupted> (0x0000000709949c30) 
thrown [s\open\src\hotspot\share\prims\jvm.cpp, line 3074]
Event: 2904.696 Thread 0x00000247c67dc210 Exception <a 'sun/nio/fs/WindowsException'{0x000000070c2d78c0}> (0x000000070c2d78c0) 
thrown [s\open\src\hotspot\share\prims\jni.cpp, line 520]
Event: 2904.788 Thread 0x00000247c67dc210 Exception <a 'java/lang/NoSuchMethodError'{0x000000070bea8bf8}: 'void java.lang.invoke.DelegatingMethodHandle$Holder.reinvoke_L(java.lang.Object, java.lang.Object, int)'> (0x000000070bea8bf8) 
thrown [s\open\src\hotspot\share\interpreter\linkResolver.cpp, line 773]
Event: 2905.399 Thread 0x00000247c67dc210 Exception <a 'java/lang/NoClassDefFoundError'{0x0000000709c0b3d8}: org/flywaydb/core/Flyway> (0x0000000709c0b3d8) 
thrown [s\open\src\hotspot\share\oops\constantPool.cpp, line 873]
Event: 2905.399 Thread 0x00000247c67dc210 Exception <a 'java/lang/NoClassDefFoundError'{0x0000000709c0ba38}: liquibase/integration/spring/SpringLiquibase> (0x0000000709c0ba38) 
thrown [s\open\src\hotspot\share\oops\constantPool.cpp, line 873]
Event: 2905.405 Thread 0x00000247c67dc210 Exception <a 'java/lang/NoClassDefFoundError'{0x0000000709c9fb90}: org/jooq/DSLContext> (0x0000000709c9fb90) 
thrown [s\open\src\hotspot\share\oops\constantPool.cpp, line 873]
Event: 2905.407 Thread 0x00000247c67dc210 Exception <a 'java/lang/NoClassDefFoundError'{0x0000000709caecb0}: org/springframework/batch/core/repository/JobRepository> (0x0000000709caecb0) 
thrown [s\open\src\hotspot\share\oops\constantPool.cpp, line 873]
Event: 2905.407 Thread 0x00000247c67dc210 Exception <a 'java/lang/NoClassDefFoundError'{0x0000000709caf308}: org/quartz/Scheduler> (0x0000000709caf308) 
thrown [s\open\src\hotspot\share\oops\constantPool.cpp, line 873]
Event: 2905.408 Thread 0x00000247c67dc210 Exception <a 'java/lang/NoClassDefFoundError'{0x0000000709caf988}: org/springframework/session/jdbc/JdbcIndexedSessionRepository> (0x0000000709caf988) 
thrown [s\open\src\hotspot\share\oops\constantPool.cpp, line 873]
Event: 2905.468 Thread 0x00000247c67dc210 Exception <a 'java/lang/NoSuchMethodError'{0x000000070906b480}: 'int java.lang.invoke.DirectMethodHandle$Holder.invokeVirtual(java.lang.Object, java.lang.Object, java.lang.Object, java.lang.Object)'> (0x000000070906b480) 
thrown [s\open\src\hotspot\share\interpreter\linkResolver.cpp, line 773]
Event: 2905.468 Thread 0x00000247c67dc210 Exception <a 'java/lang/NoSuchMethodError'{0x000000070906ea58}: 'int java.lang.invoke.DelegatingMethodHandle$Holder.reinvoke_L(java.lang.Object, java.lang.Object, java.lang.Object, java.lang.Object)'> (0x000000070906ea58) 
thrown [s\open\src\hotspot\share\interpreter\linkResolver.cpp, line 773]
Event: 2905.481 Thread 0x00000247c67dc210 Exception <a 'java/io/FileNotFoundException'{0x00000007090f4418}> (0x00000007090f4418) 
thrown [s\open\src\hotspot\share\prims\jni.cpp, line 520]
Event: 2905.514 Thread 0x00000247c67dc210 Exception <a 'java/lang/NoSuchMethodError'{0x0000000708b73588}: 'void java.lang.invoke.DirectMethodHandle$Holder.invokeVirtual(java.lang.Object, java.lang.Object, java.lang.Object, java.lang.Object, java.lang.Object)'> (0x0000000708b73588) 
thrown [s\open\src\hotspot\share\interpreter\linkResolver.cpp, line 773]
Event: 2905.626 Thread 0x00000247c67dc210 Exception <a 'java/lang/NoSuchMethodError'{0x000000070ba6c7a8}: 'void java.lang.invoke.DelegatingMethodHandle$Holder.reinvoke_L(java.lang.Object, java.lang.Object, long)'> (0x000000070ba6c7a8) 
thrown [s\open\src\hotspot\share\interpreter\linkResolver.cpp, line 773]

ZGC Phase Switch (0 events):
No events

VM Operations (20 events):
Event: 2912.758 Executing VM operation: get/set locals
Event: 2912.758 Executing VM operation: get/set locals done
Event: 2912.760 Executing VM operation: get/set locals
Event: 2912.760 Executing VM operation: get/set locals done
Event: 2912.761 Executing VM operation: get/set locals
Event: 2912.761 Executing VM operation: get/set locals done
Event: 2912.762 Executing VM operation: get/set locals
Event: 2912.762 Executing VM operation: get/set locals done
Event: 2924.650 Executing VM operation: RedefineClasses
Event: 2924.672 Executing VM operation: RedefineClasses done
Event: 2938.938 Executing VM operation: RedefineClasses
Event: 2938.958 Executing VM operation: RedefineClasses done
Event: 2946.593 Executing VM operation: HandshakeAllThreads (HandshakeForDeflation)
Event: 2946.593 Executing VM operation: HandshakeAllThreads (HandshakeForDeflation) done
Event: 2946.593 Executing VM operation: RendezvousGCThreads
Event: 2946.593 Executing VM operation: RendezvousGCThreads done
Event: 2952.545 Executing VM operation: ChangeSingleStep
Event: 2952.545 Executing VM operation: ChangeSingleStep done
Event: 2952.545 Executing VM operation: ChangeSingleStep
Event: 2952.545 Executing VM operation: ChangeSingleStep done

Events (20 events):
Event: 2905.579 Thread 0x00000247fa58f800 flushing nmethod 0x00000247f2e29110
Event: 2905.579 Thread 0x00000247fa58f800 flushing nmethod 0x00000247f2e77590
Event: 2905.579 Thread 0x00000247fa58f800 flushing nmethod 0x00000247f2e77890
Event: 2905.579 Thread 0x00000247fa58f800 flushing nmethod 0x00000247f2e77f10
Event: 2905.579 Thread 0x00000247fa58f800 flushing nmethod 0x00000247f2ed2790
Event: 2905.579 Thread 0x00000247fa58f800 flushing nmethod 0x00000247f2f1a790
Event: 2905.579 Thread 0x00000247fa58f800 flushing nmethod 0x00000247f2fb5990
Event: 2905.579 Thread 0x00000247fa58f800 flushing nmethod 0x00000247f3275610
Event: 2905.579 Thread 0x00000247fa58f800 flushing nmethod 0x00000247f3275f90
Event: 2905.584 Thread 0x00000247fe897b50 Thread exited: 0x00000247fe897b50
Event: 2905.592 Thread 0x00000247fe558670 Thread added: 0x00000247fe558670
Event: 2905.615 Thread 0x00000247c67df690 Thread added: 0x00000247c67df690
Event: 2905.615 Thread 0x00000247c67dcf30 Thread added: 0x00000247c67dcf30
Event: 2905.615 Thread 0x00000247c67d9ab0 Thread added: 0x00000247c67d9ab0
Event: 2905.811 Thread 0x00000247c67dd5c0 Thread added: 0x00000247c67dd5c0
Event: 2905.926 Thread 0x00000247c67dc8a0 Thread added: 0x00000247c67dc8a0
Event: 2911.220 Thread 0x00000247fe558670 Thread exited: 0x00000247fe558670
Event: 2911.251 Thread 0x00000247c67dc8a0 Thread exited: 0x00000247c67dc8a0
Event: 2916.222 Thread 0x00000247fe557fa0 Thread exited: 0x00000247fe557fa0
Event: 2921.237 Thread 0x00000247fe558d40 Thread exited: 0x00000247fe558d40


Dynamic libraries:
0x00007ff61f9a0000 - 0x00007ff61f9b0000 	C:\Program Files\Java\jdk-21\bin\javaw.exe
0x00007ffcfd3d0000 - 0x00007ffcfd5e7000 	C:\Windows\SYSTEM32\ntdll.dll
0x00007ffcfbb20000 - 0x00007ffcfbbe4000 	C:\Windows\System32\KERNEL32.DLL
0x00007ffcfa940000 - 0x00007ffcfacfa000 	C:\Windows\System32\KERNELBASE.dll
0x00007ffcfafa0000 - 0x00007ffcfb0b1000 	C:\Windows\System32\ucrtbase.dll
0x00007ffce6a20000 - 0x00007ffce6a39000 	C:\Program Files\Java\jdk-21\bin\jli.dll
0x00007ffce4a40000 - 0x00007ffce4a5b000 	C:\Program Files\Java\jdk-21\bin\VCRUNTIME140.dll
0x00007ffcfd2d0000 - 0x00007ffcfd382000 	C:\Windows\System32\ADVAPI32.dll
0x00007ffcfb200000 - 0x00007ffcfb2a7000 	C:\Windows\System32\msvcrt.dll
0x00007ffcfb3b0000 - 0x00007ffcfb457000 	C:\Windows\System32\sechost.dll
0x00007ffcfaf70000 - 0x00007ffcfaf98000 	C:\Windows\System32\bcrypt.dll
0x00007ffcfc100000 - 0x00007ffcfc214000 	C:\Windows\System32\RPCRT4.dll
0x00007ffcfc800000 - 0x00007ffcfc9ae000 	C:\Windows\System32\USER32.dll
0x00007ffcfa750000 - 0x00007ffcfa776000 	C:\Windows\System32\win32u.dll
0x00007ffcfc7d0000 - 0x00007ffcfc7f9000 	C:\Windows\System32\GDI32.dll
0x00007ffcfa780000 - 0x00007ffcfa89b000 	C:\Windows\System32\gdi32full.dll
0x00007ffcfa8a0000 - 0x00007ffcfa93a000 	C:\Windows\System32\msvcp_win.dll
0x00007ffcd12a0000 - 0x00007ffcd1532000 	C:\Windows\WinSxS\amd64_microsoft.windows.common-controls_6595b64144ccf1df_6.0.22621.4541_none_2710d1c57384c085\COMCTL32.dll
0x00007ffce53b0000 - 0x00007ffce53ba000 	C:\Windows\SYSTEM32\VERSION.dll
0x00007ffcfb560000 - 0x00007ffcfb591000 	C:\Windows\System32\IMM32.DLL
0x00007ffcf4340000 - 0x00007ffcf434c000 	C:\Program Files\Java\jdk-21\bin\vcruntime140_1.dll
0x00007ffce3250000 - 0x00007ffce32de000 	C:\Program Files\Java\jdk-21\bin\msvcp140.dll
0x00007ffc65c00000 - 0x00007ffc66918000 	C:\Program Files\Java\jdk-21\bin\server\jvm.dll
0x00007ffcfb0c0000 - 0x00007ffcfb131000 	C:\Windows\System32\WS2_32.dll
0x00007ffcfa300000 - 0x00007ffcfa34d000 	C:\Windows\SYSTEM32\POWRPROF.dll
0x00007ffcf3b60000 - 0x00007ffcf3b94000 	C:\Windows\SYSTEM32\WINMM.dll
0x00007ffcfa100000 - 0x00007ffcfa113000 	C:\Windows\SYSTEM32\UMPDC.dll
0x00007ffcf96b0000 - 0x00007ffcf96c8000 	C:\Windows\SYSTEM32\kernel.appcore.dll
0x00007ffcf3080000 - 0x00007ffcf308a000 	C:\Program Files\Java\jdk-21\bin\jimage.dll
0x00007ffcf7720000 - 0x00007ffcf7952000 	C:\Windows\SYSTEM32\DBGHELP.DLL
0x00007ffcfc430000 - 0x00007ffcfc7c1000 	C:\Windows\System32\combase.dll
0x00007ffcfb460000 - 0x00007ffcfb537000 	C:\Windows\System32\OLEAUT32.dll
0x00007ffcd9a30000 - 0x00007ffcd9a62000 	C:\Windows\SYSTEM32\dbgcore.DLL
0x00007ffcfaef0000 - 0x00007ffcfaf6b000 	C:\Windows\System32\bcryptPrimitives.dll
0x00007ffce3210000 - 0x00007ffce324c000 	C:\Program Files\Java\jdk-21\bin\jdwp.dll
0x00007ffcf23f0000 - 0x00007ffcf23ff000 	C:\Program Files\Java\jdk-21\bin\instrument.dll
0x00007ffce31f0000 - 0x00007ffce320f000 	C:\Program Files\Java\jdk-21\bin\java.dll
0x00007ffcfca40000 - 0x00007ffcfd2b9000 	C:\Windows\System32\SHELL32.dll
0x00007ffcf8580000 - 0x00007ffcf8e89000 	C:\Windows\SYSTEM32\windows.storage.dll
0x00007ffcf8440000 - 0x00007ffcf857f000 	C:\Windows\SYSTEM32\wintypes.dll
0x00007ffcfc270000 - 0x00007ffcfc36a000 	C:\Windows\System32\SHCORE.dll
0x00007ffcfc370000 - 0x00007ffcfc3ce000 	C:\Windows\System32\shlwapi.dll
0x00007ffcfa5c0000 - 0x00007ffcfa5eb000 	C:\Windows\SYSTEM32\profapi.dll
0x00007ffce6a10000 - 0x00007ffce6a1c000 	C:\Program Files\Java\jdk-21\bin\dt_socket.dll
0x00007ffcf9130000 - 0x00007ffcf915d000 	C:\Windows\SYSTEM32\IPHLPAPI.DLL
0x00007ffcf9b50000 - 0x00007ffcf9bb9000 	C:\Windows\system32\mswsock.dll
0x00007ffcf91b0000 - 0x00007ffcf92b2000 	C:\Windows\SYSTEM32\DNSAPI.dll
0x00007ffcfb980000 - 0x00007ffcfb989000 	C:\Windows\System32\NSI.dll
0x00007ffcf3b50000 - 0x00007ffcf3b5a000 	C:\Windows\System32\rasadhlp.dll
0x00007ffcf3300000 - 0x00007ffcf3383000 	C:\Windows\System32\fwpuclnt.dll
0x00007ffce31b0000 - 0x00007ffce31c8000 	C:\Program Files\Java\jdk-21\bin\zip.dll
0x00007ffce4a30000 - 0x00007ffce4a40000 	C:\Program Files\Java\jdk-21\bin\net.dll
0x00007ffcf5580000 - 0x00007ffcf56b6000 	C:\Windows\SYSTEM32\WINHTTP.dll
0x00007ffce3190000 - 0x00007ffce31a6000 	C:\Program Files\Java\jdk-21\bin\nio.dll
0x00007ffce49d0000 - 0x00007ffce49da000 	C:\Program Files\Java\jdk-21\bin\management.dll
0x00007ffce4980000 - 0x00007ffce498b000 	C:\Program Files\Java\jdk-21\bin\management_ext.dll
0x00007ffcfb1f0000 - 0x00007ffcfb1f8000 	C:\Windows\System32\PSAPI.DLL
0x00007ffccf5d0000 - 0x00007ffccf5e7000 	C:\Windows\system32\napinsp.dll
0x00007ffccf5b0000 - 0x00007ffccf5cb000 	C:\Windows\system32\pnrpnsp.dll
0x00007ffccf590000 - 0x00007ffccf5a1000 	C:\Windows\System32\winrnr.dll
0x00007ffcf4300000 - 0x00007ffcf4315000 	C:\Windows\system32\wshbth.dll
0x00007ffccf560000 - 0x00007ffccf587000 	C:\Windows\system32\nlansp_c.dll
0x00007ffcf9da0000 - 0x00007ffcf9dbb000 	C:\Windows\SYSTEM32\CRYPTSP.dll
0x00007ffcf9600000 - 0x00007ffcf9635000 	C:\Windows\system32\rsaenh.dll
0x00007ffcf9c40000 - 0x00007ffcf9c68000 	C:\Windows\SYSTEM32\USERENV.dll
0x00007ffcf9dc0000 - 0x00007ffcf9dcc000 	C:\Windows\SYSTEM32\CRYPTBASE.dll
0x00007ffce4600000 - 0x00007ffce4609000 	C:\Program Files\Java\jdk-21\bin\extnet.dll
0x00007ffce3180000 - 0x00007ffce3190000 	C:\Program Files\Java\jdk-21\bin\verify.dll
0x00007ffce2f80000 - 0x00007ffce2f8e000 	C:\Program Files\Java\jdk-21\bin\sunmscapi.dll
0x00007ffcfad00000 - 0x00007ffcfae66000 	C:\Windows\System32\CRYPT32.dll
0x00007ffcf9fd0000 - 0x00007ffcf9ffd000 	C:\Windows\SYSTEM32\ncrypt.dll
0x00007ffcf9f90000 - 0x00007ffcf9fc7000 	C:\Windows\SYSTEM32\NTASN1.dll
0x00007ffcf3f70000 - 0x00007ffcf3f89000 	C:\Windows\SYSTEM32\dhcpcsvc6.DLL
0x00007ffcf3f50000 - 0x00007ffcf3f6f000 	C:\Windows\SYSTEM32\dhcpcsvc.DLL
0x00007ffcb7490000 - 0x00007ffcb7498000 	C:\Windows\system32\wshunix.dll

dbghelp: loaded successfully - version: 4.0.5 - missing functions: none
symbol engine: initialized successfully - sym options: 0x614 - pdb path: .;C:\Program Files\Java\jdk-21\bin;C:\Windows\SYSTEM32;C:\Windows\WinSxS\amd64_microsoft.windows.common-controls_6595b64144ccf1df_6.0.22621.4541_none_2710d1c57384c085;C:\Program Files\Java\jdk-21\bin\server

VM Arguments:
jvm_args: -XX:+ShowCodeDetailsInExceptionMessages -agentlib:jdwp=transport=dt_socket,suspend=y,address=localhost:50779 -Dcom.sun.management.jmxremote -Dcom.sun.management.jmxremote.port=50778 -Dcom.sun.management.jmxremote.authenticate=false -Dcom.sun.management.jmxremote.ssl=false -Djava.rmi.server.hostname=localhost -Dspring.jmx.enabled=true -Dmanagement.endpoints.jmx.exposure.include=* -Dspring.application.admin.enabled=true -XX:TieredStopAtLevel=1 -Dspring.boot.project.name=eCart -javaagent:C:\Users\Aaryan\Desktop\sts-4.20.1.RELEASE\configuration\org.eclipse.osgi\262\0\.cp\lib\javaagent-shaded.jar -Dfile.encoding=UTF-8 -Dstdout.encoding=UTF-8 -Dstderr.encoding=UTF-8 
java_command: com.hpcl.ECartApplication --spring.output.ansi.enabled=always
java_class_path (initial): C:\Users\Aaryan\Desktop\eCart\target\classes;C:\Users\Aaryan\.m2\repository\org\springframework\boot\spring-boot-starter-data-jpa\3.2.3\spring-boot-starter-data-jpa-3.2.3.jar;C:\Users\Aaryan\.m2\repository\org\springframework\boot\spring-boot-starter-aop\3.2.3\spring-boot-starter-aop-3.2.3.jar;C:\Users\Aaryan\.m2\repository\org\springframework\spring-aop\6.1.4\spring-aop-6.1.4.jar;C:\Users\Aaryan\.m2\repository\org\aspectj\aspectjweaver\1.9.21\aspectjweaver-1.9.21.jar;C:\Users\Aaryan\.m2\repository\org\springframework\boot\spring-boot-starter-jdbc\3.2.3\spring-boot-starter-jdbc-3.2.3.jar;C:\Users\Aaryan\.m2\repository\com\zaxxer\HikariCP\5.0.1\HikariCP-5.0.1.jar;C:\Users\Aaryan\.m2\repository\org\springframework\spring-jdbc\6.1.4\spring-jdbc-6.1.4.jar;C:\Users\Aaryan\.m2\repository\org\hibernate\orm\hibernate-core\6.4.4.Final\hibernate-core-6.4.4.Final.jar;C:\Users\Aaryan\.m2\repository\jakarta\persistence\jakarta.persistence-api\3.1.0\jakarta.persistence-api-3.1.0.jar;C:\Users\Aaryan\.m2\repository\jakarta\transaction\jakarta.transaction-api\2.0.1\jakarta.transaction-api-2.0.1.jar;C:\Users\Aaryan\.m2\repository\org\jboss\logging\jboss-logging\3.5.3.Final\jboss-logging-3.5.3.Final.jar;C:\Users\Aaryan\.m2\repository\org\hibernate\common\hibernate-commons-annotations\6.0.6.Final\hibernate-commons-annotations-6.0.6.Final.jar;C:\Users\Aaryan\.m2\repository\io\smallrye\jandex\3.1.2\jandex-3.1.2.jar;C:\Users\Aaryan\.m2\repository\com\fasterxml\classmate\1.6.0\classmate-1.6.0.jar;C:\Users\Aaryan\.m2\repository\net\bytebuddy\byte-buddy\1.14.12\byte-buddy-1.14.12.jar;C:\Users\Aaryan\.m2\repository\org\glassfish\jaxb\jaxb-runtime\4.0.4\jaxb-runtime-4.0.4.jar;C:\Users\Aaryan\.m2\repository\org\glassfish\jaxb\jaxb-core\4.0.4\jaxb-core-4.0.4.jar;C:\Users\Aaryan\.m2\repository\org\glassfish\jaxb\txw2\4.0.4\txw2-4.0.4.jar;C:\Users\Aaryan\.m2\repository\com\sun\istack\istack-commons-runtime\4.1.2\istack-commons-runtime-4.1.2.jar;C:\Users\Aaryan\.m2\repository\jakarta\inject\jakarta.inject-api\2.0.1\jakarta.inject-api-2.0.1.jar;C:\Users\Aaryan\.m2\repository\org\antlr\antlr4-runtime\4.13.0\antlr4-runtime-4.13.0.jar;C:\Users\Aaryan\.m2\repository\org\springframework\data\spring-data-jpa\3.2.3\spring-data-jpa-3.2.3.jar;C:\Users\Aaryan\.m2\repository\org\springframework\data\spring-data-commons\3.2.3\spring-data-commons-3.2.3.jar;C:\Users\Aaryan\.m2\repository\org\springframework\spring-orm\6.1.4\spring-orm-6.1.4.jar;C:\Users\Aaryan\.m2\repository\org\springframework\spring-context\6.1.4\spring-context-6.1.4.jar;C:\Users\Aaryan\.m2\repository\org\springframework\spring-tx\6.1.4\spring-tx-6.1.4.jar;C:\Users\Aaryan\.m2\repository\org\springframework\spring-beans\6.1.4\spring-beans-6.1.4.jar;C:\Users\Aaryan\.m2\repository\org\slf4j\slf4j-api\2.0.12\slf4j-api-2.0.12.jar;C:\Users\Aaryan\.m2\repository\org\springframework\spring-aspects\6.1.4\spring-aspects-6.1.4.jar;C:\Users\Aaryan\.m2\repository\net\minidev\accessors-smart\2.5.0\accessors-smart-2.5.0.jar;C:\Users\Aaryan\.m2\repository\org\ow2\asm\asm\9.3\asm-9.3.jar;C:\Users\Aaryan\.m2\repository\org\springframework\boot\spring-boot-devtools\3.2.3\spring-boot-devtools-3.2.3.jar;C:\Users\Aaryan\.m2\repository\org\springframework\boot\spring-boot\3.2.3\spring-boot-3.2.3.jar;C:\Users\Aaryan\.m2\repository\org\springframework\boot\spring-boot-autoconfigure\3.2.3\spring-boot-autoconfigure-3.2.3.jar;C:\Users\Aaryan\.m2\repository\org\springframework\boot\spring-boot-starter-validation\3.2.3\spring-boot-starter-validation-3.2.3.jar;C:\Users\Aaryan\.m2\repository\org\apache\tomcat\embed\tomcat-embed-el\10.1.19\tomcat-embed-el-10.1.19.jar;C:\Users\Aaryan\.m2\repository\org\hibernate\validator\hibernate-validator\8.0.1.Final\hibernate-validator-8.0.1.Final.jar;C:\Users\Aaryan\.m2\repository\jakarta\validation\jakarta.validation-api\3.0.2\jakarta.validation-api-3.0.2.jar;C:\Users\Aaryan\.m2\repository\org\springframework\boot\spring-boot-starter-web\3.2.3\spring-boot-starter-web-3.2.3.jar;C:\Users\Aaryan\.m2\repository\org\springframework\boot\spring-boot-starter-json\3.2.3\spring-boot-starter-json-3.2.3.jar;C:\Users\Aaryan\.m2\repository\com\fasterxml\jackson\datatype\jackson-datatype-jdk8\2.15.4\jackson-datatype-jdk8-2.15.4.jar;C:\Users\Aaryan\.m2\repository\com\fasterxml\jackson\datatype\jackson-datatype-jsr310\2.15.4\jackson-datatype-jsr310-2.15.4.jar;C:\Users\Aaryan\.m2\repository\com\fasterxml\jackson\module\jackson-module-parameter-names\2.15.4\jackson-module-parameter-names-2.15.4.jar;C:\Users\Aaryan\.m2\repository\org\springframework\spring-web\6.1.4\spring-web-6.1.4.jar;C:\Users\Aaryan\.m2\repository\io\micrometer\micrometer-observation\1.12.3\micrometer-observation-1.12.3.jar;C:\Users\Aaryan\.m2\repository\io\micrometer\micrometer-commons\1.12.3\micrometer-commons-1.12.3.jar;C:\Users\Aaryan\.m2\repository\org\springframework\spring-webmvc\6.1.4\spring-webmvc-6.1.4.jar;C:\Users\Aaryan\.m2\repository\org\springframework\spring-expression\6.1.4\spring-expression-6.1.4.jar;C:\Users\Aaryan\.m2\repository\org\springframework\boot\spring-boot-starter\3.2.3\spring-boot-starter-3.2.3.jar;C:\Users\Aaryan\.m2\repository\jakarta\annotation\jakarta.annotation-api\2.1.1\jakarta.annotation-api-2.1.1.jar;C:\Users\Aaryan\.m2\repository\org\springframework\spring-core\6.1.4\spring-core-6.1.4.jar;C:\Users\Aaryan\.m2\repository\org\springframework\spring-jcl\6.1.4\spring-jcl-6.1.4.jar;C:\Users\Aaryan\.m2\repository\org\yaml\snakeyaml\2.2\snakeyaml-2.2.jar;C:\Users\Aaryan\.m2\repository\org\springframework\boot\spring-boot-starter-log4j2\3.2.3\spring-boot-starter-log4j2-3.2.3.jar;C:\Users\Aaryan\.m2\repository\org\apache\logging\log4j\log4j-slf4j2-impl\2.21.1\log4j-slf4j2-impl-2.21.1.jar;C:\Users\Aaryan\.m2\repository\org\apache\logging\log4j\log4j-core\2.21.1\log4j-core-2.21.1.jar;C:\Users\Aaryan\.m2\repository\org\apache\logging\log4j\log4j-jul\2.21.1\log4j-jul-2.21.1.jar;C:\Users\Aaryan\.m2\repository\org\springframework\boot\spring-boot-starter-data-redis\3.2.3\spring-boot-starter-data-redis-3.2.3.jar;C:\Users\Aaryan\.m2\repository\io\lettuce\lettuce-core\6.3.1.RELEASE\lettuce-core-6.3.1.RELEASE.jar;C:\Users\Aaryan\.m2\repository\io\netty\netty-common\4.1.107.Final\netty-common-4.1.107.Final.jar;C:\Users\Aaryan\.m2\repository\io\netty\netty-handler\4.1.107.Final\netty-handler-4.1.107.Final.jar;C:\Users\Aaryan\.m2\repository\io\netty\netty-resolver\4.1.107.Final\netty-resolver-4.1.107.Final.jar;C:\Users\Aaryan\.m2\repository\io\netty\netty-buffer\4.1.107.Final\netty-buffer-4.1.107.Final.jar;C:\Users\Aaryan\.m2\repository\io\netty\netty-transport-native-unix-common\4.1.107.Final\netty-transport-native-unix-common-4.1.107.Final.jar;C:\Users\Aaryan\.m2\repository\io\netty\netty-codec\4.1.107.Final\netty-codec-4.1.107.Final.jar;C:\Users\Aaryan\.m2\repository\io\netty\netty-transport\4.1.107.Final\netty-transport-4.1.107.Final.jar;C:\Users\Aaryan\.m2\repository\io\projectreactor\reactor-core\3.6.3\reactor-core-3.6.3.jar;C:\Users\Aaryan\.m2\repository\org\reactivestreams\reactive-streams\1.0.4\reactive-streams-1.0.4.jar;C:\Users\Aaryan\.m2\repository\org\springframework\data\spring-data-redis\3.2.3\spring-data-redis-3.2.3.jar;C:\Users\Aaryan\.m2\repository\org\springframework\data\spring-data-keyvalue\3.2.3\spring-data-keyvalue-3.2.3.jar;C:\Users\Aaryan\.m2\repository\org\springframework\spring-context-support\6.1.4\spring-context-support-6.1.4.jar;C:\Users\Aaryan\.m2\repository\org\apache\tomcat\embed\tomcat-embed-jasper\10.1.19\tomcat-embed-jasper-10.1.19.jar;C:\Users\Aaryan\.m2\repository\org\apache\tomcat\embed\tomcat-embed-core\10.1.19\tomcat-embed-core-10.1.19.jar;C:\Users\Aaryan\.m2\repository\org\apache\tomcat\tomcat-annotations-api\10.1.19\tomcat-annotations-api-10.1.19.jar;C:\Users\Aaryan\.m2\repository\org\eclipse\jdt\ecj\3.33.0\ecj-3.33.0.jar;C:\Users\Aaryan\.m2\repository\org\postgresql\postgresql\42.6.0\postgresql-42.6.0.jar;C:\Users\Aaryan\.m2\repository\org\checkerframework\checker-qual\3.31.0\checker-qual-3.31.0.jar;C:\Users\Aaryan\.m2\repository\org\apache\poi\poi\5.2.4\poi-5.2.4.jar;C:\Users\Aaryan\.m2\repository\commons-codec\commons-codec\1.16.1\commons-codec-1.16.1.jar;C:\Users\Aaryan\.m2\repository\org\apache\commons\commons-collections4\4.4\commons-collections4-4.4.jar;C:\Users\Aaryan\.m2\repository\org\apache\commons\commons-math3\3.6.1\commons-math3-3.6.1.jar;C:\Users\Aaryan\.m2\repository\commons-io\commons-io\2.13.0\commons-io-2.13.0.jar;C:\Users\Aaryan\.m2\repository\com\zaxxer\SparseBitSet\1.3\SparseBitSet-1.3.jar;C:\Users\Aaryan\.m2\repository\org\apache\logging\log4j\log4j-api\2.21.1\log4j-api-2.21.1.jar;C:\Users\Aaryan\.m2\repository\org\apache\poi\poi-ooxml\5.2.4\poi-ooxml-5.2.4.jar;C:\Users\Aaryan\.m2\repository\org\apache\poi\poi-ooxml-lite\5.2.4\poi-ooxml-lite-5.2.4.jar;C:\Users\Aaryan\.m2\repository\org\apache\xmlbeans\xmlbeans\5.1.1\xmlbeans-5.1.1.jar;C:\Users\Aaryan\.m2\repository\org\apache\commons\commons-compress\1.24.0\commons-compress-1.24.0.jar;C:\Users\Aaryan\.m2\repository\com\github\virtuald\curvesapi\1.08\curvesapi-1.08.jar;C:\Users\Aaryan\.m2\repository\com\squareup\okhttp3\okhttp\4.12.0\okhttp-4.12.0.jar;C:\Users\Aaryan\.m2\repository\com\squareup\okio\okio\3.6.0\okio-3.6.0.jar;C:\Users\Aaryan\.m2\repository\com\squareup\okio\okio-jvm\3.6.0\okio-jvm-3.6.0.jar;C:\Users\Aaryan\.m2\repository\org\jetbrains\kotlin\kotlin-stdlib-common\1.9.22\kotlin-stdlib-common-1.9.22.jar;C:\Users\Aaryan\.m2\repository\org\jetbrains\kotlin\kotlin-stdlib-jdk8\1.9.22\kotlin-stdlib-jdk8-1.9.22.jar;C:\Users\Aaryan\.m2\repository\org\jetbrains\kotlin\kotlin-stdlib\1.9.22\kotlin-stdlib-1.9.22.jar;C:\Users\Aaryan\.m2\repository\org\jetbrains\annotations\13.0\annotations-13.0.jar;C:\Users\Aaryan\.m2\repository\org\jetbrains\kotlin\kotlin-stdlib-jdk7\1.9.22\kotlin-stdlib-jdk7-1.9.22.jar;C:\Users\Aaryan\.m2\repository\com\fasterxml\jackson\dataformat\jackson-dataformat-xml\2.16.0\jackson-dataformat-xml-2.16.0.jar;C:\Users\Aaryan\.m2\repository\com\fasterxml\jackson\core\jackson-annotations\2.15.4\jackson-annotations-2.15.4.jar;C:\Users\Aaryan\.m2\repository\com\fasterxml\jackson\core\jackson-databind\2.15.4\jackson-databind-2.15.4.jar;C:\Users\Aaryan\.m2\repository\org\codehaus\woodstox\stax2-api\4.2.1\stax2-api-4.2.1.jar;C:\Users\Aaryan\.m2\repository\com\fasterxml\woodstox\woodstox-core\6.5.1\woodstox-core-6.5.1.jar;C:\Users\Aaryan\.m2\repository\org\springframework\boot\spring-boot-starter-tomcat\3.2.3\spring-boot-starter-tomcat-3.2.3.jar;C:\Users\Aaryan\.m2\repository\org\apache\tomcat\embed\tomcat-embed-websocket\10.1.19\tomcat-embed-websocket-10.1.19.jar;C:\Users\Aaryan\.m2\repository\net\minidev\json-smart\2.5.0\json-smart-2.5.0.jar;C:\Users\Aaryan\.m2\repository\org\hamcrest\hamcrest\2.2\hamcrest-2.2.jar;C:\Users\Aaryan\.m2\repository\org\springdoc\springdoc-openapi-starter-webmvc-ui\2.2.0\springdoc-openapi-starter-webmvc-ui-2.2.0.jar;C:\Users\Aaryan\.m2\repository\org\springdoc\springdoc-openapi-starter-webmvc-api\2.2.0\springdoc-openapi-starter-webmvc-api-2.2.0.jar;C:\Users\Aaryan\.m2\repository\org\springdoc\springdoc-openapi-starter-common\2.2.0\springdoc-openapi-starter-common-2.2.0.jar;C:\Users\Aaryan\.m2\repository\io\swagger\core\v3\swagger-core-jakarta\2.2.15\swagger-core-jakarta-2.2.15.jar;C:\Users\Aaryan\.m2\repository\org\apache\commons\commons-lang3\3.13.0\commons-lang3-3.13.0.jar;C:\Users\Aaryan\.m2\repository\io\swagger\core\v3\swagger-annotations-jakarta\2.2.15\swagger-annotations-jakarta-2.2.15.jar;C:\Users\Aaryan\.m2\repository\io\swagger\core\v3\swagger-models-jakarta\2.2.15\swagger-models-jakarta-2.2.15.jar;C:\Users\Aaryan\.m2\repository\com\fasterxml\jackson\dataformat\jackson-dataformat-yaml\2.15.4\jackson-dataformat-yaml-2.15.4.jar;C:\Users\Aaryan\.m2\repository\org\webjars\swagger-ui\5.2.0\swagger-ui-5.2.0.jar;C:\Users\Aaryan\.m2\repository\org\springframework\boot\spring-boot-starter-web-services\3.2.3\spring-boot-starter-web-services-3.2.3.jar;C:\Users\Aaryan\.m2\repository\com\sun\xml\messaging\saaj\saaj-impl\3.0.3\saaj-impl-3.0.3.jar;C:\Users\Aaryan\.m2\repository\jakarta\xml\soap\jakarta.xml.soap-api\3.0.1\jakarta.xml.soap-api-3.0.1.jar;C:\Users\Aaryan\.m2\repository\org\jvnet\staxex\stax-ex\2.1.0\stax-ex-2.1.0.jar;C:\Users\Aaryan\.m2\repository\org\eclipse\angus\angus-activation\2.0.1\angus-activation-2.0.1.jar;C:\Users\Aaryan\.m2\repository\jakarta\xml\ws\jakarta.xml.ws-api\4.0.1\jakarta.xml.ws-api-4.0.1.jar;C:\Users\Aaryan\.m2\repository\org\springframework\spring-oxm\6.1.4\spring-oxm-6.1.4.jar;C:\Users\Aaryan\.m2\repository\org\springframework\ws\spring-ws-core\4.0.10\spring-ws-core-4.0.10.jar;C:\Users\Aaryan\.m2\repository\org\springframework\ws\spring-xml\4.0.10\spring-xml-4.0.10.jar;C:\Users\Aaryan\.m2\repository\jakarta\xml\bind\jakarta.xml.bind-api\4.0.1\jakarta.xml.bind-api-4.0.1.jar;C:\Users\Aaryan\.m2\repository\jakarta\activation\jakarta.activation-api\2.1.2\jakarta.activation-api-2.1.2.jar;C:\Users\Aaryan\.m2\repository\jakarta\servlet\jakarta.servlet-api\6.0.0\jakarta.servlet-api-6.0.0.jar;C:\Users\Aaryan\.m2\repository\org\glassfish\web\jakarta.servlet.jsp.jstl\3.0.1\jakarta.servlet.jsp.jstl-3.0.1.jar;C:\Users\Aaryan\.m2\repository\jakarta\servlet\jsp\jstl\jakarta.servlet.jsp.jstl-api\3.0.0\jakarta.servlet.jsp.jstl-api-3.0.0.jar;C:\Users\Aaryan\.m2\repository\jakarta\el\jakarta.el-api\5.0.1\jakarta.el-api-5.0.1.jar;C:\Users\Aaryan\.m2\repository\com\fasterxml\jackson\core\jackson-core\2.15.4\jackson-core-2.15.4.jar;C:\Users\Aaryan\.m2\repository\com\googlecode\json-simple\json-simple\1.1.1\json-simple-1.1.1.jar;C:\Users\Aaryan\.m2\repository\junit\junit\4.13.2\junit-4.13.2.jar;C:\Users\Aaryan\.m2\repository\org\hamcrest\hamcrest-core\2.2\hamcrest-core-2.2.jar;C:\Users\Aaryan\.m2\repository\com\graphql-java-kickstart\graphql-webclient-spring-boot-starter\1.0.0\graphql-webclient-spring-boot-starter-1.0.0.jar;C:\Users\Aaryan\.m2\repository\com\graphql-java-kickstart\graphql-webclient-spring-boot-autoconfigure\1.0.0\graphql-webclient-spring-boot-autoconfigure-1.0.0.jar;C:\Users\Aaryan\.m2\repository\com\graphql-java-kickstart\graphql-webclient\1.0.0\graphql-webclient-1.0.0.jar;C:\Users\Aaryan\.m2\repository\org\springframework\boot\spring-boot-starter-webflux\3.2.3\spring-boot-starter-webflux-3.2.3.jar;C:\Users\Aaryan\.m2\repository\org\springframework\boot\spring-boot-starter-reactor-netty\3.2.3\spring-boot-starter-reactor-netty-3.2.3.jar;C:\Users\Aaryan\.m2\repository\io\projectreactor\netty\reactor-netty-http\1.1.16\reactor-netty-http-1.1.16.jar;C:\Users\Aaryan\.m2\repository\io\netty\netty-codec-http\4.1.107.Final\netty-codec-http-4.1.107.Final.jar;C:\Users\Aaryan\.m2\repository\io\netty\netty-codec-http2\4.1.107.Final\netty-codec-http2-4.1.107.Final.jar;C:\Users\Aaryan\.m2\repository\io\netty\netty-resolver-dns\4.1.107.Final\netty-resolver-dns-4.1.107.Final.jar;C:\Users\Aaryan\.m2\repository\io\netty\netty-codec-dns\4.1.107.Final\netty-codec-dns-4.1.107.Final.jar;C:\Users\Aaryan\.m2\repository\io\netty\netty-resolver-dns-native-macos\4.1.107.Final\netty-resolver-dns-native-macos-4.1.107.Final-osx-x86_64.jar;C:\Users\Aaryan\.m2\repository\io\netty\netty-resolver-dns-classes-macos\4.1.107.Final\netty-resolver-dns-classes-macos-4.1.107.Final.jar;C:\Users\Aaryan\.m2\repository\io\netty\netty-transport-native-epoll\4.1.107.Final\netty-transport-native-epoll-4.1.107.Final-linux-x86_64.jar;C:\Users\Aaryan\.m2\repository\io\netty\netty-transport-classes-epoll\4.1.107.Final\netty-transport-classes-epoll-4.1.107.Final.jar;C:\Users\Aaryan\.m2\repository\io\projectreactor\netty\reactor-netty-core\1.1.16\reactor-netty-core-1.1.16.jar;C:\Users\Aaryan\.m2\repository\io\netty\netty-handler-proxy\4.1.107.Final\netty-handler-proxy-4.1.107.Final.jar;C:\Users\Aaryan\.m2\repository\io\netty\netty-codec-socks\4.1.107.Final\netty-codec-socks-4.1.107.Final.jar;C:\Users\Aaryan\.m2\repository\org\springframework\spring-webflux\6.1.4\spring-webflux-6.1.4.jar;C:\Users\Aaryan\.m2\repository\org\springframework\security\spring-security-oauth2-client\6.2.2\spring-security-oauth2-client-6.2.2.jar;C:\Users\Aaryan\.m2\repository\org\springframework\security\spring-security-core\6.2.2\spring-security-core-6.2.2.jar;C:\Users\Aaryan\.m2\repository\org\springframework\security\spring-security-crypto\6.2.2\spring-security-crypto-6.2.2.jar;C:\Users\Aaryan\.m2\repository\org\springframework\security\spring-security-oauth2-core\6.2.2\spring-security-oauth2-core-6.2.2.jar;C:\Users\Aaryan\.m2\repository\org\springframework\security\spring-security-web\6.2.2\spring-security-web-6.2.2.jar;C:\Users\Aaryan\.m2\repository\com\nimbusds\oauth2-oidc-sdk\9.43.3\oauth2-oidc-sdk-9.43.3.jar;C:\Users\Aaryan\.m2\repository\com\github\stephenc\jcip\jcip-annotations\1.0-1\jcip-annotations-1.0-1.jar;C:\Users\Aaryan\.m2\repository\com\nimbusds\content-type\2.2\content-type-2.2.jar;C:\Users\Aaryan\.m2\repository\com\nimbusds\lang-tag\1.7\lang-tag-1.7.jar;C:\Users\Aaryan\.m2\repository\com\nimbusds\nimbus-jose-jwt\9.24.4\nimbus-jose-jwt-9.24.4.jar;C:\Users\Aaryan\.m2\repository\javax\xml\bind\jaxb-api\2.3.1\jaxb-api-2.3.1.jar;C:\Users\Aaryan\.m2\repository\javax\activation\javax.activation-api\1.2.0\javax.activation-api-1.2.0.jar;C:\Users\Aaryan\.m2\repository\javax\xml\ws\jaxws-api\2.3.1\jaxws-api-2.3.1.jar;C:\Users\Aaryan\.m2\repository\javax\xml\soap\javax.xml.soap-api\1.4.0\javax.xml.soap-api-1.4.0.jar;C:\Users\Aaryan\.m2\repository\javax\annotation\javax.annotation-api\1.3.2\javax.annotation-api-1.3.2.jar;C:\Users\Aaryan\.m2\repository\javax\servlet\javax.servlet-api\4.0.1\javax.servlet-api-4.0.1.jar;C:\Users\Aaryan\.m2\repository\javax\servlet\jstl\1.2\jstl-1.2.jar
Launcher Type: SUN_STANDARD

[Global flags]
     intx CICompilerCount                          = 4                                         {product} {ergonomic}
     uint ConcGCThreads                            = 3                                         {product} {ergonomic}
     uint G1ConcRefinementThreads                  = 10                                        {product} {ergonomic}
   size_t G1HeapRegionSize                         = 2097152                                   {product} {ergonomic}
    uintx GCDrainStackTargetSize                   = 64                                        {product} {ergonomic}
   size_t InitialHeapSize                          = 264241152                                 {product} {ergonomic}
     bool ManagementServer                         = true                                      {product} {command line}
   size_t MarkStackSize                            = 4194304                                   {product} {ergonomic}
   size_t MaxHeapSize                              = 4223664128                                {product} {ergonomic}
   size_t MaxNewSize                               = 2533359616                                {product} {ergonomic}
   size_t MinHeapDeltaBytes                        = 2097152                                   {product} {ergonomic}
   size_t MinHeapSize                              = 8388608                                   {product} {ergonomic}
    uintx NonNMethodCodeHeapSize                   = 4096                                   {pd product} {ergonomic}
    uintx NonProfiledCodeHeapSize                  = 0                                      {pd product} {ergonomic}
     bool ProfileInterpreter                       = false                                  {pd product} {command line}
    uintx ProfiledCodeHeapSize                     = 0                                      {pd product} {ergonomic}
     bool ShowCodeDetailsInExceptionMessages       = true                                   {manageable} {command line}
   size_t SoftMaxHeapSize                          = 4223664128                             {manageable} {ergonomic}
     intx TieredStopAtLevel                        = 1                                         {product} {command line}
     bool UseCompressedOops                        = true                           {product lp64_product} {ergonomic}
     bool UseG1GC                                  = true                                      {product} {ergonomic}
     bool UseLargePagesIndividualAllocation        = false                                  {pd product} {ergonomic}

Logging:
Log output configuration:
 #0: stdout all=warning uptime,level,tags foldmultilines=false
 #1: stderr all=off uptime,level,tags foldmultilines=false

Environment Variables:
PATH=C:\ProgramData\anaconda3\condabin;C:/Users/Aaryan/Desktop/sts-4.20.1.RELEASE//plugins/org.eclipse.justj.openjdk.hotspot.jre.full.win32.x86_64_17.0.8.v20230831-1047/jre/bin/server;C:/Users/Aaryan/Desktop/sts-4.20.1.RELEASE//plugins/org.eclipse.justj.openjdk.hotspot.jre.full.win32.x86_64_17.0.8.v20230831-1047/jre/bin;C:\Program Files\Common Files\Oracle\Java\javapath;C:\Program Files\Oculus\Support\oculus-runtime;C:\Users\Aaryan\AppData\Local\Programs\Python\Python312\Scripts\;C:\Users\Aaryan\AppData\Local\Programs\Python\Python312\;C:\Windows\system32;C:\Windows;C:\Windows\System32\Wbem;C:\Windows\System32\WindowsPowerShell\v1.0\;C:\Windows\System32\OpenSSH\;C:\Program Files\Git\cmd;C:\Program Files\nodejs\;C:\ProgramData\chocolatey\bin;C:\Program Files (x86)\Microsoft Visual Studio\2022\BuildTools\VC\Tools\MSVC\14.40.33807\bin\Hostx64\x64;C:\Users\Aaryan\AppData\Local\Microsoft\WindowsApps;C:\Users\Aaryan\AppData\Local\JetBrains\IntelliJ IDEA Community Edition 2023.3.2\bin;;C:\Users\Aaryan\AppData\Local\Programs\Microsoft VS Code\bin;C:\Program Files\JetBrains\PyCharm Community Edition 2023.2.2\bin;;C:\Users\Aaryan\AppData\Local\Microsoft\WinGet\Packages\Schniz.fnm_Microsoft.Winget.Source_8wekyb3d8bbwe;C:\Users\Aaryan\AppData\Roaming\npm;C:\ProgramData\anaconda3;C:\ProgramData\anaconda3\Scripts;C:\ProgramData\anaconda3\Library\bin;;C:\Users\Aaryan\Desktop\sts-4.20.1.RELEASE;
USERNAME=Aaryan
OS=Windows_NT
PROCESSOR_IDENTIFIER=Intel64 Family 6 Model 186 Stepping 2, GenuineIntel
TMP=C:\Users\Aaryan\AppData\Local\Temp
TEMP=C:\Users\Aaryan\AppData\Local\Temp




Periodic native trim disabled

---------------  S Y S T E M  ---------------

OS:
 Windows 11 , 64 bit Build 22621 (10.0.22621.4391)
OS uptime: 0 days 6:31 hours
Hyper-V role detected

CPU: total 12 (initial active 12) (6 cores per cpu, 2 threads per core) family 6 model 186 stepping 2 microcode 0x410e, cx8, cmov, fxsr, ht, mmx, 3dnowpref, sse, sse2, sse3, ssse3, sse4.1, sse4.2, popcnt, lzcnt, tsc, tscinvbit, avx, avx2, aes, erms, clmul, bmi1, bmi2, adx, sha, fma, vzeroupper, clflush, clflushopt, clwb, hv, serialize, rdtscp, rdpid, fsrm, f16c, cet_ibt, cet_ss
Processor Information for processor 0
  Max Mhz: 2100, Current Mhz: 2100, Mhz Limit: 2100
Processor Information for processor 1
  Max Mhz: 2100, Current Mhz: 2100, Mhz Limit: 2100
Processor Information for processor 2
  Max Mhz: 2100, Current Mhz: 2100, Mhz Limit: 2100
Processor Information for processor 3
  Max Mhz: 2100, Current Mhz: 2100, Mhz Limit: 2100
Processor Information for processor 4
  Max Mhz: 2100, Current Mhz: 2100, Mhz Limit: 2100
Processor Information for processor 5
  Max Mhz: 2100, Current Mhz: 2100, Mhz Limit: 2100
Processor Information for processor 6
  Max Mhz: 2100, Current Mhz: 2100, Mhz Limit: 2100
Processor Information for processor 7
  Max Mhz: 2100, Current Mhz: 969, Mhz Limit: 2100
Processor Information for processor 8
  Max Mhz: 2100, Current Mhz: 1500, Mhz Limit: 1491
Processor Information for processor 9
  Max Mhz: 2100, Current Mhz: 1300, Mhz Limit: 1491
Processor Information for processor 10
  Max Mhz: 2100, Current Mhz: 1500, Mhz Limit: 1491
Processor Information for processor 11
  Max Mhz: 2100, Current Mhz: 1500, Mhz Limit: 1491

Memory: 4k page, system-wide physical 16107M (4657M free)
TotalPageFile size 19947M (AvailPageFile size 3391M)
current process WorkingSet (physical memory assigned to process): 343M, peak: 368M
current process commit charge ("private bytes"): 401M, peak: 428M

vm_info: Java HotSpot(TM) 64-Bit Server VM (21.0.5+9-LTS-239) for windows-amd64 JRE (21.0.5+9-LTS-239), built on 2024-09-30T05:17:38Z by "mach5one" with MS VC++ 17.6 (VS2022)

END.
