#
# A fatal error has been detected by the Java Runtime Environment:
#
#  EXCEPTION_ACCESS_VIOLATION (0xc0000005) at pc=0x000001c01f611050, pid=12952, tid=2172
#
# JRE version: Java(TM) SE Runtime Environment (21.0.5+9) (build 21.0.5+9-LTS-239)
# Java VM: Java HotSpot(TM) 64-Bit Server VM (21.0.5+9-LTS-239, mixed mode, emulated-client, sharing, tiered, compressed oops, compressed class ptrs, g1 gc, windows-amd64)
# Problematic frame:
# v  ~BufferBlob::MethodHandles adapters 0x000001c01f611050
#
# No core dump will be written. Minidumps are not enabled by default on client versions of Windows
#
# If you would like to submit a bug report, please visit:
#   https://bugreport.java.com/bugreport/crash.jsp
#

---------------  S U M M A R Y ------------

Command Line: -XX:+ShowCodeDetailsInExceptionMessages -agentlib:jdwp=transport=dt_socket,suspend=y,address=localhost:55981 -Dcom.sun.management.jmxremote -Dcom.sun.management.jmxremote.port=55980 -Dcom.sun.management.jmxremote.authenticate=false -Dcom.sun.management.jmxremote.ssl=false -Djava.rmi.server.hostname=localhost -Dspring.jmx.enabled=true -Dmanagement.endpoints.jmx.exposure.include=* -Dspring.application.admin.enabled=true -XX:TieredStopAtLevel=1 -Dspring.boot.project.name=eCart -javaagent:C:\Users\Aaryan\Desktop\sts-4.20.1.RELEASE\configuration\org.eclipse.osgi\262\0\.cp\lib\javaagent-shaded.jar -Dfile.encoding=UTF-8 -Dstdout.encoding=UTF-8 -Dstderr.encoding=UTF-8 com.hpcl.ECartApplication --spring.output.ansi.enabled=always

Host: 13th Gen Intel(R) Core(TM) i5-13420H, 12 cores, 15G,  Windows 11 , 64 bit Build 22621 (10.0.22621.4391)
Time: Fri Jan 31 16:37:27 2025 India Standard Time elapsed time: 15.904021 seconds (0d 0h 0m 15s)

---------------  T H R E A D  ---------------

Current thread (0x000001c070ed46c0):  JavaThread "restartedMain"        [_thread_in_Java, id=2172, stack(0x000000bb3ff00000,0x000000bb40000000) (1024K)]

Stack: [0x000000bb3ff00000,0x000000bb40000000],  sp=0x000000bb3fffd878,  free space=1014k
Native frames: (J=compiled Java code, j=interpreted, Vv=VM code, C=native code)
C  0x000001c01f611050

The last pc belongs to _linkToSpecial (printed below).

siginfo: EXCEPTION_ACCESS_VIOLATION (0xc0000005), reading address 0xffffffffffffffff


Registers:
RAX=0x000001c01f5e9086, RBX=0xe12cbbf600000000, RCX=0x000000bb3fffd880, RDX=0x0000000000000002
RSP=0x000000bb3fffd878, RBP=0x000000bb3fffd8c8, RSI=0x000001c0722f84b8, RDI=0x000001c07113c780
R8 =0x0000000000000004, R9 =0x0000000000000004, R10=0x00007ff80dbbbb20, R11=0x000001c02b0b6370
R12=0x0000000000000000, R13=0x000000bb3fffd878, R14=0x000000bb3fffd8e8, R15=0x000001c070ed46c0
RIP=0x000001c01f611050, EFLAGS=0x0000000000010202


Register to memory mapping:

RAX=0x000001c01f5e9086 is at code_begin+3078 in an Interpreter codelet
return entry points  [0x000001c01f5e8480, 0x000001c01f5ea298]  7704 bytes
RBX=0xe12cbbf600000000 is an unknown value
RCX=0x000000bb3fffd880 is pointing into the stack for thread: 0x000001c070ed46c0
RDX=0x0000000000000002 is an unknown value
RSP=0x000000bb3fffd878 is pointing into the stack for thread: 0x000001c070ed46c0
RBP=0x000000bb3fffd8c8 is pointing into the stack for thread: 0x000001c070ed46c0
RSI=0x000001c0722f84b8 points into unknown readable memory: 0x88001f6971954385 | 85 43 95 71 69 1f 00 88
RDI=0x000001c07113c780 points into unknown readable memory: 0x0000001800000070 | 70 00 00 00 18 00 00 00
R8 =0x0000000000000004 is an unknown value
R9 =0x0000000000000004 is an unknown value
R10=0x00007ff80dbbbb20 jvm.dll
R11={method} {0x000001c02b0b6378} 'newInvokeSpecial' '(Ljava/lang/Object;)Ljava/lang/Object;' in 'java/lang/invoke/DirectMethodHandle$Holder'
R12=0x0 is null
R13=0x000000bb3fffd878 is pointing into the stack for thread: 0x000001c070ed46c0
R14=0x000000bb3fffd8e8 is pointing into the stack for thread: 0x000001c070ed46c0
R15=0x000001c070ed46c0 is a thread

Top of Stack: (sp=0x000000bb3fffd878)
0x000000bb3fffd878:   000001c01f5e9086 000000bb3fffd880
0x000000bb3fffd888:   000001c02b72e53f 0000000000000004
0x000000bb3fffd898:   000001c02b0b1828 0000000705ad4380
0x000000bb3fffd8a8:   0000000705c1f278 000001c02b0b6370
0x000000bb3fffd8b8:   000000bb3fffd878 000000bb3fffd8f0
0x000000bb3fffd8c8:   000000bb3fffdc58 000001c01f9a614b
0x000000bb3fffd8d8:   000000070965deb8 000000070965df60
0x000000bb3fffd8e8:   000000070965df18 000000070965dcc8
0x000000bb3fffd8f8:   0000000000000000 000000bb3fffdc58
0x000000bb3fffd908:   000001c01fe7fb0c 0000000000000000
0x000000bb3fffd918:   0000000000000000 0000000000000000
0x000000bb3fffd928:   0000000000000000 0000000000000000
0x000000bb3fffd938:   0000000000000000 0000000000000000
0x000000bb3fffd948:   0000000000000000 0000000000000000
0x000000bb3fffd958:   0000000000000000 0000000000000000
0x000000bb3fffd968:   0000000705da9fe0 0000000705ad4380
0x000000bb3fffd978:   000000070965db90 000000070965db90
0x000000bb3fffd988:   000000070965dcc8 000000070965df48
0x000000bb3fffd998:   000000070965dd20 0000000705ad4380
0x000000bb3fffd9a8:   0000000000000001 000000bb3fffdc58
0x000000bb3fffd9b8:   000001c000000000 0000000000000000
0x000000bb3fffd9c8:   0000000000000000 000000070965df18
0x000000bb3fffd9d8:   000001c01f9ae8dc 0000000000000000
0x000000bb3fffd9e8:   0000000000000000 0000000000000000
0x000000bb3fffd9f8:   0000000000000000 000001c070ed46c0
0x000000bb3fffda08:   0000000000000000 000000070965dcc8
0x000000bb3fffda18:   0000000000000000 000000070965db90
0x000000bb3fffda28:   000000070965df48 000000070965dcc8
0x000000bb3fffda38:   0000000000000000 000000bb3fffdc00
0x000000bb3fffda48:   000001c01f9a566c 000000bb3fffdc58
0x000000bb3fffda58:   000001c01f9a01ca 0000000000000000
0x000000bb3fffda68:   000001c01f88dc89 000001c070ed46c0 

Instructions: (pc=0x000001c01f611050)
0x000001c01f610f50:   bf d8 05 00 00 00 74 03 ff 63 38 ff 63 50 e9 9d
0x000001c01f610f60:   16 00 00 66 66 66 0f 1f 84 00 00 00 00 00 66 66
0x000001c01f610f70:   66 90 66 66 0f 1f 84 00 00 00 00 00 66 66 66 90
0x000001c01f610f80:   48 8b 53 08 0f b7 52 2e 48 8b 0c d4 58 5b 50 44
0x000001c01f610f90:   8b 51 08 49 bb 00 00 00 2b c0 01 00 00 4d 03 d3
0x000001c01f610fa0:   4c 8b 5b 10 4b 8b 9c da c0 01 00 00 48 85 db 0f
0x000001c01f610fb0:   84 10 00 00 00 41 80 bf d8 05 00 00 00 74 03 ff
0x000001c01f610fc0:   63 38 ff 63 50 e9 36 16 00 00 66 66 66 0f 1f 84
0x000001c01f610fd0:   00 00 00 00 00 66 66 66 90 0f 1f 80 00 00 00 00
0x000001c01f610fe0:   58 5b 50 8b 5b 24 48 c1 e3 03 48 8b 5b 10 48 85
0x000001c01f610ff0:   db 0f 84 10 00 00 00 41 80 bf d8 05 00 00 00 74
0x000001c01f611000:   03 ff 63 38 ff 63 50 e9 f4 15 00 00 66 66 66 0f
0x000001c01f611010:   1f 84 00 00 00 00 00 66 66 66 90 0f 1f 44 00 00
0x000001c01f611020:   48 8b 53 08 0f b7 52 2e 48 8b 0c d4 58 5b 50 48
0x000001c01f611030:   3b 01 8b 5b 24 48 c1 e3 03 48 8b 5b 10 48 85 db
0x000001c01f611040:   0f 84 10 00 00 00 41 80 bf d8 05 00 00 00 74 03
0x000001c01f611050:   ff 63 38 ff 63 50 e9 a5 15 00 00 0f 1f 44 00 00
0x000001c01f611060:   48 8b 53 08 0f b7 52 2e 48 8b 0c d4 58 5b 50 44
0x000001c01f611070:   8b 51 08 49 bb 00 00 00 2b c0 01 00 00 4d 03 d3
0x000001c01f611080:   8b 43 18 48 c1 e0 03 48 8b 40 10 48 8b 5b 10 45
0x000001c01f611090:   8b 9a a0 00 00 00 4f 8d 9c da c0 01 00 00 4d 8d
0x000001c01f6110a0:   14 da 49 8b 1b 48 3b c3 74 15 48 85 db 0f 84 32
0x000001c01f6110b0:   00 00 00 49 83 c3 10 49 8b 1b 48 3b c3 75 eb 45
0x000001c01f6110c0:   8b 5b 08 4b 8b 1c 1a 48 85 db 0f 84 10 00 00 00
0x000001c01f6110d0:   41 80 bf d8 05 00 00 00 74 03 ff 63 38 ff 63 50
0x000001c01f6110e0:   e9 1b 15 00 00 e9 16 12 00 00 f4 00 00 00 00 00
0x000001c01f6110f0:   00 00 00 00 00 00 00 00 00 00 00 00 00 00 00 00
0x000001c01f611100:   00 00 00 00 00 00 00 00 00 00 00 00 00 00 00 00
0x000001c01f611110:   00 00 00 00 00 00 00 00 00 00 00 00 00 00 00 00
0x000001c01f611120:   00 00 00 00 00 00 00 00 00 00 00 00 00 00 00 00
0x000001c01f611130:   00 00 00 00 00 00 00 00 00 00 00 00 00 00 00 00
0x000001c01f611140:   00 00 00 00 00 00 00 00 00 00 00 00 00 00 00 00 


Stack slot to memory mapping:

stack at sp + 0 slots: 0x000001c01f5e9086 is at code_begin+3078 in an Interpreter codelet
return entry points  [0x000001c01f5e8480, 0x000001c01f5ea298]  7704 bytes
stack at sp + 1 slots: 0x000000bb3fffd880 is pointing into the stack for thread: 0x000001c070ed46c0
stack at sp + 2 slots: 0x000001c02b72e53f is pointing into metadata
stack at sp + 3 slots: 0x0000000000000004 is an unknown value
stack at sp + 4 slots: 0x000001c02b0b1828 is pointing into metadata
stack at sp + 5 slots: 0x0000000705ad4380 is an oop: java.lang.Class 
{0x0000000705ad4380} - klass: 'java/lang/Class'
 - ---- fields (total size 14 words):
 - private volatile transient 'classRedefinedCount' 'I' @12  1 (0x00000001)
 - injected 'klass' 'J' @16  1924887514128 (0x000001c02c3c8c10)
 - injected 'array_klass' 'J' @24  0 (0x0000000000000000)
 - injected 'oop_size' 'I' @32  14 (0x0000000e)
 - injected 'static_oop_field_count' 'I' @36  0 (0x00000000)
 - private volatile transient 'cachedConstructor' 'Ljava/lang/reflect/Constructor;' @40  null (0x00000000)
 - private transient 'name' 'Ljava/lang/String;' @44  "com.hpcl.service.ProductService"{0x0000000705ad44f0} (0xe0b5a89e)
 - private transient 'module' 'Ljava/lang/Module;' @48  a 'java/lang/Module'{0x0000000705016a08} (0xe0a02d41)
 - private final 'classLoader' 'Ljava/lang/ClassLoader;' @52  a 'org/springframework/boot/devtools/restart/classloader/RestartClassLoader'{0x0000000705002850} (0xe0a0050a)
 - private transient 'classData' 'Ljava/lang/Object;' @56  null (0x00000000)
 - private transient 'packageName' 'Ljava/lang/String;' @60  "com.hpcl.service"{0x0000000705ad44a8} (0xe0b5a895)
 - private final 'componentType' 'Ljava/lang/Class;' @64  null (0x00000000)
 - private volatile transient 'reflectionData' 'Ljava/lang/ref/SoftReference;' @68  a 'java/lang/ref/SoftReference'{0x0000000705720460} (0xe0ae408c)
 - private volatile transient 'genericInfo' 'Lsun/reflect/generics/repository/ClassRepository;' @72  null (0x00000000)
 - private volatile transient 'enumConstants' '[Ljava/lang/Object;' @76  null (0x00000000)
 - private volatile transient 'enumConstantDirectory' 'Ljava/util/Map;' @80  null (0x00000000)
 - private volatile transient 'annotationData' 'Ljava/lang/Class$AnnotationData;' @84  a 'java/lang/Class$AnnotationData'{0x0000000705720378} (0xe0ae406f)
 - private volatile transient 'annotationType' 'Lsun/reflect/annotation/AnnotationType;' @88  null (0x00000000)
 - transient 'classValueMap' 'Ljava/lang/ClassValue$ClassValueMap;' @92  null (0x00000000)
 - injected 'protection_domain' 'Ljava/lang/Object;' @96  a 'java/security/ProtectionDomain'{0x000000070505bf58} (0xe0a0b7eb)
 - injected 'signers_name' 'Ljava/lang/Object;' @100  null (0x00000000)
 - injected 'source_file' 'Ljava/lang/Object;' @104  null (0x00000000)
 - signature: Lcom/hpcl/service/ProductService;
 - ---- static fields (0):
stack at sp + 6 slots: 0x0000000705c1f278 is an oop: java.lang.Class 
{0x0000000705c1f278} - klass: 'java/lang/Class'
 - ---- fields (total size 14 words):
 - private volatile transient 'classRedefinedCount' 'I' @12  0 (0x00000000)
 - injected 'klass' 'J' @16  1924867494912 (0x000001c02b0b1400)
 - injected 'array_klass' 'J' @24  0 (0x0000000000000000)
 - injected 'oop_size' 'I' @32  14 (0x0000000e)
 - injected 'static_oop_field_count' 'I' @36  0 (0x00000000)
 - private volatile transient 'cachedConstructor' 'Ljava/lang/reflect/Constructor;' @40  null (0x00000000)
 - private transient 'name' 'Ljava/lang/String;' @44  null (0x00000000)
 - private transient 'module' 'Ljava/lang/Module;' @48  a 'java/lang/Module'{0x0000000705c28778} (0xe0b850ef)
 - private final 'classLoader' 'Ljava/lang/ClassLoader;' @52  null (0x00000000)
 - private transient 'classData' 'Ljava/lang/Object;' @56  null (0x00000000)
 - private transient 'packageName' 'Ljava/lang/String;' @60  null (0x00000000)
 - private final 'componentType' 'Ljava/lang/Class;' @64  null (0x00000000)
 - private volatile transient 'reflectionData' 'Ljava/lang/ref/SoftReference;' @68  null (0x00000000)
 - private volatile transient 'genericInfo' 'Lsun/reflect/generics/repository/ClassRepository;' @72  null (0x00000000)
 - private volatile transient 'enumConstants' '[Ljava/lang/Object;' @76  null (0x00000000)
 - private volatile transient 'enumConstantDirectory' 'Ljava/util/Map;' @80  null (0x00000000)
 - private volatile transient 'annotationData' 'Ljava/lang/Class$AnnotationData;' @84  null (0x00000000)
 - private volatile transient 'annotationType' 'Lsun/reflect/annotation/AnnotationType;' @88  null (0x00000000)
 - transient 'classValueMap' 'Ljava/lang/ClassValue$ClassValueMap;' @92  null (0x00000000)
 - injected 'protection_domain' 'Ljava/lang/Object;' @96  null (0x00000000)
 - injected 'signers_name' 'Ljava/lang/Object;' @100  null (0x00000000)
 - injected 'source_file' 'Ljava/lang/Object;' @104  null (0x00000000)
 - signature: Ljava/lang/invoke/DirectMethodHandle$Holder;
 - ---- static fields (0):
stack at sp + 7 slots: {method} {0x000001c02b0b6378} 'newInvokeSpecial' '(Ljava/lang/Object;)Ljava/lang/Object;' in 'java/lang/invoke/DirectMethodHandle$Holder'

MethodHandle::interpreter_entry::_linkToSpecial [0x000001c01f61100c, 0x000001c01f61105b] (79 bytes)
[MachCode]
  0x000001c01f61100c: 6666 660f | 1f84 0000 | 0000 0066 | 6666 900f | 1f44 0000 | 488b 5308 | 0fb7 522e | 488b 0cd4 
  0x000001c01f61102c: 585b 5048 | 3b01 8b5b | 2448 c1e3 | 0348 8b5b | 1048 85db | 0f84 1000 | 0000 4180 | bfd8 0500 
  0x000001c01f61104c: 0000 7403 | ff63 38ff | 6350 e9a5 | 
[/MachCode]

---------------  P R O C E S S  ---------------

Threads class SMR info:
_java_thread_list=0x000001c0738fd480, length=27, elements={
0x000001c017179de0, 0x000001c02a3b8af0, 0x000001c02a3b96a0, 0x000001c02a3bad50,
0x000001c02a3bbf40, 0x000001c02a3c51a0, 0x000001c02a3cc280, 0x000001c02a3cad00,
0x000001c02a736c70, 0x000001c02a7c7290, 0x000001c02a7cba60, 0x000001c02a7ce0f0,
0x000001c07058b810, 0x000001c07077cc40, 0x000001c070786380, 0x000001c0705befd0,
0x000001c070ed3c50, 0x000001c070ed46c0, 0x000001c070f36530, 0x000001c070f5a5f0,
0x000001c070f85640, 0x000001c070f6c3f0, 0x000001c070f6e4c0, 0x000001c070f6eb50,
0x000001c070f6f1e0, 0x000001c070f6d7a0, 0x000001c070f6de30
}

Java Threads: ( => current thread )
  0x000001c017179de0 JavaThread "main"                              [_thread_blocked, id=12920, stack(0x000000bb3db00000,0x000000bb3dc00000) (1024K)]
  0x000001c02a3b8af0 JavaThread "Reference Handler"          daemon [_thread_blocked, id=20096, stack(0x000000bb3e300000,0x000000bb3e400000) (1024K)]
  0x000001c02a3b96a0 JavaThread "Finalizer"                  daemon [_thread_blocked, id=22080, stack(0x000000bb3e400000,0x000000bb3e500000) (1024K)]
  0x000001c02a3bad50 JavaThread "Signal Dispatcher"          daemon [_thread_blocked, id=20404, stack(0x000000bb3e500000,0x000000bb3e600000) (1024K)]
  0x000001c02a3bbf40 JavaThread "Attach Listener"            daemon [_thread_blocked, id=13360, stack(0x000000bb3e600000,0x000000bb3e700000) (1024K)]
  0x000001c02a3c51a0 JavaThread "Service Thread"             daemon [_thread_blocked, id=1460, stack(0x000000bb3e700000,0x000000bb3e800000) (1024K)]
  0x000001c02a3cc280 JavaThread "Monitor Deflation Thread"   daemon [_thread_blocked, id=15600, stack(0x000000bb3e800000,0x000000bb3e900000) (1024K)]
  0x000001c02a3cad00 JavaThread "C1 CompilerThread0"         daemon [_thread_blocked, id=10288, stack(0x000000bb3e900000,0x000000bb3ea00000) (1024K)]
  0x000001c02a736c70 JavaThread "Common-Cleaner"             daemon [_thread_blocked, id=16264, stack(0x000000bb3ea00000,0x000000bb3eb00000) (1024K)]
  0x000001c02a7c7290 JavaThread "JDWP Transport Listener: dt_socket" daemon [_thread_blocked, id=4216, stack(0x000000bb3ed00000,0x000000bb3ee00000) (1024K)]
  0x000001c02a7cba60 JavaThread "JDWP Event Helper Thread"   daemon [_thread_blocked, id=16596, stack(0x000000bb3ee00000,0x000000bb3ef00000) (1024K)]
  0x000001c02a7ce0f0 JavaThread "JDWP Command Reader"        daemon [_thread_in_native, id=10476, stack(0x000000bb3ef00000,0x000000bb3f000000) (1024K)]
  0x000001c07058b810 JavaThread "Notification Thread"        daemon [_thread_blocked, id=18948, stack(0x000000bb3f000000,0x000000bb3f100000) (1024K)]
  0x000001c07077cc40 JavaThread "RMI TCP Accept-0"           daemon [_thread_in_native, id=21668, stack(0x000000bb3f800000,0x000000bb3f900000) (1024K)]
  0x000001c070786380 JavaThread "RMI TCP Accept-55980"       daemon [_thread_in_native, id=5632, stack(0x000000bb3f900000,0x000000bb3fa00000) (1024K)]
  0x000001c0705befd0 JavaThread "RMI TCP Accept-0"           daemon [_thread_in_native, id=4040, stack(0x000000bb3fa00000,0x000000bb3fb00000) (1024K)]
  0x000001c070ed3c50 JavaThread "Thread-0"                          [_thread_blocked, id=20808, stack(0x000000bb3fe00000,0x000000bb3ff00000) (1024K)]
=>0x000001c070ed46c0 JavaThread "restartedMain"                     [_thread_in_Java, id=2172, stack(0x000000bb3ff00000,0x000000bb40000000) (1024K)]
  0x000001c070f36530 JavaThread "RMI TCP Connection(1)-127.0.0.1" daemon [_thread_in_native, id=4304, stack(0x000000bb40000000,0x000000bb40100000) (1024K)]
  0x000001c070f5a5f0 JavaThread "RMI Scheduler(0)"           daemon [_thread_blocked, id=19780, stack(0x000000bb40100000,0x000000bb40200000) (1024K)]
  0x000001c070f85640 JavaThread "RMI TCP Connection(2)-127.0.0.1" daemon [_thread_in_native, id=14040, stack(0x000000bb40200000,0x000000bb40300000) (1024K)]
  0x000001c070f6c3f0 JavaThread "JMX server connection timeout 43" daemon [_thread_blocked, id=19324, stack(0x000000bb40300000,0x000000bb40400000) (1024K)]
  0x000001c070f6e4c0 JavaThread "Catalina-utility-1"                [_thread_blocked, id=11024, stack(0x000000bb40600000,0x000000bb40700000) (1024K)]
  0x000001c070f6eb50 JavaThread "Catalina-utility-2"                [_thread_blocked, id=10124, stack(0x000000bb40700000,0x000000bb40800000) (1024K)]
  0x000001c070f6f1e0 JavaThread "container-0"                       [_thread_blocked, id=21696, stack(0x000000bb40800000,0x000000bb40900000) (1024K)]
  0x000001c070f6d7a0 JavaThread "PostgreSQL-JDBC-Cleaner"    daemon [_thread_blocked, id=22248, stack(0x000000bb40a00000,0x000000bb40b00000) (1024K)]
  0x000001c070f6de30 JavaThread "HikariPool-1 housekeeper"   daemon [_thread_blocked, id=20176, stack(0x000000bb40b00000,0x000000bb40c00000) (1024K)]
Total: 27

Other Threads:
  0x000001c02a39e7b0 VMThread "VM Thread"                           [id=4652, stack(0x000000bb3e200000,0x000000bb3e300000) (1024K)] _threads_hazard_ptr=0x000001c0738fd480
  0x000001c02a3892f0 WatcherThread "VM Periodic Task Thread"        [id=18452, stack(0x000000bb3e100000,0x000000bb3e200000) (1024K)]
  0x000001c0171e4690 WorkerThread "GC Thread#0"                     [id=5024, stack(0x000000bb3dc00000,0x000000bb3dd00000) (1024K)]
  0x000001c07071bba0 WorkerThread "GC Thread#1"                     [id=4756, stack(0x000000bb3f100000,0x000000bb3f200000) (1024K)]
  0x000001c07071bf40 WorkerThread "GC Thread#2"                     [id=1804, stack(0x000000bb3f200000,0x000000bb3f300000) (1024K)]
  0x000001c07071c700 WorkerThread "GC Thread#3"                     [id=6012, stack(0x000000bb3f300000,0x000000bb3f400000) (1024K)]
  0x000001c07071eab0 WorkerThread "GC Thread#4"                     [id=21000, stack(0x000000bb3f400000,0x000000bb3f500000) (1024K)]
  0x000001c07071f060 WorkerThread "GC Thread#5"                     [id=11484, stack(0x000000bb3f500000,0x000000bb3f600000) (1024K)]
  0x000001c07074eb10 WorkerThread "GC Thread#6"                     [id=21132, stack(0x000000bb3f600000,0x000000bb3f700000) (1024K)]
  0x000001c07074eeb0 WorkerThread "GC Thread#7"                     [id=20140, stack(0x000000bb3f700000,0x000000bb3f800000) (1024K)]
  0x000001c07097acb0 WorkerThread "GC Thread#8"                     [id=11388, stack(0x000000bb3fb00000,0x000000bb3fc00000) (1024K)]
  0x000001c07097a910 WorkerThread "GC Thread#9"                     [id=18456, stack(0x000000bb3fc00000,0x000000bb3fd00000) (1024K)]
  0x000001c0171f5a80 ConcurrentGCThread "G1 Main Marker"            [id=22468, stack(0x000000bb3dd00000,0x000000bb3de00000) (1024K)]
  0x000001c0171f6480 WorkerThread "G1 Conc#0"                       [id=20024, stack(0x000000bb3de00000,0x000000bb3df00000) (1024K)]
  0x000001c07097bb30 WorkerThread "G1 Conc#1"                       [id=21628, stack(0x000000bb40400000,0x000000bb40500000) (1024K)]
  0x000001c071118f50 WorkerThread "G1 Conc#2"                       [id=11564, stack(0x000000bb40500000,0x000000bb40600000) (1024K)]
  0x000001c02a25d4f0 ConcurrentGCThread "G1 Refine#0"               [id=19152, stack(0x000000bb3df00000,0x000000bb3e000000) (1024K)]
  0x000001c02a25df60 ConcurrentGCThread "G1 Service"                [id=14144, stack(0x000000bb3e000000,0x000000bb3e100000) (1024K)]
Total: 18

Threads with active compile tasks:
Total: 0

VM state: synchronizing (normal execution)

VM Mutex/Monitor currently owned by a thread:  ([mutex/lock_event])
[0x00007ff80dbabe98] Threads_lock - owner thread: 0x000001c02a39e7b0

Heap address: 0x0000000704400000, size: 4028 MB, Compressed Oops mode: Zero based, Oop shift amount: 3

CDS archive(s) mapped at: [0x000001c02b000000-0x000001c02bc90000-0x000001c02bc90000), size 13172736, SharedBaseAddress: 0x000001c02b000000, ArchiveRelocationMode: 1.
Compressed class space mapped at: 0x000001c02c000000-0x000001c06c000000, reserved size: 1073741824
Narrow klass base: 0x000001c02b000000, Narrow klass shift: 0, Narrow klass range: 0x100000000

GC Precious Log:
 CardTable entry size: 512
 Card Set container configuration: InlinePtr #cards 4 size 8 Array Of Cards #cards 16 size 48 Howl #buckets 8 coarsen threshold 3686 Howl Bitmap #cards 512 size 80 coarsen threshold 460 Card regions per heap region 1 cards per card region 4096
 CPUs: 12 total, 12 available
 Memory: 16107M
 Large Page Support: Disabled
 NUMA Support: Disabled
 Compressed Oops: Enabled (Zero based)
 Heap Region Size: 2M
 Heap Min Capacity: 8M
 Heap Initial Capacity: 252M
 Heap Max Capacity: 4028M
 Pre-touch: Disabled
 Parallel Workers: 10
 Concurrent Workers: 3
 Concurrent Refinement Workers: 10
 Periodic GC: Disabled

Heap:
 garbage-first heap   total 114688K, used 62310K [0x0000000704400000, 0x0000000800000000)
  region size 2048K, 19 young (38912K), 4 survivors (8192K)
 Metaspace       used 69473K, committed 70208K, reserved 1114112K
  class space    used 9593K, committed 9920K, reserved 1048576K

Heap Regions: E=young(eden), S=young(survivor), O=old, HS=humongous(starts), HC=humongous(continues), CS=collection set, F=free, TAMS=top-at-mark-start, PB=parsable bottom
|   0|0x0000000704400000, 0x0000000704600000, 0x0000000704600000|100%| O|  |TAMS 0x0000000704400000| PB 0x0000000704400000| Untracked 
|   1|0x0000000704600000, 0x0000000704800000, 0x0000000704800000|100%| O|  |TAMS 0x0000000704600000| PB 0x0000000704600000| Untracked 
|   2|0x0000000704800000, 0x0000000704a00000, 0x0000000704a00000|100%| O|  |TAMS 0x0000000704800000| PB 0x0000000704800000| Untracked 
|   3|0x0000000704a00000, 0x0000000704a00000, 0x0000000704c00000|  0%| F|  |TAMS 0x0000000704a00000| PB 0x0000000704a00000| Untracked 
|   4|0x0000000704c00000, 0x0000000704e00000, 0x0000000704e00000|100%| O|  |TAMS 0x0000000704c00000| PB 0x0000000704c00000| Untracked 
|   5|0x0000000704e00000, 0x0000000705000000, 0x0000000705000000|100%| O|  |TAMS 0x0000000704e00000| PB 0x0000000704e00000| Untracked 
|   6|0x0000000705000000, 0x0000000705200000, 0x0000000705200000|100%| O|  |TAMS 0x0000000705000000| PB 0x0000000705000000| Untracked 
|   7|0x0000000705200000, 0x0000000705400000, 0x0000000705400000|100%| O|  |TAMS 0x0000000705200000| PB 0x0000000705200000| Untracked 
|   8|0x0000000705400000, 0x0000000705600000, 0x0000000705600000|100%| O|Cm|TAMS 0x0000000705400000| PB 0x0000000705400000| Complete 
|   9|0x0000000705600000, 0x0000000705800000, 0x0000000705800000|100%| O|  |TAMS 0x0000000705600000| PB 0x0000000705600000| Untracked 
|  10|0x0000000705800000, 0x0000000705a00000, 0x0000000705a00000|100%| O|  |TAMS 0x0000000705800000| PB 0x0000000705800000| Untracked 
|  11|0x0000000705a00000, 0x0000000705c00000, 0x0000000705c00000|100%| O|  |TAMS 0x0000000705a00000| PB 0x0000000705a00000| Untracked 
|  12|0x0000000705c00000, 0x0000000705e00000, 0x0000000705e00000|100%| O|  |TAMS 0x0000000705c00000| PB 0x0000000705c00000| Untracked 
|  13|0x0000000705e00000, 0x0000000706000000, 0x0000000706000000|100%| O|  |TAMS 0x0000000705e00000| PB 0x0000000705e00000| Untracked 
|  14|0x0000000706000000, 0x00000007060c4518, 0x0000000706200000| 38%| O|  |TAMS 0x0000000706000000| PB 0x0000000706000000| Untracked 
|  15|0x0000000706200000, 0x0000000706200000, 0x0000000706400000|  0%| F|  |TAMS 0x0000000706200000| PB 0x0000000706200000| Untracked 
|  16|0x0000000706400000, 0x0000000706415548, 0x0000000706600000|  4%| S|CS|TAMS 0x0000000706400000| PB 0x0000000706400000| Complete 
|  17|0x0000000706600000, 0x0000000706800000, 0x0000000706800000|100%| S|CS|TAMS 0x0000000706600000| PB 0x0000000706600000| Complete 
|  18|0x0000000706800000, 0x0000000706a00000, 0x0000000706a00000|100%| S|CS|TAMS 0x0000000706800000| PB 0x0000000706800000| Complete 
|  19|0x0000000706a00000, 0x0000000706c00000, 0x0000000706c00000|100%| S|CS|TAMS 0x0000000706a00000| PB 0x0000000706a00000| Complete 
|  20|0x0000000706c00000, 0x0000000706c00000, 0x0000000706e00000|  0%| F|  |TAMS 0x0000000706c00000| PB 0x0000000706c00000| Untracked 
|  21|0x0000000706e00000, 0x0000000706e00000, 0x0000000707000000|  0%| F|  |TAMS 0x0000000706e00000| PB 0x0000000706e00000| Untracked 
|  22|0x0000000707000000, 0x0000000707000000, 0x0000000707200000|  0%| F|  |TAMS 0x0000000707000000| PB 0x0000000707000000| Untracked 
|  23|0x0000000707200000, 0x0000000707200000, 0x0000000707400000|  0%| F|  |TAMS 0x0000000707200000| PB 0x0000000707200000| Untracked 
|  24|0x0000000707400000, 0x0000000707400000, 0x0000000707600000|  0%| F|  |TAMS 0x0000000707400000| PB 0x0000000707400000| Untracked 
|  25|0x0000000707600000, 0x0000000707600000, 0x0000000707800000|  0%| F|  |TAMS 0x0000000707600000| PB 0x0000000707600000| Untracked 
|  26|0x0000000707800000, 0x0000000707800000, 0x0000000707a00000|  0%| F|  |TAMS 0x0000000707800000| PB 0x0000000707800000| Untracked 
|  27|0x0000000707a00000, 0x0000000707a00000, 0x0000000707c00000|  0%| F|  |TAMS 0x0000000707a00000| PB 0x0000000707a00000| Untracked 
|  28|0x0000000707c00000, 0x0000000707c00000, 0x0000000707e00000|  0%| F|  |TAMS 0x0000000707c00000| PB 0x0000000707c00000| Untracked 
|  29|0x0000000707e00000, 0x0000000707e00000, 0x0000000708000000|  0%| F|  |TAMS 0x0000000707e00000| PB 0x0000000707e00000| Untracked 
|  30|0x0000000708000000, 0x0000000708000000, 0x0000000708200000|  0%| F|  |TAMS 0x0000000708000000| PB 0x0000000708000000| Untracked 
|  31|0x0000000708200000, 0x0000000708200000, 0x0000000708400000|  0%| F|  |TAMS 0x0000000708200000| PB 0x0000000708200000| Untracked 
|  32|0x0000000708400000, 0x0000000708400000, 0x0000000708600000|  0%| F|  |TAMS 0x0000000708400000| PB 0x0000000708400000| Untracked 
|  33|0x0000000708600000, 0x0000000708600000, 0x0000000708800000|  0%| F|  |TAMS 0x0000000708600000| PB 0x0000000708600000| Untracked 
|  34|0x0000000708800000, 0x0000000708800000, 0x0000000708a00000|  0%| F|  |TAMS 0x0000000708800000| PB 0x0000000708800000| Untracked 
|  35|0x0000000708a00000, 0x0000000708a00000, 0x0000000708c00000|  0%| F|  |TAMS 0x0000000708a00000| PB 0x0000000708a00000| Untracked 
|  36|0x0000000708c00000, 0x0000000708c00000, 0x0000000708e00000|  0%| F|  |TAMS 0x0000000708c00000| PB 0x0000000708c00000| Untracked 
|  37|0x0000000708e00000, 0x0000000708e00000, 0x0000000709000000|  0%| F|  |TAMS 0x0000000708e00000| PB 0x0000000708e00000| Untracked 
|  38|0x0000000709000000, 0x0000000709000000, 0x0000000709200000|  0%| F|  |TAMS 0x0000000709000000| PB 0x0000000709000000| Untracked 
|  39|0x0000000709200000, 0x0000000709200000, 0x0000000709400000|  0%| F|  |TAMS 0x0000000709200000| PB 0x0000000709200000| Untracked 
|  40|0x0000000709400000, 0x0000000709400000, 0x0000000709600000|  0%| F|  |TAMS 0x0000000709400000| PB 0x0000000709400000| Untracked 
|  41|0x0000000709600000, 0x00000007097bead0, 0x0000000709800000| 87%| E|  |TAMS 0x0000000709600000| PB 0x0000000709600000| Complete 
|  42|0x0000000709800000, 0x0000000709a00000, 0x0000000709a00000|100%| E|CS|TAMS 0x0000000709800000| PB 0x0000000709800000| Complete 
|  43|0x0000000709a00000, 0x0000000709c00000, 0x0000000709c00000|100%| E|CS|TAMS 0x0000000709a00000| PB 0x0000000709a00000| Complete 
|  44|0x0000000709c00000, 0x0000000709e00000, 0x0000000709e00000|100%| E|CS|TAMS 0x0000000709c00000| PB 0x0000000709c00000| Complete 
|  45|0x0000000709e00000, 0x000000070a000000, 0x000000070a000000|100%| E|CS|TAMS 0x0000000709e00000| PB 0x0000000709e00000| Complete 
|  46|0x000000070a000000, 0x000000070a200000, 0x000000070a200000|100%| E|CS|TAMS 0x000000070a000000| PB 0x000000070a000000| Complete 
|  47|0x000000070a200000, 0x000000070a400000, 0x000000070a400000|100%| E|CS|TAMS 0x000000070a200000| PB 0x000000070a200000| Complete 
|  48|0x000000070a400000, 0x000000070a600000, 0x000000070a600000|100%| E|CS|TAMS 0x000000070a400000| PB 0x000000070a400000| Complete 
|  49|0x000000070a600000, 0x000000070a800000, 0x000000070a800000|100%| E|CS|TAMS 0x000000070a600000| PB 0x000000070a600000| Complete 
|  50|0x000000070a800000, 0x000000070aa00000, 0x000000070aa00000|100%| E|CS|TAMS 0x000000070a800000| PB 0x000000070a800000| Complete 
|  51|0x000000070aa00000, 0x000000070ac00000, 0x000000070ac00000|100%| E|CS|TAMS 0x000000070aa00000| PB 0x000000070aa00000| Complete 
|  52|0x000000070ac00000, 0x000000070ae00000, 0x000000070ae00000|100%| E|CS|TAMS 0x000000070ac00000| PB 0x000000070ac00000| Complete 
|  53|0x000000070ae00000, 0x000000070b000000, 0x000000070b000000|100%| E|CS|TAMS 0x000000070ae00000| PB 0x000000070ae00000| Complete 
|  54|0x000000070b000000, 0x000000070b200000, 0x000000070b200000|100%| E|CS|TAMS 0x000000070b000000| PB 0x000000070b000000| Complete 
| 125|0x0000000713e00000, 0x0000000714000000, 0x0000000714000000|100%| E|CS|TAMS 0x0000000713e00000| PB 0x0000000713e00000| Complete 

Card table byte_map: [0x000001c0230f0000,0x000001c0238d0000] _byte_map_base: 0x000001c01f8ce000

Marking Bits: (CMBitMap*) 0x000001c0171e4c90
 Bits: [0x000001c0238d0000, 0x000001c0277c0000)

Polling page: 0x000001c015150000

Metaspace:

Usage:
  Non-class:     58.48 MB used.
      Class:      9.37 MB used.
       Both:     67.85 MB used.

Virtual space:
  Non-class space:       64.00 MB reserved,      58.88 MB ( 92%) committed,  1 nodes.
      Class space:        1.00 GB reserved,       9.69 MB ( <1%) committed,  1 nodes.
             Both:        1.06 GB reserved,      68.56 MB (  6%) committed. 

Chunk freelists:
   Non-Class:  5.02 MB
       Class:  6.28 MB
        Both:  11.30 MB

MaxMetaspaceSize: unlimited
CompressedClassSpaceSize: 1.00 GB
Initial GC threshold: 21.00 MB
Current GC threshold: 104.06 MB
CDS: on
 - commit_granule_bytes: 65536.
 - commit_granule_words: 8192.
 - virtual_space_node_default_size: 8388608.
 - enlarge_chunks_in_place: 1.
 - use_allocation_guard: 0.


Internal statistics:

num_allocs_failed_limit: 6.
num_arena_births: 964.
num_arena_deaths: 0.
num_vsnodes_births: 2.
num_vsnodes_deaths: 0.
num_space_committed: 1097.
num_space_uncommitted: 0.
num_chunks_returned_to_freelist: 6.
num_chunks_taken_from_freelist: 3340.
num_chunk_merges: 6.
num_chunk_splits: 2448.
num_chunks_enlarged: 1916.
num_inconsistent_stats: 0.

CodeCache: size=49152Kb used=11670Kb max_used=13280Kb free=37481Kb
 bounds [0x000001c01f5e0000, 0x000001c0202e0000, 0x000001c0225e0000]
 total_blobs=6719 nmethods=6028 adapters=615
 compilation: enabled
              stopped_count=0, restarted_count=0
 full_count=0

Compilation events (20 events):
Event: 12.548 Thread 0x000001c02a3cad00 6099       1       java.io.BufferedOutputStream::flushBuffer (29 bytes)
Event: 12.548 Thread 0x000001c02a3cad00 nmethod 6099 0x000001c01fbb9d10 code [0x000001c01fbb9ea0, 0x000001c01fbb9fc0]
Event: 13.603 Thread 0x000001c02a3cad00 6100       1       jdk.internal.util.ByteArray::setLong (10 bytes)
Event: 13.603 Thread 0x000001c02a3cad00 nmethod 6100 0x000001c01fbb9810 code [0x000001c01fbb99c0, 0x000001c01fbb9b18]
Event: 13.603 Thread 0x000001c02a3cad00 6101       1       java.io.ObjectOutputStream::writeLong (9 bytes)
Event: 13.603 Thread 0x000001c02a3cad00 nmethod 6101 0x000001c01fbb9490 code [0x000001c01fbb9620, 0x000001c01fbb9728]
Event: 13.603 Thread 0x000001c02a3cad00 6102       1       java.io.ObjectOutputStream$BlockDataOutputStream::writeLong (48 bytes)
Event: 13.604 Thread 0x000001c02a3cad00 nmethod 6102 0x000001c01fbb8c10 code [0x000001c01fbb8de0, 0x000001c01fbb90d0]
Event: 13.604 Thread 0x000001c02a3cad00 6103       1       java.io.ObjectStreamField::getTypeString (16 bytes)
Event: 13.604 Thread 0x000001c02a3cad00 nmethod 6103 0x000001c01fbb8590 code [0x000001c01fbb8740, 0x000001c01fbb89b8]
Event: 13.604 Thread 0x000001c02a3cad00 6104       1       java.io.ObjectOutputStream::writeTypeString (40 bytes)
Event: 13.604 Thread 0x000001c02a3cad00 nmethod 6104 0x000001c01fbb7f90 code [0x000001c01fbb8180, 0x000001c01fbb83c8]
Event: 14.157 Thread 0x000001c02a3cad00 6105       1       java.io.ObjectOutputStream::writeShort (9 bytes)
Event: 14.157 Thread 0x000001c02a3cad00 nmethod 6105 0x000001c01fbb7c10 code [0x000001c01fbb7da0, 0x000001c01fbb7ea0]
Event: 14.662 Thread 0x000001c02a3cad00 6106   !   1       java.io.ObjectOutputStream::writeObject (38 bytes)
Event: 14.663 Thread 0x000001c02a3cad00 nmethod 6106 0x000001c01fbb7790 code [0x000001c01fbb7940, 0x000001c01fbb7b08]
Event: 15.717 Thread 0x000001c02a3cad00 6107   !   1       java.io.BufferedOutputStream::flush (60 bytes)
Event: 15.718 Thread 0x000001c02a3cad00 nmethod 6107 0x000001c01fbb6a90 code [0x000001c01fbb6d00, 0x000001c01fbb7310]
Event: 15.718 Thread 0x000001c02a3cad00 6108       1       java.io.BufferedOutputStream::implFlush (12 bytes)
Event: 15.718 Thread 0x000001c02a3cad00 nmethod 6108 0x000001c01fbb6690 code [0x000001c01fbb6840, 0x000001c01fbb6998]

GC Heap History (20 events):
Event: 2.146 GC heap before
{Heap before GC invocations=10 (full 0):
 garbage-first heap   total 77824K, used 59226K [0x0000000704400000, 0x0000000800000000)
  region size 2048K, 22 young (45056K), 3 survivors (6144K)
 Metaspace       used 31791K, committed 32256K, reserved 1114112K
  class space    used 4061K, committed 4288K, reserved 1048576K
}
Event: 2.148 GC heap after
{Heap after GC invocations=11 (full 0):
 garbage-first heap   total 94208K, used 21290K [0x0000000704400000, 0x0000000800000000)
  region size 2048K, 3 young (6144K), 3 survivors (6144K)
 Metaspace       used 31791K, committed 32256K, reserved 1114112K
  class space    used 4061K, committed 4288K, reserved 1048576K
}
Event: 2.498 GC heap before
{Heap before GC invocations=11 (full 0):
 garbage-first heap   total 94208K, used 68394K [0x0000000704400000, 0x0000000800000000)
  region size 2048K, 27 young (55296K), 3 survivors (6144K)
 Metaspace       used 35276K, committed 35712K, reserved 1114112K
  class space    used 4612K, committed 4800K, reserved 1048576K
}
Event: 2.500 GC heap after
{Heap after GC invocations=12 (full 0):
 garbage-first heap   total 94208K, used 22355K [0x0000000704400000, 0x0000000800000000)
  region size 2048K, 3 young (6144K), 3 survivors (6144K)
 Metaspace       used 35276K, committed 35712K, reserved 1114112K
  class space    used 4612K, committed 4800K, reserved 1048576K
}
Event: 2.863 GC heap before
{Heap before GC invocations=12 (full 0):
 garbage-first heap   total 94208K, used 69459K [0x0000000704400000, 0x0000000800000000)
  region size 2048K, 27 young (55296K), 3 survivors (6144K)
 Metaspace       used 39502K, committed 40000K, reserved 1114112K
  class space    used 5252K, committed 5440K, reserved 1048576K
}
Event: 2.866 GC heap after
{Heap after GC invocations=13 (full 0):
 garbage-first heap   total 94208K, used 24749K [0x0000000704400000, 0x0000000800000000)
  region size 2048K, 3 young (6144K), 3 survivors (6144K)
 Metaspace       used 39502K, committed 40000K, reserved 1114112K
  class space    used 5252K, committed 5440K, reserved 1048576K
}
Event: 3.194 GC heap before
{Heap before GC invocations=13 (full 0):
 garbage-first heap   total 94208K, used 73901K [0x0000000704400000, 0x0000000800000000)
  region size 2048K, 27 young (55296K), 3 survivors (6144K)
 Metaspace       used 42817K, committed 43392K, reserved 1114112K
  class space    used 5695K, committed 5952K, reserved 1048576K
}
Event: 3.198 GC heap after
{Heap after GC invocations=14 (full 0):
 garbage-first heap   total 94208K, used 27954K [0x0000000704400000, 0x0000000800000000)
  region size 2048K, 4 young (8192K), 4 survivors (8192K)
 Metaspace       used 42817K, committed 43392K, reserved 1114112K
  class space    used 5695K, committed 5952K, reserved 1048576K
}
Event: 3.333 GC heap before
{Heap before GC invocations=14 (full 0):
 garbage-first heap   total 94208K, used 56626K [0x0000000704400000, 0x0000000800000000)
  region size 2048K, 19 young (38912K), 4 survivors (8192K)
 Metaspace       used 43463K, committed 44096K, reserved 1114112K
  class space    used 5789K, committed 6080K, reserved 1048576K
}
Event: 3.336 GC heap after
{Heap after GC invocations=15 (full 0):
 garbage-first heap   total 94208K, used 28352K [0x0000000704400000, 0x0000000800000000)
  region size 2048K, 2 young (4096K), 2 survivors (4096K)
 Metaspace       used 43463K, committed 44096K, reserved 1114112K
  class space    used 5789K, committed 6080K, reserved 1048576K
}
Event: 3.658 GC heap before
{Heap before GC invocations=16 (full 0):
 garbage-first heap   total 94208K, used 77504K [0x0000000704400000, 0x0000000800000000)
  region size 2048K, 27 young (55296K), 2 survivors (4096K)
 Metaspace       used 47743K, committed 48384K, reserved 1114112K
  class space    used 6414K, committed 6720K, reserved 1048576K
}
Event: 3.659 GC heap after
{Heap after GC invocations=17 (full 0):
 garbage-first heap   total 94208K, used 29522K [0x0000000704400000, 0x0000000800000000)
  region size 2048K, 3 young (6144K), 3 survivors (6144K)
 Metaspace       used 47743K, committed 48384K, reserved 1114112K
  class space    used 6414K, committed 6720K, reserved 1048576K
}
Event: 4.067 GC heap before
{Heap before GC invocations=17 (full 0):
 garbage-first heap   total 94208K, used 78674K [0x0000000704400000, 0x0000000800000000)
  region size 2048K, 27 young (55296K), 3 survivors (6144K)
 Metaspace       used 53149K, committed 53824K, reserved 1114112K
  class space    used 7153K, committed 7488K, reserved 1048576K
}
Event: 4.072 GC heap after
{Heap after GC invocations=18 (full 0):
 garbage-first heap   total 94208K, used 30092K [0x0000000704400000, 0x0000000800000000)
  region size 2048K, 2 young (4096K), 2 survivors (4096K)
 Metaspace       used 53149K, committed 53824K, reserved 1114112K
  class space    used 7153K, committed 7488K, reserved 1048576K
}
Event: 4.403 GC heap before
{Heap before GC invocations=18 (full 0):
 garbage-first heap   total 94208K, used 79244K [0x0000000704400000, 0x0000000800000000)
  region size 2048K, 27 young (55296K), 2 survivors (4096K)
 Metaspace       used 57806K, committed 58496K, reserved 1114112K
  class space    used 7745K, committed 8064K, reserved 1048576K
}
Event: 4.405 GC heap after
{Heap after GC invocations=19 (full 0):
 garbage-first heap   total 94208K, used 30841K [0x0000000704400000, 0x0000000800000000)
  region size 2048K, 3 young (6144K), 3 survivors (6144K)
 Metaspace       used 57806K, committed 58496K, reserved 1114112K
  class space    used 7745K, committed 8064K, reserved 1048576K
}
Event: 4.672 GC heap before
{Heap before GC invocations=19 (full 0):
 garbage-first heap   total 94208K, used 75897K [0x0000000704400000, 0x0000000800000000)
  region size 2048K, 26 young (53248K), 3 survivors (6144K)
 Metaspace       used 63116K, committed 63808K, reserved 1114112K
  class space    used 8659K, committed 8960K, reserved 1048576K
}
Event: 4.675 GC heap after
{Heap after GC invocations=20 (full 0):
 garbage-first heap   total 94208K, used 31797K [0x0000000704400000, 0x0000000800000000)
  region size 2048K, 3 young (6144K), 3 survivors (6144K)
 Metaspace       used 63116K, committed 63808K, reserved 1114112K
  class space    used 8659K, committed 8960K, reserved 1048576K
}
Event: 4.975 GC heap before
{Heap before GC invocations=21 (full 0):
 garbage-first heap   total 94208K, used 78901K [0x0000000704400000, 0x0000000800000000)
  region size 2048K, 26 young (53248K), 3 survivors (6144K)
 Metaspace       used 67035K, committed 67776K, reserved 1114112K
  class space    used 9252K, committed 9600K, reserved 1048576K
}
Event: 4.978 GC heap after
{Heap after GC invocations=22 (full 0):
 garbage-first heap   total 114688K, used 33638K [0x0000000704400000, 0x0000000800000000)
  region size 2048K, 4 young (8192K), 4 survivors (8192K)
 Metaspace       used 67035K, committed 67776K, reserved 1114112K
  class space    used 9252K, committed 9600K, reserved 1048576K
}

Dll operation events (12 events):
Event: 0.007 Loaded shared library C:\Program Files\Java\jdk-21\bin\java.dll
Event: 0.251 Loaded shared library C:\Program Files\Java\jdk-21\bin\zip.dll
Event: 0.254 Loaded shared library C:\Program Files\Java\jdk-21\bin\instrument.dll
Event: 0.257 Loaded shared library C:\Program Files\Java\jdk-21\bin\net.dll
Event: 0.258 Loaded shared library C:\Program Files\Java\jdk-21\bin\nio.dll
Event: 0.260 Loaded shared library C:\Program Files\Java\jdk-21\bin\zip.dll
Event: 0.393 Loaded shared library C:\Program Files\Java\jdk-21\bin\jimage.dll
Event: 0.420 Loaded shared library C:\Program Files\Java\jdk-21\bin\management.dll
Event: 0.427 Loaded shared library C:\Program Files\Java\jdk-21\bin\management_ext.dll
Event: 0.572 Loaded shared library C:\Program Files\Java\jdk-21\bin\extnet.dll
Event: 0.585 Loaded shared library C:\Program Files\Java\jdk-21\bin\verify.dll
Event: 1.860 Loaded shared library C:\Program Files\Java\jdk-21\bin\sunmscapi.dll

Deoptimization events (20 events):
Event: 13.603 Thread 0x000001c070f85640 DEOPT PACKING pc=0x000001c0200cdc74 sp=0x000000bb402fea80
Event: 13.603 Thread 0x000001c070f85640 DEOPT UNPACKING pc=0x000001c01f634e42 sp=0x000000bb402fdf70 mode 1
Event: 14.156 Thread 0x000001c070f85640 DEOPT PACKING pc=0x000001c020083a94 sp=0x000000bb402fe8d0
Event: 14.157 Thread 0x000001c070f85640 DEOPT UNPACKING pc=0x000001c01f634e42 sp=0x000000bb402fddd0 mode 1
Event: 14.157 Thread 0x000001c070f85640 DEOPT PACKING pc=0x000001c0200cdc74 sp=0x000000bb402fea80
Event: 14.157 Thread 0x000001c070f85640 DEOPT UNPACKING pc=0x000001c01f634e42 sp=0x000000bb402fdf70 mode 1
Event: 14.662 Thread 0x000001c070f85640 DEOPT PACKING pc=0x000001c020083a94 sp=0x000000bb402fe8d0
Event: 14.662 Thread 0x000001c070f85640 DEOPT UNPACKING pc=0x000001c01f634e42 sp=0x000000bb402fddd0 mode 1
Event: 14.662 Thread 0x000001c070f85640 DEOPT PACKING pc=0x000001c0200cdc74 sp=0x000000bb402fea80
Event: 14.662 Thread 0x000001c070f85640 DEOPT UNPACKING pc=0x000001c01f634e42 sp=0x000000bb402fdf70 mode 1
Event: 15.216 Thread 0x000001c070f85640 DEOPT PACKING pc=0x000001c020083a94 sp=0x000000bb402fe8d0
Event: 15.216 Thread 0x000001c070f85640 DEOPT UNPACKING pc=0x000001c01f634e42 sp=0x000000bb402fddd0 mode 1
Event: 15.216 Thread 0x000001c070f85640 DEOPT PACKING pc=0x000001c0200cdc74 sp=0x000000bb402fea80
Event: 15.216 Thread 0x000001c070f85640 DEOPT UNPACKING pc=0x000001c01f634e42 sp=0x000000bb402fdf70 mode 1
Event: 15.717 Thread 0x000001c070f85640 DEOPT PACKING pc=0x000001c020083a94 sp=0x000000bb402fe8d0
Event: 15.717 Thread 0x000001c070f85640 DEOPT UNPACKING pc=0x000001c01f634e42 sp=0x000000bb402fddd0 mode 1
Event: 15.717 Thread 0x000001c070f85640 DEOPT PACKING pc=0x000001c0200cdc74 sp=0x000000bb402fea80
Event: 15.717 Thread 0x000001c070f85640 DEOPT UNPACKING pc=0x000001c01f634e42 sp=0x000000bb402fdf70 mode 1
Event: 15.869 Thread 0x000001c070ed46c0 DEOPT PACKING pc=0x000001c01f9b8614 sp=0x000000bb3fffd880
Event: 15.869 Thread 0x000001c070ed46c0 DEOPT UNPACKING pc=0x000001c01f634e42 sp=0x000000bb3fffcd38 mode 0

Classes loaded (20 events):
Event: 4.921 Loading class java/util/EnumMap$EntryIterator
Event: 4.921 Loading class java/util/EnumMap$EnumMapIterator
Event: 4.921 Loading class java/util/EnumMap$EnumMapIterator done
Event: 4.921 Loading class java/util/EnumMap$EntryIterator done
Event: 4.921 Loading class java/lang/SafeVarargs
Event: 4.921 Loading class java/lang/SafeVarargs done
Event: 4.934 Loading class java/util/concurrent/ConcurrentHashMap$TreeNode
Event: 4.934 Loading class java/util/concurrent/ConcurrentHashMap$TreeNode done
Event: 4.934 Loading class java/util/concurrent/ConcurrentHashMap$TreeBin
Event: 4.934 Loading class java/util/concurrent/ConcurrentHashMap$TreeBin done
Event: 5.111 Loading class java/lang/Package$1PackageInfoProxy
Event: 5.111 Loading class java/lang/Package$1PackageInfoProxy done
Event: 5.146 Loading class java/util/stream/ReduceOps$5
Event: 5.146 Loading class java/util/stream/ReduceOps$5 done
Event: 5.146 Loading class java/util/stream/ReduceOps$CountingSink$OfRef
Event: 5.146 Loading class java/util/stream/ReduceOps$CountingSink$OfRef done
Event: 5.164 Loading class java/util/regex/Pattern$Bound
Event: 5.164 Loading class java/util/regex/Pattern$Bound done
Event: 5.165 Loading class java/util/regex/Pattern$Behind
Event: 5.165 Loading class java/util/regex/Pattern$Behind done

Classes unloaded (0 events):
No events

Classes redefined (1 events):
Event: 15.880 Thread 0x000001c02a39e7b0 redefined class name=com.hpcl.service.ProductService, count=1

Internal exceptions (20 events):
Event: 4.389 Thread 0x000001c070ed46c0 Exception <a 'java/lang/NoSuchMethodError'{0x0000000707125688}: 'java.lang.Object java.lang.invoke.DirectMethodHandle$Holder.invokeStaticInit(java.lang.Object, java.lang.Object, int, java.lang.Object)'> (0x0000000707125688) 
thrown [s\open\src\hotspot\share\interpreter\linkResolver.cpp, line 773]
Event: 4.740 Thread 0x000001c070ed46c0 Exception <a 'java/lang/NoSuchMethodError'{0x000000070975c410}: 'void java.lang.invoke.DirectMethodHandle$Holder.invokeInterface(java.lang.Object, java.lang.Object, int, java.lang.Object)'> (0x000000070975c410) 
thrown [s\open\src\hotspot\share\interpreter\linkResolver.cpp, line 773]
Event: 4.742 Thread 0x000001c070ed46c0 Exception <a 'java/lang/NoSuchMethodError'{0x00000007097b0360}: 'java.lang.Object java.lang.invoke.DirectMethodHandle$Holder.newInvokeSpecial(java.lang.Object, java.lang.Object, int, java.lang.Object)'> (0x00000007097b0360) 
thrown [s\open\src\hotspot\share\interpreter\linkResolver.cpp, line 773]
Event: 4.742 Thread 0x000001c070ed46c0 Exception <a 'java/lang/NoSuchMethodError'{0x00000007097b3cd0}: 'java.lang.Object java.lang.invoke.Invokers$Holder.linkToTargetMethod(java.lang.Object, int, java.lang.Object, java.lang.Object)'> (0x00000007097b3cd0) 
thrown [s\open\src\hotspot\share\interpreter\linkResolver.cpp, line 773]
Event: 4.747 Thread 0x000001c070ed46c0 Exception <a 'java/lang/NoSuchMethodError'{0x00000007094d0a70}: 'void java.lang.invoke.DirectMethodHandle$Holder.invokeSpecial(java.lang.Object, java.lang.Object, java.lang.Object, java.lang.Object, java.lang.Object, java.lang.Object, java.lang.Object, java.lang.Object)'> (0x00000007094d0a70) 
thrown [s\open\src\hotspot\share\interpreter\linkResolver.cpp, line 773]
Event: 4.750 Thread 0x000001c070ed46c0 Exception <a 'java/lang/NoSuchMethodError'{0x0000000709567bd8}: 'java.lang.Object java.lang.invoke.DirectMethodHandle$Holder.newInvokeSpecial(java.lang.Object, java.lang.Object, int)'> (0x0000000709567bd8) 
thrown [s\open\src\hotspot\share\interpreter\linkResolver.cpp, line 773]
Event: 4.750 Thread 0x000001c070ed46c0 Exception <a 'java/lang/IncompatibleClassChangeError'{0x000000070956b408}: Found class java.lang.Object, but interface was expected> (0x000000070956b408) 
thrown [s\open\src\hotspot\share\interpreter\linkResolver.cpp, line 840]
Event: 4.768 Thread 0x000001c070ed46c0 Exception <a 'java/lang/NoSuchMethodError'{0x00000007091f2460}: 'java.lang.Object java.lang.invoke.DirectMethodHandle$Holder.newInvokeSpecial(java.lang.Object, java.lang.Object, java.lang.Object, java.lang.Object, java.lang.Object, int, java.lang.Object)'> (0x00000007091f2460) 
thrown [s\open\src\hotspot\share\interpreter\linkResolver.cpp, line 773]
Event: 4.770 Thread 0x000001c070ed46c0 Exception <a 'java/lang/NoSuchMethodError'{0x0000000708e483a0}: 'java.lang.Object java.lang.invoke.DirectMethodHandle$Holder.newInvokeSpecial(java.lang.Object, java.lang.Object, java.lang.Object, java.lang.Object, java.lang.Object, java.lang.Object, java.lang.Object, java.lang.Object, java.lang.Object, java.lang.Object, java.lang.Object, java.lang.Object)'> (0x0000000708e483a0) 
thrown [s\open\src\hotspot\share\interpreter\linkResolver.cpp, line 773]
Event: 4.770 Thread 0x000001c070ed46c0 Exception <a 'java/lang/NoSuchMethodError'{0x0000000708e4cc48}: 'java.lang.Object java.lang.invoke.DirectMethodHandle$Holder.invokeSpecial(java.lang.Object, java.lang.Object, java.lang.Object, java.lang.Object, java.lang.Object, java.lang.Object, java.lang.Object, java.lang.Object, java.lang.Object, java.lang.Object, java.lang.Object, java.lang.Object, java.lang.Object)'> (0x0000000708e4cc48) 
thrown [s\open\src\hotspot\share\interpreter\linkResolver.cpp, line 773]
Event: 4.770 Thread 0x000001c070ed46c0 Exception <a 'java/lang/NoSuchMethodError'{0x0000000708e51130}: 'java.lang.Object java.lang.invoke.Invokers$Holder.linkToTargetMethod(java.lang.Object, java.lang.Object, java.lang.Object, java.lang.Object, java.lang.Object, java.lang.Object, java.lang.Object, java.lang.Object, java.lang.Object, java.lang.Object, java.lang.Object, java.lang.Object)'> (0x0000000708e51130) 
thrown [s\open\src\hotspot\share\interpreter\linkResolver.cpp, line 773]
Event: 4.792 Thread 0x000001c070ed46c0 Exception <a 'java/lang/NoSuchMethodError'{0x0000000708af0638}: 'java.lang.Object java.lang.invoke.DirectMethodHandle$Holder.newInvokeSpecial(java.lang.Object, java.lang.Object, java.lang.Object, java.lang.Object, java.lang.Object, java.lang.Object)'> (0x0000000708af0638) 
thrown [s\open\src\hotspot\share\interpreter\linkResolver.cpp, line 773]
Event: 4.797 Thread 0x000001c070ed46c0 Exception <a 'java/lang/NoSuchMethodError'{0x0000000708bf6fb8}: 'java.lang.Object java.lang.invoke.DirectMethodHandle$Holder.newInvokeSpecial(java.lang.Object, java.lang.Object, java.lang.Object, java.lang.Object, java.lang.Object, java.lang.Object, java.lang.Object, int)'> (0x0000000708bf6fb8) 
thrown [s\open\src\hotspot\share\interpreter\linkResolver.cpp, line 773]
Event: 4.797 Thread 0x000001c070ed46c0 Exception <a 'java/lang/NoSuchMethodError'{0x0000000708bfb528}: 'java.lang.Object java.lang.invoke.DirectMethodHandle$Holder.invokeSpecial(java.lang.Object, java.lang.Object, java.lang.Object, java.lang.Object, java.lang.Object, java.lang.Object, java.lang.Object, java.lang.Object, int)'> (0x0000000708bfb528) 
thrown [s\open\src\hotspot\share\interpreter\linkResolver.cpp, line 773]
Event: 4.797 Thread 0x000001c070ed46c0 Exception <a 'java/lang/NoSuchMethodError'{0x0000000708bff550}: 'java.lang.Object java.lang.invoke.Invokers$Holder.linkToTargetMethod(java.lang.Object, java.lang.Object, java.lang.Object, java.lang.Object, java.lang.Object, java.lang.Object, int, java.lang.Object)'> (0x0000000708bff550) 
thrown [s\open\src\hotspot\share\interpreter\linkResolver.cpp, line 773]
Event: 4.809 Thread 0x000001c070ed46c0 Exception <a 'java/lang/NoSuchMethodError'{0x0000000708623be8}: 'void java.lang.invoke.DirectMethodHandle$Holder.invokeInterface(java.lang.Object, java.lang.Object)'> (0x0000000708623be8) 
thrown [s\open\src\hotspot\share\interpreter\linkResolver.cpp, line 773]
Event: 4.934 Thread 0x000001c070ed46c0 Exception <a 'java/lang/IncompatibleClassChangeError'{0x000000070785aa80}: Found class java.lang.Object, but interface was expected> (0x000000070785aa80) 
thrown [s\open\src\hotspot\share\interpreter\linkResolver.cpp, line 840]
Event: 4.970 Thread 0x000001c070ed46c0 Exception <a 'java/lang/IncompatibleClassChangeError'{0x000000070732fe30}: Found class java.lang.Object, but interface was expected> (0x000000070732fe30) 
thrown [s\open\src\hotspot\share\interpreter\linkResolver.cpp, line 840]
Event: 4.993 Thread 0x000001c070ed46c0 Exception <a 'java/lang/IncompatibleClassChangeError'{0x000000070b07ece8}: Found class java.lang.Object, but interface was expected> (0x000000070b07ece8) 
thrown [s\open\src\hotspot\share\interpreter\linkResolver.cpp, line 840]
Event: 5.107 Thread 0x000001c070ed46c0 Exception <a 'java/lang/IncompatibleClassChangeError'{0x000000070a25b548}: Found class java.lang.Object, but interface was expected> (0x000000070a25b548) 
thrown [s\open\src\hotspot\share\interpreter\linkResolver.cpp, line 840]

ZGC Phase Switch (0 events):
No events

VM Operations (20 events):
Event: 6.867 Executing VM operation: get/set locals done
Event: 6.867 Executing VM operation: get/set locals
Event: 6.867 Executing VM operation: get/set locals done
Event: 7.867 Executing VM operation: Cleanup
Event: 7.867 Executing VM operation: Cleanup done
Event: 8.872 Executing VM operation: Cleanup
Event: 8.872 Executing VM operation: Cleanup done
Event: 13.911 Executing VM operation: Cleanup
Event: 13.911 Executing VM operation: Cleanup done
Event: 15.869 Executing VM operation: ChangeSingleStep
Event: 15.869 Executing VM operation: ChangeSingleStep done
Event: 15.869 Executing VM operation: ChangeSingleStep
Event: 15.869 Executing VM operation: ChangeSingleStep done
Event: 15.877 Executing VM operation: RedefineClasses
Event: 15.888 Executing VM operation: RedefineClasses done
Event: 15.895 Executing VM operation: ChangeBreakpoints
Event: 15.897 Executing VM operation: ChangeBreakpoints done
Event: 15.899 Executing VM operation: ChangeSingleStep
Event: 15.899 Executing VM operation: ChangeSingleStep done
Event: 15.902 Executing VM operation: GetObjectMonitorUsage

Events (20 events):
Event: 4.688 Thread 0x000001c02a39e7b0 flushing nmethod 0x000001c01fdf4b90
Event: 4.688 Thread 0x000001c02a39e7b0 flushing nmethod 0x000001c01feb0b90
Event: 4.688 Thread 0x000001c02a39e7b0 flushing nmethod 0x000001c01ff4ad10
Event: 4.688 Thread 0x000001c02a39e7b0 flushing nmethod 0x000001c01ffa3990
Event: 4.688 Thread 0x000001c02a39e7b0 flushing nmethod 0x000001c02000e810
Event: 4.688 Thread 0x000001c02a39e7b0 flushing nmethod 0x000001c01fa55310
Event: 4.688 Thread 0x000001c02a39e7b0 flushing nmethod 0x000001c01fa56e90
Event: 4.688 Thread 0x000001c02a39e7b0 flushing nmethod 0x000001c01f898b90
Event: 4.688 Thread 0x000001c02a39e7b0 flushing nmethod 0x000001c01f95af90
Event: 4.688 Thread 0x000001c02a39e7b0 flushing nmethod 0x000001c01fe30c90
Event: 4.688 Thread 0x000001c02a39e7b0 flushing nmethod 0x000001c01fe38a90
Event: 4.688 Thread 0x000001c02a39e7b0 flushing nmethod 0x000001c01fe9c690
Event: 4.688 Thread 0x000001c02a39e7b0 flushing nmethod 0x000001c01fedfc90
Event: 4.688 Thread 0x000001c02a39e7b0 flushing nmethod 0x000001c01fee1d90
Event: 4.688 Thread 0x000001c02a39e7b0 flushing nmethod 0x000001c01ff26b90
Event: 4.688 Thread 0x000001c02a39e7b0 flushing nmethod 0x000001c01ff8d310
Event: 5.709 Thread 0x000001c070d4e790 Thread exited: 0x000001c070d4e790
Event: 6.764 Thread 0x000001c02a74c3c0 Thread exited: 0x000001c02a74c3c0
Event: 7.267 Thread 0x000001c02a74bd20 Thread exited: 0x000001c02a74bd20
Event: 9.473 Thread 0x000001c070f6bd60 Thread exited: 0x000001c070f6bd60


Dynamic libraries:
0x00007ff692a30000 - 0x00007ff692a40000 	C:\Program Files\Java\jdk-21\bin\javaw.exe
0x00007ff8d45f0000 - 0x00007ff8d4807000 	C:\Windows\SYSTEM32\ntdll.dll
0x00007ff8d22e0000 - 0x00007ff8d23a4000 	C:\Windows\System32\KERNEL32.DLL
0x00007ff8d1950000 - 0x00007ff8d1d0a000 	C:\Windows\System32\KERNELBASE.dll
0x00007ff8d21c0000 - 0x00007ff8d22d1000 	C:\Windows\System32\ucrtbase.dll
0x00007ff8cb050000 - 0x00007ff8cb06b000 	C:\Program Files\Java\jdk-21\bin\VCRUNTIME140.dll
0x00007ff8ba660000 - 0x00007ff8ba679000 	C:\Program Files\Java\jdk-21\bin\jli.dll
0x00007ff8d2f10000 - 0x00007ff8d2fc2000 	C:\Windows\System32\ADVAPI32.dll
0x00007ff8d2d80000 - 0x00007ff8d2e27000 	C:\Windows\System32\msvcrt.dll
0x00007ff8d31d0000 - 0x00007ff8d3277000 	C:\Windows\System32\sechost.dll
0x00007ff8d20e0000 - 0x00007ff8d2108000 	C:\Windows\System32\bcrypt.dll
0x00007ff8d3fb0000 - 0x00007ff8d40c4000 	C:\Windows\System32\RPCRT4.dll
0x00007ff8d2a20000 - 0x00007ff8d2bce000 	C:\Windows\System32\USER32.dll
0x00007ff8d2110000 - 0x00007ff8d2136000 	C:\Windows\System32\win32u.dll
0x00007ff8af050000 - 0x00007ff8af2e2000 	C:\Windows\WinSxS\amd64_microsoft.windows.common-controls_6595b64144ccf1df_6.0.22621.4541_none_2710d1c57384c085\COMCTL32.dll
0x00007ff8d2ee0000 - 0x00007ff8d2f09000 	C:\Windows\System32\GDI32.dll
0x00007ff8d1d90000 - 0x00007ff8d1eab000 	C:\Windows\System32\gdi32full.dll
0x00007ff8d18b0000 - 0x00007ff8d194a000 	C:\Windows\System32\msvcp_win.dll
0x00007ff8c05c0000 - 0x00007ff8c05ca000 	C:\Windows\SYSTEM32\VERSION.dll
0x00007ff8d2e40000 - 0x00007ff8d2e71000 	C:\Windows\System32\IMM32.DLL
0x00007ff8b9eb0000 - 0x00007ff8b9ebc000 	C:\Program Files\Java\jdk-21\bin\vcruntime140_1.dll
0x00007ff8682f0000 - 0x00007ff86837e000 	C:\Program Files\Java\jdk-21\bin\msvcp140.dll
0x00007ff80cf70000 - 0x00007ff80dc88000 	C:\Program Files\Java\jdk-21\bin\server\jvm.dll
0x00007ff8d2760000 - 0x00007ff8d27d1000 	C:\Windows\System32\WS2_32.dll
0x00007ff8d1250000 - 0x00007ff8d129d000 	C:\Windows\SYSTEM32\POWRPROF.dll
0x00007ff8cae40000 - 0x00007ff8cae74000 	C:\Windows\SYSTEM32\WINMM.dll
0x00007ff8d11c0000 - 0x00007ff8d11d3000 	C:\Windows\SYSTEM32\UMPDC.dll
0x00007ff8d08f0000 - 0x00007ff8d0908000 	C:\Windows\SYSTEM32\kernel.appcore.dll
0x00007ff8b9e10000 - 0x00007ff8b9e1a000 	C:\Program Files\Java\jdk-21\bin\jimage.dll
0x00007ff8ce840000 - 0x00007ff8cea72000 	C:\Windows\SYSTEM32\DBGHELP.DLL
0x00007ff8d23c0000 - 0x00007ff8d2751000 	C:\Windows\System32\combase.dll
0x00007ff8d3ed0000 - 0x00007ff8d3fa7000 	C:\Windows\System32\OLEAUT32.dll
0x00007ff8a46e0000 - 0x00007ff8a4712000 	C:\Windows\SYSTEM32\dbgcore.DLL
0x00007ff8d2140000 - 0x00007ff8d21bb000 	C:\Windows\System32\bcryptPrimitives.dll
0x00007ff890450000 - 0x00007ff89048c000 	C:\Program Files\Java\jdk-21\bin\jdwp.dll
0x00007ff8b8f90000 - 0x00007ff8b8f9f000 	C:\Program Files\Java\jdk-21\bin\instrument.dll
0x00007ff8b3530000 - 0x00007ff8b354f000 	C:\Program Files\Java\jdk-21\bin\java.dll
0x00007ff8d3280000 - 0x00007ff8d3af9000 	C:\Windows\System32\SHELL32.dll
0x00007ff8cf7b0000 - 0x00007ff8d00b9000 	C:\Windows\SYSTEM32\windows.storage.dll
0x00007ff8cf670000 - 0x00007ff8cf7af000 	C:\Windows\SYSTEM32\wintypes.dll
0x00007ff8d3c00000 - 0x00007ff8d3cfa000 	C:\Windows\System32\SHCORE.dll
0x00007ff8d4550000 - 0x00007ff8d45ae000 	C:\Windows\System32\shlwapi.dll
0x00007ff8d17e0000 - 0x00007ff8d180b000 	C:\Windows\SYSTEM32\profapi.dll
0x00007ff890440000 - 0x00007ff89044c000 	C:\Program Files\Java\jdk-21\bin\dt_socket.dll
0x00007ff8d03b0000 - 0x00007ff8d03dd000 	C:\Windows\SYSTEM32\IPHLPAPI.DLL
0x00007ff8d0d70000 - 0x00007ff8d0dd9000 	C:\Windows\system32\mswsock.dll
0x00007ff8d03e0000 - 0x00007ff8d04e2000 	C:\Windows\SYSTEM32\DNSAPI.dll
0x00007ff8d2ed0000 - 0x00007ff8d2ed9000 	C:\Windows\System32\NSI.dll
0x00007ff8cc880000 - 0x00007ff8cc88a000 	C:\Windows\System32\rasadhlp.dll
0x00007ff8ca6d0000 - 0x00007ff8ca753000 	C:\Windows\System32\fwpuclnt.dll
0x00007ff88e8a0000 - 0x00007ff88e8b8000 	C:\Program Files\Java\jdk-21\bin\zip.dll
0x00007ff88e890000 - 0x00007ff88e8a0000 	C:\Program Files\Java\jdk-21\bin\net.dll
0x00007ff8cc730000 - 0x00007ff8cc866000 	C:\Windows\SYSTEM32\WINHTTP.dll
0x00007ff88e870000 - 0x00007ff88e886000 	C:\Program Files\Java\jdk-21\bin\nio.dll
0x00007ff88e860000 - 0x00007ff88e86a000 	C:\Program Files\Java\jdk-21\bin\management.dll
0x00007ff88e850000 - 0x00007ff88e85b000 	C:\Program Files\Java\jdk-21\bin\management_ext.dll
0x00007ff8d31c0000 - 0x00007ff8d31c8000 	C:\Windows\System32\PSAPI.DLL
0x00007ff89f870000 - 0x00007ff89f887000 	C:\Windows\system32\napinsp.dll
0x00007ff89f6d0000 - 0x00007ff89f6eb000 	C:\Windows\system32\pnrpnsp.dll
0x00007ff89f690000 - 0x00007ff89f6a1000 	C:\Windows\System32\winrnr.dll
0x00007ff8cb250000 - 0x00007ff8cb265000 	C:\Windows\system32\wshbth.dll
0x00007ff89f660000 - 0x00007ff89f687000 	C:\Windows\system32\nlansp_c.dll
0x00007ff8d0fc0000 - 0x00007ff8d0fdb000 	C:\Windows\SYSTEM32\CRYPTSP.dll
0x00007ff8d0850000 - 0x00007ff8d0885000 	C:\Windows\system32\rsaenh.dll
0x00007ff8d0e60000 - 0x00007ff8d0e88000 	C:\Windows\SYSTEM32\USERENV.dll
0x00007ff8d1140000 - 0x00007ff8d114c000 	C:\Windows\SYSTEM32\CRYPTBASE.dll
0x00007ff88e840000 - 0x00007ff88e849000 	C:\Program Files\Java\jdk-21\bin\extnet.dll
0x00007ff88e780000 - 0x00007ff88e790000 	C:\Program Files\Java\jdk-21\bin\verify.dll
0x00007ff88e640000 - 0x00007ff88e64e000 	C:\Program Files\Java\jdk-21\bin\sunmscapi.dll
0x00007ff8d1f70000 - 0x00007ff8d20d6000 	C:\Windows\System32\CRYPT32.dll
0x00007ff8d1220000 - 0x00007ff8d124d000 	C:\Windows\SYSTEM32\ncrypt.dll
0x00007ff8d11e0000 - 0x00007ff8d1217000 	C:\Windows\SYSTEM32\NTASN1.dll

dbghelp: loaded successfully - version: 4.0.5 - missing functions: none
symbol engine: initialized successfully - sym options: 0x614 - pdb path: .;C:\Program Files\Java\jdk-21\bin;C:\Windows\SYSTEM32;C:\Windows\WinSxS\amd64_microsoft.windows.common-controls_6595b64144ccf1df_6.0.22621.4541_none_2710d1c57384c085;C:\Program Files\Java\jdk-21\bin\server

VM Arguments:
jvm_args: -XX:+ShowCodeDetailsInExceptionMessages -agentlib:jdwp=transport=dt_socket,suspend=y,address=localhost:55981 -Dcom.sun.management.jmxremote -Dcom.sun.management.jmxremote.port=55980 -Dcom.sun.management.jmxremote.authenticate=false -Dcom.sun.management.jmxremote.ssl=false -Djava.rmi.server.hostname=localhost -Dspring.jmx.enabled=true -Dmanagement.endpoints.jmx.exposure.include=* -Dspring.application.admin.enabled=true -XX:TieredStopAtLevel=1 -Dspring.boot.project.name=eCart -javaagent:C:\Users\Aaryan\Desktop\sts-4.20.1.RELEASE\configuration\org.eclipse.osgi\262\0\.cp\lib\javaagent-shaded.jar -Dfile.encoding=UTF-8 -Dstdout.encoding=UTF-8 -Dstderr.encoding=UTF-8 
java_command: com.hpcl.ECartApplication --spring.output.ansi.enabled=always
java_class_path (initial): C:\Users\Aaryan\Desktop\eCart\target\classes;C:\Users\Aaryan\.m2\repository\org\springframework\boot\spring-boot-starter-data-jpa\3.2.3\spring-boot-starter-data-jpa-3.2.3.jar;C:\Users\Aaryan\.m2\repository\org\springframework\boot\spring-boot-starter-aop\3.2.3\spring-boot-starter-aop-3.2.3.jar;C:\Users\Aaryan\.m2\repository\org\springframework\spring-aop\6.1.4\spring-aop-6.1.4.jar;C:\Users\Aaryan\.m2\repository\org\aspectj\aspectjweaver\1.9.21\aspectjweaver-1.9.21.jar;C:\Users\Aaryan\.m2\repository\org\springframework\boot\spring-boot-starter-jdbc\3.2.3\spring-boot-starter-jdbc-3.2.3.jar;C:\Users\Aaryan\.m2\repository\com\zaxxer\HikariCP\5.0.1\HikariCP-5.0.1.jar;C:\Users\Aaryan\.m2\repository\org\springframework\spring-jdbc\6.1.4\spring-jdbc-6.1.4.jar;C:\Users\Aaryan\.m2\repository\org\hibernate\orm\hibernate-core\6.4.4.Final\hibernate-core-6.4.4.Final.jar;C:\Users\Aaryan\.m2\repository\jakarta\persistence\jakarta.persistence-api\3.1.0\jakarta.persistence-api-3.1.0.jar;C:\Users\Aaryan\.m2\repository\jakarta\transaction\jakarta.transaction-api\2.0.1\jakarta.transaction-api-2.0.1.jar;C:\Users\Aaryan\.m2\repository\org\jboss\logging\jboss-logging\3.5.3.Final\jboss-logging-3.5.3.Final.jar;C:\Users\Aaryan\.m2\repository\org\hibernate\common\hibernate-commons-annotations\6.0.6.Final\hibernate-commons-annotations-6.0.6.Final.jar;C:\Users\Aaryan\.m2\repository\io\smallrye\jandex\3.1.2\jandex-3.1.2.jar;C:\Users\Aaryan\.m2\repository\com\fasterxml\classmate\1.6.0\classmate-1.6.0.jar;C:\Users\Aaryan\.m2\repository\net\bytebuddy\byte-buddy\1.14.12\byte-buddy-1.14.12.jar;C:\Users\Aaryan\.m2\repository\org\glassfish\jaxb\jaxb-runtime\4.0.4\jaxb-runtime-4.0.4.jar;C:\Users\Aaryan\.m2\repository\org\glassfish\jaxb\jaxb-core\4.0.4\jaxb-core-4.0.4.jar;C:\Users\Aaryan\.m2\repository\org\glassfish\jaxb\txw2\4.0.4\txw2-4.0.4.jar;C:\Users\Aaryan\.m2\repository\com\sun\istack\istack-commons-runtime\4.1.2\istack-commons-runtime-4.1.2.jar;C:\Users\Aaryan\.m2\repository\jakarta\inject\jakarta.inject-api\2.0.1\jakarta.inject-api-2.0.1.jar;C:\Users\Aaryan\.m2\repository\org\antlr\antlr4-runtime\4.13.0\antlr4-runtime-4.13.0.jar;C:\Users\Aaryan\.m2\repository\org\springframework\data\spring-data-jpa\3.2.3\spring-data-jpa-3.2.3.jar;C:\Users\Aaryan\.m2\repository\org\springframework\data\spring-data-commons\3.2.3\spring-data-commons-3.2.3.jar;C:\Users\Aaryan\.m2\repository\org\springframework\spring-orm\6.1.4\spring-orm-6.1.4.jar;C:\Users\Aaryan\.m2\repository\org\springframework\spring-context\6.1.4\spring-context-6.1.4.jar;C:\Users\Aaryan\.m2\repository\org\springframework\spring-tx\6.1.4\spring-tx-6.1.4.jar;C:\Users\Aaryan\.m2\repository\org\springframework\spring-beans\6.1.4\spring-beans-6.1.4.jar;C:\Users\Aaryan\.m2\repository\org\slf4j\slf4j-api\2.0.12\slf4j-api-2.0.12.jar;C:\Users\Aaryan\.m2\repository\org\springframework\spring-aspects\6.1.4\spring-aspects-6.1.4.jar;C:\Users\Aaryan\.m2\repository\net\minidev\accessors-smart\2.5.0\accessors-smart-2.5.0.jar;C:\Users\Aaryan\.m2\repository\org\ow2\asm\asm\9.3\asm-9.3.jar;C:\Users\Aaryan\.m2\repository\org\springframework\boot\spring-boot-devtools\3.2.3\spring-boot-devtools-3.2.3.jar;C:\Users\Aaryan\.m2\repository\org\springframework\boot\spring-boot\3.2.3\spring-boot-3.2.3.jar;C:\Users\Aaryan\.m2\repository\org\springframework\boot\spring-boot-autoconfigure\3.2.3\spring-boot-autoconfigure-3.2.3.jar;C:\Users\Aaryan\.m2\repository\org\springframework\boot\spring-boot-starter-validation\3.2.3\spring-boot-starter-validation-3.2.3.jar;C:\Users\Aaryan\.m2\repository\org\apache\tomcat\embed\tomcat-embed-el\10.1.19\tomcat-embed-el-10.1.19.jar;C:\Users\Aaryan\.m2\repository\org\hibernate\validator\hibernate-validator\8.0.1.Final\hibernate-validator-8.0.1.Final.jar;C:\Users\Aaryan\.m2\repository\jakarta\validation\jakarta.validation-api\3.0.2\jakarta.validation-api-3.0.2.jar;C:\Users\Aaryan\.m2\repository\org\springframework\boot\spring-boot-starter-web\3.2.3\spring-boot-starter-web-3.2.3.jar;C:\Users\Aaryan\.m2\repository\org\springframework\boot\spring-boot-starter-json\3.2.3\spring-boot-starter-json-3.2.3.jar;C:\Users\Aaryan\.m2\repository\com\fasterxml\jackson\datatype\jackson-datatype-jdk8\2.15.4\jackson-datatype-jdk8-2.15.4.jar;C:\Users\Aaryan\.m2\repository\com\fasterxml\jackson\datatype\jackson-datatype-jsr310\2.15.4\jackson-datatype-jsr310-2.15.4.jar;C:\Users\Aaryan\.m2\repository\com\fasterxml\jackson\module\jackson-module-parameter-names\2.15.4\jackson-module-parameter-names-2.15.4.jar;C:\Users\Aaryan\.m2\repository\org\springframework\spring-web\6.1.4\spring-web-6.1.4.jar;C:\Users\Aaryan\.m2\repository\io\micrometer\micrometer-observation\1.12.3\micrometer-observation-1.12.3.jar;C:\Users\Aaryan\.m2\repository\io\micrometer\micrometer-commons\1.12.3\micrometer-commons-1.12.3.jar;C:\Users\Aaryan\.m2\repository\org\springframework\spring-webmvc\6.1.4\spring-webmvc-6.1.4.jar;C:\Users\Aaryan\.m2\repository\org\springframework\spring-expression\6.1.4\spring-expression-6.1.4.jar;C:\Users\Aaryan\.m2\repository\org\springframework\boot\spring-boot-starter\3.2.3\spring-boot-starter-3.2.3.jar;C:\Users\Aaryan\.m2\repository\jakarta\annotation\jakarta.annotation-api\2.1.1\jakarta.annotation-api-2.1.1.jar;C:\Users\Aaryan\.m2\repository\org\springframework\spring-core\6.1.4\spring-core-6.1.4.jar;C:\Users\Aaryan\.m2\repository\org\springframework\spring-jcl\6.1.4\spring-jcl-6.1.4.jar;C:\Users\Aaryan\.m2\repository\org\yaml\snakeyaml\2.2\snakeyaml-2.2.jar;C:\Users\Aaryan\.m2\repository\org\springframework\boot\spring-boot-starter-log4j2\3.2.3\spring-boot-starter-log4j2-3.2.3.jar;C:\Users\Aaryan\.m2\repository\org\apache\logging\log4j\log4j-slf4j2-impl\2.21.1\log4j-slf4j2-impl-2.21.1.jar;C:\Users\Aaryan\.m2\repository\org\apache\logging\log4j\log4j-core\2.21.1\log4j-core-2.21.1.jar;C:\Users\Aaryan\.m2\repository\org\apache\logging\log4j\log4j-jul\2.21.1\log4j-jul-2.21.1.jar;C:\Users\Aaryan\.m2\repository\org\springframework\boot\spring-boot-starter-data-redis\3.2.3\spring-boot-starter-data-redis-3.2.3.jar;C:\Users\Aaryan\.m2\repository\io\lettuce\lettuce-core\6.3.1.RELEASE\lettuce-core-6.3.1.RELEASE.jar;C:\Users\Aaryan\.m2\repository\io\netty\netty-common\4.1.107.Final\netty-common-4.1.107.Final.jar;C:\Users\Aaryan\.m2\repository\io\netty\netty-handler\4.1.107.Final\netty-handler-4.1.107.Final.jar;C:\Users\Aaryan\.m2\repository\io\netty\netty-resolver\4.1.107.Final\netty-resolver-4.1.107.Final.jar;C:\Users\Aaryan\.m2\repository\io\netty\netty-buffer\4.1.107.Final\netty-buffer-4.1.107.Final.jar;C:\Users\Aaryan\.m2\repository\io\netty\netty-transport-native-unix-common\4.1.107.Final\netty-transport-native-unix-common-4.1.107.Final.jar;C:\Users\Aaryan\.m2\repository\io\netty\netty-codec\4.1.107.Final\netty-codec-4.1.107.Final.jar;C:\Users\Aaryan\.m2\repository\io\netty\netty-transport\4.1.107.Final\netty-transport-4.1.107.Final.jar;C:\Users\Aaryan\.m2\repository\io\projectreactor\reactor-core\3.6.3\reactor-core-3.6.3.jar;C:\Users\Aaryan\.m2\repository\org\reactivestreams\reactive-streams\1.0.4\reactive-streams-1.0.4.jar;C:\Users\Aaryan\.m2\repository\org\springframework\data\spring-data-redis\3.2.3\spring-data-redis-3.2.3.jar;C:\Users\Aaryan\.m2\repository\org\springframework\data\spring-data-keyvalue\3.2.3\spring-data-keyvalue-3.2.3.jar;C:\Users\Aaryan\.m2\repository\org\springframework\spring-context-support\6.1.4\spring-context-support-6.1.4.jar;C:\Users\Aaryan\.m2\repository\org\apache\tomcat\embed\tomcat-embed-jasper\10.1.19\tomcat-embed-jasper-10.1.19.jar;C:\Users\Aaryan\.m2\repository\org\apache\tomcat\embed\tomcat-embed-core\10.1.19\tomcat-embed-core-10.1.19.jar;C:\Users\Aaryan\.m2\repository\org\apache\tomcat\tomcat-annotations-api\10.1.19\tomcat-annotations-api-10.1.19.jar;C:\Users\Aaryan\.m2\repository\org\eclipse\jdt\ecj\3.33.0\ecj-3.33.0.jar;C:\Users\Aaryan\.m2\repository\org\postgresql\postgresql\42.6.0\postgresql-42.6.0.jar;C:\Users\Aaryan\.m2\repository\org\checkerframework\checker-qual\3.31.0\checker-qual-3.31.0.jar;C:\Users\Aaryan\.m2\repository\org\apache\poi\poi\5.2.4\poi-5.2.4.jar;C:\Users\Aaryan\.m2\repository\commons-codec\commons-codec\1.16.1\commons-codec-1.16.1.jar;C:\Users\Aaryan\.m2\repository\org\apache\commons\commons-collections4\4.4\commons-collections4-4.4.jar;C:\Users\Aaryan\.m2\repository\org\apache\commons\commons-math3\3.6.1\commons-math3-3.6.1.jar;C:\Users\Aaryan\.m2\repository\commons-io\commons-io\2.13.0\commons-io-2.13.0.jar;C:\Users\Aaryan\.m2\repository\com\zaxxer\SparseBitSet\1.3\SparseBitSet-1.3.jar;C:\Users\Aaryan\.m2\repository\org\apache\logging\log4j\log4j-api\2.21.1\log4j-api-2.21.1.jar;C:\Users\Aaryan\.m2\repository\org\apache\poi\poi-ooxml\5.2.4\poi-ooxml-5.2.4.jar;C:\Users\Aaryan\.m2\repository\org\apache\poi\poi-ooxml-lite\5.2.4\poi-ooxml-lite-5.2.4.jar;C:\Users\Aaryan\.m2\repository\org\apache\xmlbeans\xmlbeans\5.1.1\xmlbeans-5.1.1.jar;C:\Users\Aaryan\.m2\repository\org\apache\commons\commons-compress\1.24.0\commons-compress-1.24.0.jar;C:\Users\Aaryan\.m2\repository\com\github\virtuald\curvesapi\1.08\curvesapi-1.08.jar;C:\Users\Aaryan\.m2\repository\com\squareup\okhttp3\okhttp\4.12.0\okhttp-4.12.0.jar;C:\Users\Aaryan\.m2\repository\com\squareup\okio\okio\3.6.0\okio-3.6.0.jar;C:\Users\Aaryan\.m2\repository\com\squareup\okio\okio-jvm\3.6.0\okio-jvm-3.6.0.jar;C:\Users\Aaryan\.m2\repository\org\jetbrains\kotlin\kotlin-stdlib-common\1.9.22\kotlin-stdlib-common-1.9.22.jar;C:\Users\Aaryan\.m2\repository\org\jetbrains\kotlin\kotlin-stdlib-jdk8\1.9.22\kotlin-stdlib-jdk8-1.9.22.jar;C:\Users\Aaryan\.m2\repository\org\jetbrains\kotlin\kotlin-stdlib\1.9.22\kotlin-stdlib-1.9.22.jar;C:\Users\Aaryan\.m2\repository\org\jetbrains\annotations\13.0\annotations-13.0.jar;C:\Users\Aaryan\.m2\repository\org\jetbrains\kotlin\kotlin-stdlib-jdk7\1.9.22\kotlin-stdlib-jdk7-1.9.22.jar;C:\Users\Aaryan\.m2\repository\com\fasterxml\jackson\dataformat\jackson-dataformat-xml\2.16.0\jackson-dataformat-xml-2.16.0.jar;C:\Users\Aaryan\.m2\repository\com\fasterxml\jackson\core\jackson-annotations\2.15.4\jackson-annotations-2.15.4.jar;C:\Users\Aaryan\.m2\repository\com\fasterxml\jackson\core\jackson-databind\2.15.4\jackson-databind-2.15.4.jar;C:\Users\Aaryan\.m2\repository\org\codehaus\woodstox\stax2-api\4.2.1\stax2-api-4.2.1.jar;C:\Users\Aaryan\.m2\repository\com\fasterxml\woodstox\woodstox-core\6.5.1\woodstox-core-6.5.1.jar;C:\Users\Aaryan\.m2\repository\org\springframework\boot\spring-boot-starter-tomcat\3.2.3\spring-boot-starter-tomcat-3.2.3.jar;C:\Users\Aaryan\.m2\repository\org\apache\tomcat\embed\tomcat-embed-websocket\10.1.19\tomcat-embed-websocket-10.1.19.jar;C:\Users\Aaryan\.m2\repository\net\minidev\json-smart\2.5.0\json-smart-2.5.0.jar;C:\Users\Aaryan\.m2\repository\org\hamcrest\hamcrest\2.2\hamcrest-2.2.jar;C:\Users\Aaryan\.m2\repository\org\springdoc\springdoc-openapi-starter-webmvc-ui\2.2.0\springdoc-openapi-starter-webmvc-ui-2.2.0.jar;C:\Users\Aaryan\.m2\repository\org\springdoc\springdoc-openapi-starter-webmvc-api\2.2.0\springdoc-openapi-starter-webmvc-api-2.2.0.jar;C:\Users\Aaryan\.m2\repository\org\springdoc\springdoc-openapi-starter-common\2.2.0\springdoc-openapi-starter-common-2.2.0.jar;C:\Users\Aaryan\.m2\repository\io\swagger\core\v3\swagger-core-jakarta\2.2.15\swagger-core-jakarta-2.2.15.jar;C:\Users\Aaryan\.m2\repository\org\apache\commons\commons-lang3\3.13.0\commons-lang3-3.13.0.jar;C:\Users\Aaryan\.m2\repository\io\swagger\core\v3\swagger-annotations-jakarta\2.2.15\swagger-annotations-jakarta-2.2.15.jar;C:\Users\Aaryan\.m2\repository\io\swagger\core\v3\swagger-models-jakarta\2.2.15\swagger-models-jakarta-2.2.15.jar;C:\Users\Aaryan\.m2\repository\com\fasterxml\jackson\dataformat\jackson-dataformat-yaml\2.15.4\jackson-dataformat-yaml-2.15.4.jar;C:\Users\Aaryan\.m2\repository\org\webjars\swagger-ui\5.2.0\swagger-ui-5.2.0.jar;C:\Users\Aaryan\.m2\repository\org\springframework\boot\spring-boot-starter-web-services\3.2.3\spring-boot-starter-web-services-3.2.3.jar;C:\Users\Aaryan\.m2\repository\com\sun\xml\messaging\saaj\saaj-impl\3.0.3\saaj-impl-3.0.3.jar;C:\Users\Aaryan\.m2\repository\jakarta\xml\soap\jakarta.xml.soap-api\3.0.1\jakarta.xml.soap-api-3.0.1.jar;C:\Users\Aaryan\.m2\repository\org\jvnet\staxex\stax-ex\2.1.0\stax-ex-2.1.0.jar;C:\Users\Aaryan\.m2\repository\org\eclipse\angus\angus-activation\2.0.1\angus-activation-2.0.1.jar;C:\Users\Aaryan\.m2\repository\jakarta\xml\ws\jakarta.xml.ws-api\4.0.1\jakarta.xml.ws-api-4.0.1.jar;C:\Users\Aaryan\.m2\repository\org\springframework\spring-oxm\6.1.4\spring-oxm-6.1.4.jar;C:\Users\Aaryan\.m2\repository\org\springframework\ws\spring-ws-core\4.0.10\spring-ws-core-4.0.10.jar;C:\Users\Aaryan\.m2\repository\org\springframework\ws\spring-xml\4.0.10\spring-xml-4.0.10.jar;C:\Users\Aaryan\.m2\repository\jakarta\xml\bind\jakarta.xml.bind-api\4.0.1\jakarta.xml.bind-api-4.0.1.jar;C:\Users\Aaryan\.m2\repository\jakarta\activation\jakarta.activation-api\2.1.2\jakarta.activation-api-2.1.2.jar;C:\Users\Aaryan\.m2\repository\jakarta\servlet\jakarta.servlet-api\6.0.0\jakarta.servlet-api-6.0.0.jar;C:\Users\Aaryan\.m2\repository\org\glassfish\web\jakarta.servlet.jsp.jstl\3.0.1\jakarta.servlet.jsp.jstl-3.0.1.jar;C:\Users\Aaryan\.m2\repository\jakarta\servlet\jsp\jstl\jakarta.servlet.jsp.jstl-api\3.0.0\jakarta.servlet.jsp.jstl-api-3.0.0.jar;C:\Users\Aaryan\.m2\repository\jakarta\el\jakarta.el-api\5.0.1\jakarta.el-api-5.0.1.jar;C:\Users\Aaryan\.m2\repository\com\fasterxml\jackson\core\jackson-core\2.15.4\jackson-core-2.15.4.jar;C:\Users\Aaryan\.m2\repository\com\googlecode\json-simple\json-simple\1.1.1\json-simple-1.1.1.jar;C:\Users\Aaryan\.m2\repository\junit\junit\4.13.2\junit-4.13.2.jar;C:\Users\Aaryan\.m2\repository\org\hamcrest\hamcrest-core\2.2\hamcrest-core-2.2.jar;C:\Users\Aaryan\.m2\repository\com\graphql-java-kickstart\graphql-webclient-spring-boot-starter\1.0.0\graphql-webclient-spring-boot-starter-1.0.0.jar;C:\Users\Aaryan\.m2\repository\com\graphql-java-kickstart\graphql-webclient-spring-boot-autoconfigure\1.0.0\graphql-webclient-spring-boot-autoconfigure-1.0.0.jar;C:\Users\Aaryan\.m2\repository\com\graphql-java-kickstart\graphql-webclient\1.0.0\graphql-webclient-1.0.0.jar;C:\Users\Aaryan\.m2\repository\org\springframework\boot\spring-boot-starter-webflux\3.2.3\spring-boot-starter-webflux-3.2.3.jar;C:\Users\Aaryan\.m2\repository\org\springframework\boot\spring-boot-starter-reactor-netty\3.2.3\spring-boot-starter-reactor-netty-3.2.3.jar;C:\Users\Aaryan\.m2\repository\io\projectreactor\netty\reactor-netty-http\1.1.16\reactor-netty-http-1.1.16.jar;C:\Users\Aaryan\.m2\repository\io\netty\netty-codec-http\4.1.107.Final\netty-codec-http-4.1.107.Final.jar;C:\Users\Aaryan\.m2\repository\io\netty\netty-codec-http2\4.1.107.Final\netty-codec-http2-4.1.107.Final.jar;C:\Users\Aaryan\.m2\repository\io\netty\netty-resolver-dns\4.1.107.Final\netty-resolver-dns-4.1.107.Final.jar;C:\Users\Aaryan\.m2\repository\io\netty\netty-codec-dns\4.1.107.Final\netty-codec-dns-4.1.107.Final.jar;C:\Users\Aaryan\.m2\repository\io\netty\netty-resolver-dns-native-macos\4.1.107.Final\netty-resolver-dns-native-macos-4.1.107.Final-osx-x86_64.jar;C:\Users\Aaryan\.m2\repository\io\netty\netty-resolver-dns-classes-macos\4.1.107.Final\netty-resolver-dns-classes-macos-4.1.107.Final.jar;C:\Users\Aaryan\.m2\repository\io\netty\netty-transport-native-epoll\4.1.107.Final\netty-transport-native-epoll-4.1.107.Final-linux-x86_64.jar;C:\Users\Aaryan\.m2\repository\io\netty\netty-transport-classes-epoll\4.1.107.Final\netty-transport-classes-epoll-4.1.107.Final.jar;C:\Users\Aaryan\.m2\repository\io\projectreactor\netty\reactor-netty-core\1.1.16\reactor-netty-core-1.1.16.jar;C:\Users\Aaryan\.m2\repository\io\netty\netty-handler-proxy\4.1.107.Final\netty-handler-proxy-4.1.107.Final.jar;C:\Users\Aaryan\.m2\repository\io\netty\netty-codec-socks\4.1.107.Final\netty-codec-socks-4.1.107.Final.jar;C:\Users\Aaryan\.m2\repository\org\springframework\spring-webflux\6.1.4\spring-webflux-6.1.4.jar;C:\Users\Aaryan\.m2\repository\org\springframework\security\spring-security-oauth2-client\6.2.2\spring-security-oauth2-client-6.2.2.jar;C:\Users\Aaryan\.m2\repository\org\springframework\security\spring-security-core\6.2.2\spring-security-core-6.2.2.jar;C:\Users\Aaryan\.m2\repository\org\springframework\security\spring-security-crypto\6.2.2\spring-security-crypto-6.2.2.jar;C:\Users\Aaryan\.m2\repository\org\springframework\security\spring-security-oauth2-core\6.2.2\spring-security-oauth2-core-6.2.2.jar;C:\Users\Aaryan\.m2\repository\org\springframework\security\spring-security-web\6.2.2\spring-security-web-6.2.2.jar;C:\Users\Aaryan\.m2\repository\com\nimbusds\oauth2-oidc-sdk\9.43.3\oauth2-oidc-sdk-9.43.3.jar;C:\Users\Aaryan\.m2\repository\com\github\stephenc\jcip\jcip-annotations\1.0-1\jcip-annotations-1.0-1.jar;C:\Users\Aaryan\.m2\repository\com\nimbusds\content-type\2.2\content-type-2.2.jar;C:\Users\Aaryan\.m2\repository\com\nimbusds\lang-tag\1.7\lang-tag-1.7.jar;C:\Users\Aaryan\.m2\repository\com\nimbusds\nimbus-jose-jwt\9.24.4\nimbus-jose-jwt-9.24.4.jar;C:\Users\Aaryan\.m2\repository\javax\xml\bind\jaxb-api\2.3.1\jaxb-api-2.3.1.jar;C:\Users\Aaryan\.m2\repository\javax\activation\javax.activation-api\1.2.0\javax.activation-api-1.2.0.jar;C:\Users\Aaryan\.m2\repository\javax\xml\ws\jaxws-api\2.3.1\jaxws-api-2.3.1.jar;C:\Users\Aaryan\.m2\repository\javax\xml\soap\javax.xml.soap-api\1.4.0\javax.xml.soap-api-1.4.0.jar;C:\Users\Aaryan\.m2\repository\javax\annotation\javax.annotation-api\1.3.2\javax.annotation-api-1.3.2.jar;C:\Users\Aaryan\.m2\repository\javax\servlet\javax.servlet-api\4.0.1\javax.servlet-api-4.0.1.jar;C:\Users\Aaryan\.m2\repository\javax\servlet\jstl\1.2\jstl-1.2.jar
Launcher Type: SUN_STANDARD

[Global flags]
     intx CICompilerCount                          = 4                                         {product} {ergonomic}
     uint ConcGCThreads                            = 3                                         {product} {ergonomic}
     uint G1ConcRefinementThreads                  = 10                                        {product} {ergonomic}
   size_t G1HeapRegionSize                         = 2097152                                   {product} {ergonomic}
    uintx GCDrainStackTargetSize                   = 64                                        {product} {ergonomic}
   size_t InitialHeapSize                          = 264241152                                 {product} {ergonomic}
     bool ManagementServer                         = true                                      {product} {command line}
   size_t MarkStackSize                            = 4194304                                   {product} {ergonomic}
   size_t MaxHeapSize                              = 4223664128                                {product} {ergonomic}
   size_t MaxNewSize                               = 2533359616                                {product} {ergonomic}
   size_t MinHeapDeltaBytes                        = 2097152                                   {product} {ergonomic}
   size_t MinHeapSize                              = 8388608                                   {product} {ergonomic}
    uintx NonNMethodCodeHeapSize                   = 4096                                   {pd product} {ergonomic}
    uintx NonProfiledCodeHeapSize                  = 0                                      {pd product} {ergonomic}
     bool ProfileInterpreter                       = false                                  {pd product} {command line}
    uintx ProfiledCodeHeapSize                     = 0                                      {pd product} {ergonomic}
     bool ShowCodeDetailsInExceptionMessages       = true                                   {manageable} {command line}
   size_t SoftMaxHeapSize                          = 4223664128                             {manageable} {ergonomic}
     intx TieredStopAtLevel                        = 1                                         {product} {command line}
     bool UseCompressedOops                        = true                           {product lp64_product} {ergonomic}
     bool UseG1GC                                  = true                                      {product} {ergonomic}
     bool UseLargePagesIndividualAllocation        = false                                  {pd product} {ergonomic}

Logging:
Log output configuration:
 #0: stdout all=warning uptime,level,tags foldmultilines=false
 #1: stderr all=off uptime,level,tags foldmultilines=false

Environment Variables:
PATH=C:\ProgramData\anaconda3\condabin;C:/Users/Aaryan/Desktop/sts-4.20.1.RELEASE//plugins/org.eclipse.justj.openjdk.hotspot.jre.full.win32.x86_64_17.0.8.v20230831-1047/jre/bin/server;C:/Users/Aaryan/Desktop/sts-4.20.1.RELEASE//plugins/org.eclipse.justj.openjdk.hotspot.jre.full.win32.x86_64_17.0.8.v20230831-1047/jre/bin;C:\Program Files\Common Files\Oracle\Java\javapath;C:\Program Files\Oculus\Support\oculus-runtime;C:\Users\Aaryan\AppData\Local\Programs\Python\Python312\Scripts\;C:\Users\Aaryan\AppData\Local\Programs\Python\Python312\;C:\Windows\system32;C:\Windows;C:\Windows\System32\Wbem;C:\Windows\System32\WindowsPowerShell\v1.0\;C:\Windows\System32\OpenSSH\;C:\Program Files\Git\cmd;C:\Program Files\nodejs\;C:\ProgramData\chocolatey\bin;C:\Program Files (x86)\Microsoft Visual Studio\2022\BuildTools\VC\Tools\MSVC\14.40.33807\bin\Hostx64\x64;C:\Users\Aaryan\AppData\Local\Microsoft\WindowsApps;C:\Users\Aaryan\AppData\Local\JetBrains\IntelliJ IDEA Community Edition 2023.3.2\bin;;C:\Users\Aaryan\AppData\Local\Programs\Microsoft VS Code\bin;C:\Program Files\JetBrains\PyCharm Community Edition 2023.2.2\bin;;C:\Users\Aaryan\AppData\Local\Microsoft\WinGet\Packages\Schniz.fnm_Microsoft.Winget.Source_8wekyb3d8bbwe;C:\Users\Aaryan\AppData\Roaming\npm;C:\ProgramData\anaconda3;C:\ProgramData\anaconda3\Scripts;C:\ProgramData\anaconda3\Library\bin;;C:\Users\Aaryan\Desktop\sts-4.20.1.RELEASE;
USERNAME=Aaryan
OS=Windows_NT
PROCESSOR_IDENTIFIER=Intel64 Family 6 Model 186 Stepping 2, GenuineIntel
TMP=C:\Users\Aaryan\AppData\Local\Temp
TEMP=C:\Users\Aaryan\AppData\Local\Temp




Periodic native trim disabled

---------------  S Y S T E M  ---------------

OS:
 Windows 11 , 64 bit Build 22621 (10.0.22621.4391)
OS uptime: 0 days 2:45 hours
Hyper-V role detected

CPU: total 12 (initial active 12) (6 cores per cpu, 2 threads per core) family 6 model 186 stepping 2 microcode 0x410e, cx8, cmov, fxsr, ht, mmx, 3dnowpref, sse, sse2, sse3, ssse3, sse4.1, sse4.2, popcnt, lzcnt, tsc, tscinvbit, avx, avx2, aes, erms, clmul, bmi1, bmi2, adx, sha, fma, vzeroupper, clflush, clflushopt, clwb, hv, serialize, rdtscp, rdpid, fsrm, f16c, cet_ibt, cet_ss
Processor Information for processor 0
  Max Mhz: 2100, Current Mhz: 2100, Mhz Limit: 2100
Processor Information for processor 1
  Max Mhz: 2100, Current Mhz: 2100, Mhz Limit: 2100
Processor Information for processor 2
  Max Mhz: 2100, Current Mhz: 2100, Mhz Limit: 2100
Processor Information for processor 3
  Max Mhz: 2100, Current Mhz: 2100, Mhz Limit: 2100
Processor Information for processor 4
  Max Mhz: 2100, Current Mhz: 2100, Mhz Limit: 2100
Processor Information for processor 5
  Max Mhz: 2100, Current Mhz: 2100, Mhz Limit: 2100
Processor Information for processor 6
  Max Mhz: 2100, Current Mhz: 2100, Mhz Limit: 2100
Processor Information for processor 7
  Max Mhz: 2100, Current Mhz: 2100, Mhz Limit: 2100
Processor Information for processor 8
  Max Mhz: 2100, Current Mhz: 1500, Mhz Limit: 1491
Processor Information for processor 9
  Max Mhz: 2100, Current Mhz: 1300, Mhz Limit: 1491
Processor Information for processor 10
  Max Mhz: 2100, Current Mhz: 1500, Mhz Limit: 1491
Processor Information for processor 11
  Max Mhz: 2100, Current Mhz: 1500, Mhz Limit: 1491

Memory: 4k page, system-wide physical 16107M (5646M free)
TotalPageFile size 19819M (AvailPageFile size 5762M)
current process WorkingSet (physical memory assigned to process): 282M, peak: 285M
current process commit charge ("private bytes"): 332M, peak: 376M

vm_info: Java HotSpot(TM) 64-Bit Server VM (21.0.5+9-LTS-239) for windows-amd64 JRE (21.0.5+9-LTS-239), built on 2024-09-30T05:17:38Z by "mach5one" with MS VC++ 17.6 (VS2022)

END.
