#
# A fatal error has been detected by the Java Runtime Environment:
#
#  EXCEPTION_ACCESS_VIOLATION (0xc0000005) at pc=0x00007ffaa2d6d536, pid=5824, tid=19420
#
# JRE version: Java(TM) SE Runtime Environment (21.0.5+9) (build 21.0.5+9-LTS-239)
# Java VM: Java HotSpot(TM) 64-Bit Server VM (21.0.5+9-LTS-239, mixed mode, emulated-client, sharing, tiered, compressed oops, compressed class ptrs, g1 gc, windows-amd64)
# Problematic frame:
# V  [jvm.dll+0x13d536]
#
# No core dump will be written. Minidumps are not enabled by default on client versions of Windows
#
# If you would like to submit a bug report, please visit:
#   https://bugreport.java.com/bugreport/crash.jsp
#

---------------  S U M M A R Y ------------

Command Line: -XX:+ShowCodeDetailsInExceptionMessages -agentlib:jdwp=transport=dt_socket,suspend=y,address=localhost:50370 -Dcom.sun.management.jmxremote -Dcom.sun.management.jmxremote.port=50366 -Dcom.sun.management.jmxremote.authenticate=false -Dcom.sun.management.jmxremote.ssl=false -Djava.rmi.server.hostname=localhost -Dspring.jmx.enabled=true -Dmanagement.endpoints.jmx.exposure.include=* -Dspring.application.admin.enabled=true -XX:TieredStopAtLevel=1 -Dspring.boot.project.name=eCart -javaagent:C:\Users\Aaryan\Desktop\sts-4.20.1.RELEASE\configuration\org.eclipse.osgi\262\0\.cp\lib\javaagent-shaded.jar -Dfile.encoding=UTF-8 -Dstdout.encoding=UTF-8 -Dstderr.encoding=UTF-8 com.hpcl.ECartApplication --spring.output.ansi.enabled=always

Host: 13th Gen Intel(R) Core(TM) i5-13420H, 12 cores, 15G,  Windows 11 , 64 bit Build 22621 (10.0.22621.4974)
Time: Tue Mar 25 14:39:00 2025 India Standard Time elapsed time: 2438.217642 seconds (0d 0h 40m 38s)

---------------  T H R E A D  ---------------

Current thread (0x00000195847967d0):  WorkerThread "GC Thread#6"    [id=19420, stack(0x0000000641e00000,0x0000000641f00000) (1024K)]

Stack: [0x0000000641e00000,0x0000000641f00000],  sp=0x0000000641efdf28,  free space=1015k
Native frames: (J=compiled Java code, j=interpreted, Vv=VM code, C=native code)
V  [jvm.dll+0x13d536]

JavaThread 0x0000019587431830 (nid = 6188) was being processed
Java frames: (J=compiled Java code, j=interpreted, Vv=VM code)
j  java.lang.invoke.DirectMethodHandle$Holder.newInvokeSpecial(Ljava/lang/Object;)Ljava/lang/Object;+15 java.base@21.0.5
J 977 c1 jdk.internal.reflect.DirectConstructorHandleAccessor.newInstance([Ljava/lang/Object;)Ljava/lang/Object; java.base@21.0.5 (130 bytes) @ 0x000001953366576c [0x0000019533665560+0x000000000000020c]
J 976 c1 java.lang.reflect.Constructor.newInstanceWithCaller([Ljava/lang/Object;ZLjava/lang/Class;)Ljava/lang/Object; java.base@21.0.5 (51 bytes) @ 0x000001953366321c [0x0000019533663140+0x00000000000000dc]
J 17563 c1 org.springframework.beans.BeanUtils.instantiateClass(Ljava/lang/reflect/Constructor;[Ljava/lang/Object;)Ljava/lang/Object; (208 bytes) @ 0x0000019533a8bc6c [0x0000019533a8b6e0+0x000000000000058c]
j  org.springframework.beans.factory.support.SimpleInstantiationStrategy.instantiate(Lorg/springframework/beans/factory/support/RootBeanDefinition;Ljava/lang/String;Lorg/springframework/beans/factory/BeanFactory;)Ljava/lang/Object;+111
j  org.springframework.beans.factory.support.AbstractAutowireCapableBeanFactory.instantiateBean(Ljava/lang/String;Lorg/springframework/beans/factory/support/RootBeanDefinition;)Lorg/springframework/beans/BeanWrapper;+7
J 19437 c1 org.springframework.beans.factory.support.AbstractAutowireCapableBeanFactory.createBeanInstance(Ljava/lang/String;Lorg/springframework/beans/factory/support/RootBeanDefinition;[Ljava/lang/Object;)Lorg/springframework/beans/BeanWrapper; (241 bytes) @ 0x0000019533460c74 [0x0000019533460640+0x0000000000000634]
J 19522 c1 org.springframework.beans.factory.support.AbstractAutowireCapableBeanFactory.doCreateBean(Ljava/lang/String;Lorg/springframework/beans/factory/support/RootBeanDefinition;[Ljava/lang/Object;)Ljava/lang/Object; (469 bytes) @ 0x00000195340025ac [0x0000019534002400+0x00000000000001ac]
J 19520 c1 org.springframework.beans.factory.support.AbstractAutowireCapableBeanFactory.createBean(Ljava/lang/String;Lorg/springframework/beans/factory/support/RootBeanDefinition;[Ljava/lang/Object;)Ljava/lang/Object; (214 bytes) @ 0x0000019533d407bc [0x0000019533d402c0+0x00000000000004fc]
J 19524 c1 org.springframework.beans.factory.support.AbstractBeanFactory$$Lambda+0x00000195402d4378.getObject()Ljava/lang/Object; (20 bytes) @ 0x0000019533903bbc [0x0000019533903b20+0x000000000000009c]
J 19521 c1 org.springframework.beans.factory.support.DefaultSingletonBeanRegistry.getSingleton(Ljava/lang/String;Lorg/springframework/beans/factory/ObjectFactory;)Ljava/lang/Object; (279 bytes) @ 0x0000019533d3e91c [0x0000019533d3e5c0+0x000000000000035c]
J 3545 c1 org.springframework.beans.factory.support.AbstractBeanFactory.doGetBean(Ljava/lang/String;Ljava/lang/Class;[Ljava/lang/Object;Z)Ljava/lang/Object; (740 bytes) @ 0x0000019533b6a894 [0x0000019533b6a220+0x0000000000000674]
J 6644 c1 org.springframework.beans.factory.support.AbstractBeanFactory.getBean(Ljava/lang/String;)Ljava/lang/Object; (9 bytes) @ 0x000001953408e014 [0x000001953408dfa0+0x0000000000000074]
j  org.springframework.beans.factory.support.DefaultListableBeanFactory.preInstantiateSingletons()V+152
j  org.springframework.context.support.AbstractApplicationContext.finishBeanFactoryInitialization(Lorg/springframework/beans/factory/config/ConfigurableListableBeanFactory;)V+130
j  org.springframework.context.support.AbstractApplicationContext.refresh()V+94
j  org.springframework.boot.web.servlet.context.ServletWebServerApplicationContext.refresh()V+1
j  org.springframework.boot.SpringApplication.refresh(Lorg/springframework/context/ConfigurableApplicationContext;)V+1
j  org.springframework.boot.SpringApplication.refreshContext(Lorg/springframework/context/ConfigurableApplicationContext;)V+16
j  org.springframework.boot.SpringApplication.run([Ljava/lang/String;)Lorg/springframework/context/ConfigurableApplicationContext;+110
j  org.springframework.boot.SpringApplication.run([Ljava/lang/Class;[Ljava/lang/String;)Lorg/springframework/context/ConfigurableApplicationContext;+9
j  org.springframework.boot.SpringApplication.run(Ljava/lang/Class;[Ljava/lang/String;)Lorg/springframework/context/ConfigurableApplicationContext;+9
j  com.hpcl.ECartApplication.main([Ljava/lang/String;)V+3
j  java.lang.invoke.LambdaForm$DMH+0x0000019540004c00.invokeStatic(Ljava/lang/Object;Ljava/lang/Object;)V+10 java.base@21.0.5
j  java.lang.invoke.LambdaForm$MH+0x00000195400ca000.invoke(Ljava/lang/Object;Ljava/lang/Object;Ljava/lang/Object;)Ljava/lang/Object;+33 java.base@21.0.5
J 4621 c1 jdk.internal.reflect.DirectMethodHandleAccessor.invoke(Ljava/lang/Object;[Ljava/lang/Object;)Ljava/lang/Object; java.base@21.0.5 (92 bytes) @ 0x0000019533d39a7c [0x0000019533d396c0+0x00000000000003bc]
J 4699 c1 java.lang.reflect.Method.invoke(Ljava/lang/Object;[Ljava/lang/Object;)Ljava/lang/Object; java.base@21.0.5 (108 bytes) @ 0x0000019533d5a1f4 [0x0000019533d5a000+0x00000000000001f4]
j  org.springframework.boot.devtools.restart.RestartLauncher.run()V+47
v  ~StubRoutines::call_stub 0x00000195332a100d

siginfo: EXCEPTION_ACCESS_VIOLATION (0xc0000005), reading address 0x000001957e72e547


Registers:
RAX=0x0000000000000000, RBX=0x0000000000000000, RCX=0x0000000642ffdaa0, RDX=0x0000000642ffdaa0
RSP=0x0000000641efdf28, RBP=0x0000000641efe100, RSI=0x0000000641efe2d0, RDI=0x0000000642ffdaa0
R8 =0x000001957e72e53f, R9 =0x0000000642ffdaa0, R10=0x0000000642ffdaa0, R11=0x0000000641efe178
R12=0x000001953f5444f0, R13=0x000001957e72e53f, R14=0x0000000642ffdaa0, R15=0x00000195854451f0
RIP=0x00007ffaa2d6d536, EFLAGS=0x0000000000010206


Register to memory mapping:

RAX=0x0 is null
RBX=0x0 is null
RCX=0x0000000642ffdaa0 is pointing into the stack for thread: 0x0000019587431830
RDX=0x0000000642ffdaa0 is pointing into the stack for thread: 0x0000019587431830
RSP=0x0000000641efdf28 points into unknown readable memory: 0x00007ffaa2f8563b | 3b 56 f8 a2 fa 7f 00 00
RBP=0x0000000641efe100 points into unknown readable memory: 0x0000000600000000 | 00 00 00 00 06 00 00 00
RSI=0x0000000641efe2d0 points into unknown readable memory: 0x0000000642ffda98 | 98 da ff 42 06 00 00 00
RDI=0x0000000642ffdaa0 is pointing into the stack for thread: 0x0000019587431830
R8 =0x000001957e72e53f is an unknown value
R9 =0x0000000642ffdaa0 is pointing into the stack for thread: 0x0000019587431830
R10=0x0000000642ffdaa0 is pointing into the stack for thread: 0x0000019587431830
R11=0x0000000641efe178 points into unknown readable memory: 0x00007ffaa2f4207d | 7d 20 f4 a2 fa 7f 00 00
R12=0x000001953f5444f0 is pointing into metadata
R13=0x000001957e72e53f is an unknown value
R14=0x0000000642ffdaa0 is pointing into the stack for thread: 0x0000019587431830
R15=0x00000195854451f0 points into unknown readable memory: 0x00007ffaa3607578 | 78 75 60 a3 fa 7f 00 00

Top of Stack: (sp=0x0000000641efdf28)
0x0000000641efdf28:   00007ffaa2f8563b 0000000000000000
0x0000000641efdf38:   0000000000000000 000000000000012f
0x0000000641efdf48:   00007ffaa32e8def 000000000000012f
0x0000000641efdf58:   0000000000000013 0000019587eea4c8
0x0000000641efdf68:   00007ffaa3373c51 0000000000000000
0x0000000641efdf78:   0000000000000000 0000000642aff4d0
0x0000000641efdf88:   0000000000000000 0000019584671a70
0x0000000641efdf98:   000001953e61b3c0 000001953f5444f0
0x0000000641efdfa8:   0000019587eea468 0000000641efe2d0
0x0000000641efdfb8:   0000000641efe100 0000000642ffdaa0
0x0000000641efdfc8:   00007ffaa2f93ce8 0000000641efe090
0x0000000641efdfd8:   0000000641efe2d0 000001953f480090
0x0000000641efdfe8:   0000000000000000 0000019587eea468
0x0000000641efdff8:   00007ffaa2f4262b 0000000000000001
0x0000000641efe008:   000001953f0b6370 0000019587eea468
0x0000000641efe018:   0000000641efe2d0 0000000f33f2ad01
0x0000000641efe028:   000001953f0b6370 00000195847967d0
0x0000000641efe038:   0000019500000003 00000000000003d8
0x0000000641efe048:   000001953e61b3d0 000001953e61b7a8
0x0000000641efe058:   000001953f72e53f 00000006000000b8
0x0000000641efe068:   000001953f0b6370 00007ffaa35fea20
0x0000000641efe078:   0000000641efe2d0 0000019587eea468
0x0000000641efe088:   0000000400000003 000001953f5444f0
0x0000000641efe098:   0000001300000001 0000000000000032
0x0000000641efe0a8:   000000010000000c 000001953f480090
0x0000000641efe0b8:   0000000000000000 0000019584c76674
0x0000000641efe0c8:   000085e000000002 0000000300000001
0x0000000641efe0d8:   0000ffff0948e100 0000019584754e90
0x0000000641efe0e8:   0000019587eea468 000001953f017348
0x0000000641efe0f8:   000000063e610013 0000000600000000
0x0000000641efe108:   0000000000000015 0000000642aff728
0x0000000641efe118:   00007ffaa2f93d42 0000000000000000 

Instructions: (pc=0x00007ffaa2d6d536)
0x00007ffaa2d6d436:   4c 63 c0 41 8b c1 48 c1 f8 10 48 63 14 19 41 8b
0x00007ffaa2d6d446:   c9 83 e1 3f 48 d3 e2 0f b6 c8 49 8d 04 10 49 f7
0x00007ffaa2d6d456:   d0 48 03 c8 49 c1 e8 03 48 c1 e9 03 49 23 c8 eb
0x00007ffaa2d6d466:   12 49 8b 00 48 8b d3 49 8b c8 ff 90 00 01 00 00
0x00007ffaa2d6d476:   48 8b c8 48 89 1f 48 8b c7 48 8b 5c 24 30 48 89
0x00007ffaa2d6d486:   4f 08 48 83 c4 20 5f c3 cc cc 0f b6 05 03 f1 a7
0x00007ffaa2d6d496:   00 48 8b d1 84 c0 74 16 44 8b 41 08 8b 0d d0 da
0x00007ffaa2d6d4a6:   a7 00 49 d3 e0 4c 03 05 be da a7 00 eb 04 4c 8b
0x00007ffaa2d6d4b6:   41 08 45 8b 48 08 45 85 c9 7e 0e 41 f6 c1 01 75
0x00007ffaa2d6d4c6:   53 41 c1 f9 03 49 63 c1 c3 79 49 84 c0 41 b8 0c
0x00007ffaa2d6d4d6:   00 00 00 8b 05 d9 eb a7 00 b9 10 00 00 00 41 0f
0x00007ffaa2d6d4e6:   45 c8 ff c8 4c 63 c0 41 8b c1 48 c1 f8 10 0f b6
0x00007ffaa2d6d4f6:   c0 48 63 14 11 41 8b c9 83 e1 3f 48 d3 e2 49 8d
0x00007ffaa2d6d506:   0c 10 49 f7 d0 48 03 c1 49 c1 e8 03 48 c1 e8 03
0x00007ffaa2d6d516:   49 23 c0 c3 49 8b 00 49 8b c8 48 ff a0 00 01 00
0x00007ffaa2d6d526:   00 cc cc cc cc cc cc cc cc cc 4c 8b c2 48 8b d1
0x00007ffaa2d6d536:   45 8b 48 08 45 85 c9 7e 0e 41 f6 c1 01 75 56 41
0x00007ffaa2d6d546:   c1 f9 03 49 63 c1 c3 79 4c 80 3d 44 f0 a7 00 00
0x00007ffaa2d6d556:   b8 0c 00 00 00 b9 10 00 00 00 0f 45 c8 8b 05 4f
0x00007ffaa2d6d566:   eb a7 00 ff c8 4c 63 c0 41 8b c1 48 c1 f8 10 48
0x00007ffaa2d6d576:   63 14 11 41 8b c9 83 e1 3f 0f b6 c0 48 d3 e2 49
0x00007ffaa2d6d586:   8d 0c 10 49 f7 d0 48 03 c1 49 c1 e8 03 48 c1 e8
0x00007ffaa2d6d596:   03 49 23 c0 c3 49 8b 00 49 8b c8 48 ff a0 00 01
0x00007ffaa2d6d5a6:   00 00 cc cc cc cc cc cc cc cc 48 83 ec 28 ba 37
0x00007ffaa2d6d5b6:   00 00 00 48 8d 0d 88 86 85 00 e8 4b 06 14 00 cc
0x00007ffaa2d6d5c6:   cc cc cc cc cc cc cc cc cc cc 40 53 48 83 ec 20
0x00007ffaa2d6d5d6:   48 8b d9 49 8b c0 33 c9 45 0f b6 c1 48 89 0b 48
0x00007ffaa2d6d5e6:   89 4b 08 48 8b cb 48 89 53 10 48 8b d0 e8 a8 09
0x00007ffaa2d6d5f6:   00 00 48 8b c3 48 83 c4 20 5b c3 cc cc cc cc cc
0x00007ffaa2d6d606:   cc cc cc cc cc cc cc cc cc cc 40 53 48 83 ec 20
0x00007ffaa2d6d616:   33 c0 44 88 41 10 45 0f b6 c1 48 89 01 48 89 41
0x00007ffaa2d6d626:   08 48 8b d9 e8 81 0a 00 00 48 8b c3 48 83 c4 20 


Stack slot to memory mapping:

stack at sp + 0 slots: 0x00007ffaa2f8563b jvm.dll
stack at sp + 1 slots: 0x0 is null
stack at sp + 2 slots: 0x0 is null
stack at sp + 3 slots: 0x000000000000012f is an unknown value
stack at sp + 4 slots: 0x00007ffaa32e8def jvm.dll
stack at sp + 5 slots: 0x000000000000012f is an unknown value
stack at sp + 6 slots: 0x0000000000000013 is an unknown value
stack at sp + 7 slots: 0x0000019587eea4c8 points into unknown readable memory: 0x00007ffaa36092a0 | a0 92 60 a3 fa 7f 00 00


---------------  P R O C E S S  ---------------

Threads class SMR info:
_java_thread_list=0x0000019586214940, length=35, elements={
0x000001953d897d80, 0x000001953d898e40, 0x000001953d89a720, 0x000001953d89e2f0,
0x000001953e2201b0, 0x000001953e220db0, 0x000001953e227030, 0x000001953e365960,
0x000001953e3f3d00, 0x000001953e3f65a0, 0x000001953e3f6dc0, 0x00000195845b0f90,
0x00000195847bf2b0, 0x00000195847e7890, 0x00000195847fe480, 0x000001958493f8a0,
0x000001958493ff00, 0x0000019584947620, 0x0000019587034e60, 0x0000019587037c50,
0x000001958703a3b0, 0x0000019587038970, 0x0000019587034140, 0x0000019587039d20,
0x000001958742dd20, 0x000001958742b5c0, 0x000001958742fdf0, 0x0000019584fd02f0,
0x000001958742f0d0, 0x0000019587431830, 0x000001958742ea40, 0x0000019587431ec0,
0x0000019587432550, 0x000001958742bc50, 0x0000019587430b10
}

Java Threads: ( => current thread )
  0x000001953d897d80 JavaThread "Reference Handler"          daemon [_thread_blocked, id=11940, stack(0x0000000640b00000,0x0000000640c00000) (1024K)]
  0x000001953d898e40 JavaThread "Finalizer"                  daemon [_thread_blocked, id=15988, stack(0x0000000640c00000,0x0000000640d00000) (1024K)]
  0x000001953d89a720 JavaThread "Signal Dispatcher"          daemon [_thread_blocked, id=5988, stack(0x0000000640d00000,0x0000000640e00000) (1024K)]
  0x000001953d89e2f0 JavaThread "Attach Listener"            daemon [_thread_blocked, id=7936, stack(0x0000000640e00000,0x0000000640f00000) (1024K)]
  0x000001953e2201b0 JavaThread "Service Thread"             daemon [_thread_blocked, id=8772, stack(0x0000000640f00000,0x0000000641000000) (1024K)]
  0x000001953e220db0 JavaThread "Monitor Deflation Thread"   daemon [_thread_blocked, id=19208, stack(0x0000000641000000,0x0000000641100000) (1024K)]
  0x000001953e227030 JavaThread "C1 CompilerThread0"         daemon [_thread_blocked, id=19164, stack(0x0000000641100000,0x0000000641200000) (1024K)]
  0x000001953e365960 JavaThread "Common-Cleaner"             daemon [_thread_blocked, id=6520, stack(0x0000000641200000,0x0000000641300000) (1024K)]
  0x000001953e3f3d00 JavaThread "JDWP Transport Listener: dt_socket" daemon [_thread_blocked, id=2188, stack(0x0000000641500000,0x0000000641600000) (1024K)]
  0x000001953e3f65a0 JavaThread "JDWP Event Helper Thread"   daemon [_thread_blocked, id=18120, stack(0x0000000641600000,0x0000000641700000) (1024K)]
  0x000001953e3f6dc0 JavaThread "JDWP Command Reader"        daemon [_thread_in_native, id=13228, stack(0x0000000641700000,0x0000000641800000) (1024K)]
  0x00000195845b0f90 JavaThread "Notification Thread"        daemon [_thread_blocked, id=3100, stack(0x0000000641800000,0x0000000641900000) (1024K)]
  0x00000195847bf2b0 JavaThread "RMI TCP Accept-0"           daemon [_thread_in_native, id=9556, stack(0x0000000642100000,0x0000000642200000) (1024K)]
  0x00000195847e7890 JavaThread "RMI TCP Accept-50366"       daemon [_thread_in_native, id=10144, stack(0x0000000642200000,0x0000000642300000) (1024K)]
  0x00000195847fe480 JavaThread "RMI TCP Accept-0"           daemon [_thread_in_native, id=19312, stack(0x0000000642300000,0x0000000642400000) (1024K)]
  0x000001958493f8a0 JavaThread "RMI Scheduler(0)"           daemon [_thread_blocked, id=20476, stack(0x0000000642500000,0x0000000642600000) (1024K)]
  0x000001958493ff00 JavaThread "RMI TCP Connection(idle)"   daemon [_thread_blocked, id=20456, stack(0x0000000642600000,0x0000000642700000) (1024K)]
  0x0000019584947620 JavaThread "JMX server connection timeout 38" daemon [_thread_blocked, id=17524, stack(0x0000000642700000,0x0000000642800000) (1024K)]
  0x0000019587034e60 JavaThread "Jndi-Dns-address-change-listener" daemon [_thread_in_native, id=2960, stack(0x0000000643500000,0x0000000643600000) (1024K)]
  0x0000019587037c50 JavaThread "DestroyJavaVM"                     [_thread_blocked, id=2196, stack(0x0000000640300000,0x0000000640400000) (1024K)]
  0x000001958703a3b0 JavaThread "File Watcher"               daemon [_thread_blocked, id=13080, stack(0x0000000640100000,0x0000000640200000) (1024K)]
  0x0000019587038970 JavaThread "File Watcher"               daemon [_thread_blocked, id=1564, stack(0x0000000641300000,0x0000000641400000) (1024K)]
  0x0000019587034140 JavaThread "File Watcher"               daemon [_thread_blocked, id=20632, stack(0x0000000642400000,0x0000000642500000) (1024K)]
  0x0000019587039d20 JavaThread "File Watcher"               daemon [_thread_blocked, id=19724, stack(0x0000000641400000,0x0000000641500000) (1024K)]
  0x000001958742dd20 JavaThread "File Watcher"               daemon [_thread_blocked, id=19104, stack(0x0000000640200000,0x0000000640300000) (1024K)]
  0x000001958742b5c0 JavaThread "File Watcher"               daemon [_thread_blocked, id=3728, stack(0x0000000642000000,0x0000000642100000) (1024K)]
  0x000001958742fdf0 JavaThread "File Watcher"               daemon [_thread_blocked, id=14388, stack(0x0000000642a00000,0x0000000642b00000) (1024K)]
  0x0000019584fd02f0 JavaThread "Thread-38"                         [_thread_blocked, id=20448, stack(0x0000000640000000,0x0000000640100000) (1024K)]
  0x000001958742f0d0 JavaThread "File Watcher"               daemon [_thread_blocked, id=1236, stack(0x0000000642e00000,0x0000000642f00000) (1024K)]
  0x0000019587431830 JavaThread "restartedMain"                     [_thread_blocked, id=6188, stack(0x0000000642f00000,0x0000000643000000) (1024K)]
  0x000001958742ea40 JavaThread "Catalina-utility-1"                [_thread_blocked, id=21160, stack(0x0000000643300000,0x0000000643400000) (1024K)]
  0x0000019587431ec0 JavaThread "Catalina-utility-2"                [_thread_blocked, id=10152, stack(0x0000000643400000,0x0000000643500000) (1024K)]
  0x0000019587432550 JavaThread "container-8"                       [_thread_blocked, id=20512, stack(0x0000000643600000,0x0000000643700000) (1024K)]
  0x000001958742bc50 JavaThread "PostgreSQL-JDBC-Cleaner"    daemon [_thread_blocked, id=15796, stack(0x0000000643700000,0x0000000643800000) (1024K)]
  0x0000019587430b10 JavaThread "HikariPool-7 housekeeper"   daemon [_thread_blocked, id=11972, stack(0x0000000643800000,0x0000000643900000) (1024K)]
Total: 35

Other Threads:
  0x000001953d87b770 VMThread "VM Thread"                           [id=18416, stack(0x0000000640a00000,0x0000000640b00000) (1024K)]
  0x000001953d8658c0 WatcherThread "VM Periodic Task Thread"        [id=15764, stack(0x0000000640900000,0x0000000640a00000) (1024K)]
  0x000001952aea8730 WorkerThread "GC Thread#0"                     [id=4420, stack(0x0000000640400000,0x0000000640500000) (1024K)]
  0x0000019584763f10 WorkerThread "GC Thread#1"                     [id=4004, stack(0x0000000641900000,0x0000000641a00000) (1024K)]
  0x00000195847642b0 WorkerThread "GC Thread#2"                     [id=7436, stack(0x0000000641a00000,0x0000000641b00000) (1024K)]
  0x0000019584764650 WorkerThread "GC Thread#3"                     [id=4700, stack(0x0000000641b00000,0x0000000641c00000) (1024K)]
  0x00000195847649f0 WorkerThread "GC Thread#4"                     [id=12524, stack(0x0000000641c00000,0x0000000641d00000) (1024K)]
  0x0000019584764d90 WorkerThread "GC Thread#5"                     [id=2780, stack(0x0000000641d00000,0x0000000641e00000) (1024K)]
=>0x00000195847967d0 WorkerThread "GC Thread#6"                     [id=19420, stack(0x0000000641e00000,0x0000000641f00000) (1024K)]
  0x0000019584796b70 WorkerThread "GC Thread#7"                     [id=2332, stack(0x0000000641f00000,0x0000000642000000) (1024K)]
  0x00000195847a6d30 WorkerThread "GC Thread#8"                     [id=16604, stack(0x0000000642800000,0x0000000642900000) (1024K)]
  0x00000195847a5b10 WorkerThread "GC Thread#9"                     [id=1180, stack(0x0000000642900000,0x0000000642a00000) (1024K)]
  0x0000019528b0ded0 ConcurrentGCThread "G1 Main Marker"            [id=11448, stack(0x0000000640500000,0x0000000640600000) (1024K)]
  0x0000019528b0e9d0 WorkerThread "G1 Conc#0"                       [id=4356, stack(0x0000000640600000,0x0000000640700000) (1024K)]
  0x00000195847a6990 WorkerThread "G1 Conc#1"                       [id=5792, stack(0x0000000642c00000,0x0000000642d00000) (1024K)]
  0x0000019585179820 WorkerThread "G1 Conc#2"                       [id=13156, stack(0x0000000642d00000,0x0000000642e00000) (1024K)]
  0x000001953d739890 ConcurrentGCThread "G1 Refine#0"               [id=9060, stack(0x0000000640700000,0x0000000640800000) (1024K)]
  0x000001953d73a0b0 ConcurrentGCThread "G1 Service"                [id=17740, stack(0x0000000640800000,0x0000000640900000) (1024K)]
Total: 18

Threads with active compile tasks:
Total: 0

VM state: at safepoint (normal execution)

VM Mutex/Monitor currently owned by a thread:  ([mutex/lock_event])
[0x00007ffaa386be98] Threads_lock - owner thread: 0x000001953d87b770
[0x00007ffaa386bf98] Heap_lock - owner thread: 0x000001958703a3b0

Heap address: 0x0000000704400000, size: 4028 MB, Compressed Oops mode: Zero based, Oop shift amount: 3

CDS archive(s) mapped at: [0x000001953f000000-0x000001953fc90000-0x000001953fc90000), size 13172736, SharedBaseAddress: 0x000001953f000000, ArchiveRelocationMode: 1.
Compressed class space mapped at: 0x0000019540000000-0x0000019580000000, reserved size: 1073741824
Narrow klass base: 0x000001953f000000, Narrow klass shift: 0, Narrow klass range: 0x100000000

GC Precious Log:
 CardTable entry size: 512
 Card Set container configuration: InlinePtr #cards 4 size 8 Array Of Cards #cards 16 size 48 Howl #buckets 8 coarsen threshold 3686 Howl Bitmap #cards 512 size 80 coarsen threshold 460 Card regions per heap region 1 cards per card region 4096
 CPUs: 12 total, 12 available
 Memory: 16107M
 Large Page Support: Disabled
 NUMA Support: Disabled
 Compressed Oops: Enabled (Zero based)
 Heap Region Size: 2M
 Heap Min Capacity: 8M
 Heap Initial Capacity: 252M
 Heap Max Capacity: 4028M
 Pre-touch: Disabled
 Parallel Workers: 10
 Concurrent Workers: 3
 Concurrent Refinement Workers: 10
 Periodic GC: Disabled

Heap:
 garbage-first heap   total 137216K, used 117503K [0x0000000704400000, 0x0000000800000000)
  region size 2048K, 37 young (75776K), 3 survivors (6144K)
 Metaspace       used 100314K, committed 101248K, reserved 1179648K
  class space    used 13573K, committed 13952K, reserved 1048576K

Heap Regions: E=young(eden), S=young(survivor), O=old, HS=humongous(starts), HC=humongous(continues), CS=collection set, F=free, TAMS=top-at-mark-start, PB=parsable bottom
|   0|0x0000000704400000, 0x0000000704600000, 0x0000000704600000|100%| O|  |TAMS 0x0000000704400000| PB 0x0000000704400000| Untracked 
|   1|0x0000000704600000, 0x0000000704800000, 0x0000000704800000|100%| O|  |TAMS 0x0000000704600000| PB 0x0000000704600000| Untracked 
|   2|0x0000000704800000, 0x0000000704a00000, 0x0000000704a00000|100%| O|  |TAMS 0x0000000704800000| PB 0x0000000704800000| Untracked 
|   3|0x0000000704a00000, 0x0000000704c00000, 0x0000000704c00000|100%| O|  |TAMS 0x0000000704a00000| PB 0x0000000704a00000| Untracked 
|   4|0x0000000704c00000, 0x0000000704dffff8, 0x0000000704e00000| 99%| O|  |TAMS 0x0000000704c00000| PB 0x0000000704c00000| Untracked 
|   5|0x0000000704e00000, 0x0000000704ffffe8, 0x0000000705000000| 99%| O|  |TAMS 0x0000000704e00000| PB 0x0000000704e00000| Untracked 
|   6|0x0000000705000000, 0x00000007051ffff8, 0x0000000705200000| 99%| O|  |TAMS 0x0000000705000000| PB 0x0000000705000000| Untracked 
|   7|0x0000000705200000, 0x0000000705400000, 0x0000000705400000|100%| O|  |TAMS 0x0000000705200000| PB 0x0000000705200000| Untracked 
|   8|0x0000000705400000, 0x00000007055fffe8, 0x0000000705600000| 99%| O|  |TAMS 0x0000000705400000| PB 0x0000000705400000| Untracked 
|   9|0x0000000705600000, 0x0000000705800000, 0x0000000705800000|100%| O|  |TAMS 0x0000000705600000| PB 0x0000000705600000| Untracked 
|  10|0x0000000705800000, 0x00000007059ffff8, 0x0000000705a00000| 99%| O|  |TAMS 0x0000000705800000| PB 0x0000000705800000| Untracked 
|  11|0x0000000705a00000, 0x0000000705be3fe0, 0x0000000705c00000| 94%| O|  |TAMS 0x0000000705a00000| PB 0x0000000705a00000| Untracked 
|  12|0x0000000705c00000, 0x0000000705dffff8, 0x0000000705e00000| 99%| O|  |TAMS 0x0000000705c00000| PB 0x0000000705c00000| Untracked 
|  13|0x0000000705e00000, 0x0000000705fffff0, 0x0000000706000000| 99%| O|  |TAMS 0x0000000705e00000| PB 0x0000000705e00000| Untracked 
|  14|0x0000000706000000, 0x00000007061ffff8, 0x0000000706200000| 99%| O|  |TAMS 0x0000000706000000| PB 0x0000000706000000| Untracked 
|  15|0x0000000706200000, 0x00000007063ffff0, 0x0000000706400000| 99%| O|  |TAMS 0x0000000706200000| PB 0x0000000706200000| Untracked 
|  16|0x0000000706400000, 0x00000007065d4330, 0x0000000706600000| 91%| O|  |TAMS 0x0000000706400000| PB 0x0000000706400000| Untracked 
|  17|0x0000000706600000, 0x00000007067ffcc8, 0x0000000706800000| 99%| O|  |TAMS 0x0000000706600000| PB 0x0000000706600000| Untracked 
|  18|0x0000000706800000, 0x000000070694e200, 0x0000000706a00000| 65%| O|  |TAMS 0x0000000706800000| PB 0x0000000706800000| Untracked 
|  19|0x0000000706a00000, 0x0000000706b5f688, 0x0000000706c00000| 68%| O|Cm|TAMS 0x0000000706a00000| PB 0x0000000706a00000| Complete 
|  20|0x0000000706c00000, 0x0000000706e00000, 0x0000000706e00000|100%| O|  |TAMS 0x0000000706c00000| PB 0x0000000706c00000| Untracked 
|  21|0x0000000706e00000, 0x0000000707000000, 0x0000000707000000|100%| O|  |TAMS 0x0000000706e00000| PB 0x0000000706e00000| Untracked 
|  22|0x0000000707000000, 0x0000000707000000, 0x0000000707200000|  0%| F|  |TAMS 0x0000000707000000| PB 0x0000000707000000| Untracked 
|  23|0x0000000707200000, 0x0000000707200000, 0x0000000707400000|  0%| F|  |TAMS 0x0000000707200000| PB 0x0000000707200000| Untracked 
|  24|0x0000000707400000, 0x0000000707400000, 0x0000000707600000|  0%| F|  |TAMS 0x0000000707400000| PB 0x0000000707400000| Untracked 
|  25|0x0000000707600000, 0x0000000707600000, 0x0000000707800000|  0%| F|  |TAMS 0x0000000707600000| PB 0x0000000707600000| Untracked 
|  26|0x0000000707800000, 0x0000000707800000, 0x0000000707a00000|  0%| F|  |TAMS 0x0000000707800000| PB 0x0000000707800000| Untracked 
|  27|0x0000000707a00000, 0x0000000707afff00, 0x0000000707c00000| 49%| S|  |TAMS 0x0000000707a00000| PB 0x0000000707a00000| Complete 
|  28|0x0000000707c00000, 0x0000000707e00000, 0x0000000707e00000|100%| S|  |TAMS 0x0000000707c00000| PB 0x0000000707c00000| Complete 
|  29|0x0000000707e00000, 0x0000000708000000, 0x0000000708000000|100%| S|  |TAMS 0x0000000707e00000| PB 0x0000000707e00000| Complete 
|  30|0x0000000708000000, 0x0000000708200000, 0x0000000708200000|100%| E|CS|TAMS 0x0000000708000000| PB 0x0000000708000000| Complete 
|  31|0x0000000708200000, 0x0000000708400000, 0x0000000708400000|100%| E|CS|TAMS 0x0000000708200000| PB 0x0000000708200000| Complete 
|  32|0x0000000708400000, 0x0000000708600000, 0x0000000708600000|100%| E|CS|TAMS 0x0000000708400000| PB 0x0000000708400000| Complete 
|  33|0x0000000708600000, 0x0000000708800000, 0x0000000708800000|100%| E|CS|TAMS 0x0000000708600000| PB 0x0000000708600000| Complete 
|  34|0x0000000708800000, 0x0000000708a00000, 0x0000000708a00000|100%| E|CS|TAMS 0x0000000708800000| PB 0x0000000708800000| Complete 
|  35|0x0000000708a00000, 0x0000000708c00000, 0x0000000708c00000|100%| E|CS|TAMS 0x0000000708a00000| PB 0x0000000708a00000| Complete 
|  36|0x0000000708c00000, 0x0000000708e00000, 0x0000000708e00000|100%| E|CS|TAMS 0x0000000708c00000| PB 0x0000000708c00000| Complete 
|  37|0x0000000708e00000, 0x0000000709000000, 0x0000000709000000|100%| E|CS|TAMS 0x0000000708e00000| PB 0x0000000708e00000| Complete 
|  38|0x0000000709000000, 0x0000000709200000, 0x0000000709200000|100%| E|CS|TAMS 0x0000000709000000| PB 0x0000000709000000| Complete 
|  39|0x0000000709200000, 0x0000000709400000, 0x0000000709400000|100%| E|CS|TAMS 0x0000000709200000| PB 0x0000000709200000| Complete 
|  40|0x0000000709400000, 0x0000000709600000, 0x0000000709600000|100%| E|CS|TAMS 0x0000000709400000| PB 0x0000000709400000| Complete 
|  41|0x0000000709600000, 0x0000000709800000, 0x0000000709800000|100%| E|CS|TAMS 0x0000000709600000| PB 0x0000000709600000| Complete 
|  42|0x0000000709800000, 0x0000000709a00000, 0x0000000709a00000|100%| E|CS|TAMS 0x0000000709800000| PB 0x0000000709800000| Complete 
|  43|0x0000000709a00000, 0x0000000709c00000, 0x0000000709c00000|100%| E|CS|TAMS 0x0000000709a00000| PB 0x0000000709a00000| Complete 
|  44|0x0000000709c00000, 0x0000000709e00000, 0x0000000709e00000|100%| E|CS|TAMS 0x0000000709c00000| PB 0x0000000709c00000| Complete 
|  45|0x0000000709e00000, 0x000000070a000000, 0x000000070a000000|100%| E|CS|TAMS 0x0000000709e00000| PB 0x0000000709e00000| Complete 
|  46|0x000000070a000000, 0x000000070a200000, 0x000000070a200000|100%| E|CS|TAMS 0x000000070a000000| PB 0x000000070a000000| Complete 
|  47|0x000000070a200000, 0x000000070a400000, 0x000000070a400000|100%| E|CS|TAMS 0x000000070a200000| PB 0x000000070a200000| Complete 
|  48|0x000000070a400000, 0x000000070a600000, 0x000000070a600000|100%| E|CS|TAMS 0x000000070a400000| PB 0x000000070a400000| Complete 
|  49|0x000000070a600000, 0x000000070a800000, 0x000000070a800000|100%| E|CS|TAMS 0x000000070a600000| PB 0x000000070a600000| Complete 
|  50|0x000000070a800000, 0x000000070aa00000, 0x000000070aa00000|100%| E|CS|TAMS 0x000000070a800000| PB 0x000000070a800000| Complete 
|  51|0x000000070aa00000, 0x000000070ac00000, 0x000000070ac00000|100%| E|CS|TAMS 0x000000070aa00000| PB 0x000000070aa00000| Complete 
|  52|0x000000070ac00000, 0x000000070ae00000, 0x000000070ae00000|100%| E|CS|TAMS 0x000000070ac00000| PB 0x000000070ac00000| Complete 
|  53|0x000000070ae00000, 0x000000070b000000, 0x000000070b000000|100%| E|CS|TAMS 0x000000070ae00000| PB 0x000000070ae00000| Complete 
|  54|0x000000070b000000, 0x000000070b200000, 0x000000070b200000|100%| E|CS|TAMS 0x000000070b000000| PB 0x000000070b000000| Complete 
|  55|0x000000070b200000, 0x000000070b400000, 0x000000070b400000|100%| E|CS|TAMS 0x000000070b200000| PB 0x000000070b200000| Complete 
|  56|0x000000070b400000, 0x000000070b600000, 0x000000070b600000|100%| E|CS|TAMS 0x000000070b400000| PB 0x000000070b400000| Complete 
|  57|0x000000070b600000, 0x000000070b800000, 0x000000070b800000|100%| E|CS|TAMS 0x000000070b600000| PB 0x000000070b600000| Complete 
|  58|0x000000070b800000, 0x000000070ba00000, 0x000000070ba00000|100%| E|CS|TAMS 0x000000070b800000| PB 0x000000070b800000| Complete 
|  59|0x000000070ba00000, 0x000000070bc00000, 0x000000070bc00000|100%| E|CS|TAMS 0x000000070ba00000| PB 0x000000070ba00000| Complete 
|  60|0x000000070bc00000, 0x000000070be00000, 0x000000070be00000|100%| E|CS|TAMS 0x000000070bc00000| PB 0x000000070bc00000| Complete 
|  61|0x000000070be00000, 0x000000070c000000, 0x000000070c000000|100%| E|CS|TAMS 0x000000070be00000| PB 0x000000070be00000| Complete 
|  62|0x000000070c000000, 0x000000070c05a438, 0x000000070c200000| 17%| E|CS|TAMS 0x000000070c000000| PB 0x000000070c000000| Complete 
|  63|0x000000070c200000, 0x000000070c400000, 0x000000070c400000|100%| E|CS|TAMS 0x000000070c200000| PB 0x000000070c200000| Complete 
|  64|0x000000070c400000, 0x000000070c600000, 0x000000070c600000|100%| E|CS|TAMS 0x000000070c400000| PB 0x000000070c400000| Complete 
|  65|0x000000070c600000, 0x000000070c800000, 0x000000070c800000|100%| E|CS|TAMS 0x000000070c600000| PB 0x000000070c600000| Complete 
|  66|0x000000070c800000, 0x000000070ca00000, 0x000000070ca00000|100%| E|CS|TAMS 0x000000070c800000| PB 0x000000070c800000| Complete 

Card table byte_map: [0x0000019536db0000,0x0000019537590000] _byte_map_base: 0x000001953358e000

Marking Bits: (CMBitMap*) 0x000001952aea8e30
 Bits: [0x0000019537590000, 0x000001953b480000)

Polling page: 0x0000019528d60000

Metaspace:

Usage:
  Non-class:     84.71 MB used.
      Class:     13.26 MB used.
       Both:     97.96 MB used.

Virtual space:
  Non-class space:      128.00 MB reserved,      85.25 MB ( 67%) committed,  2 nodes.
      Class space:        1.00 GB reserved,      13.62 MB (  1%) committed,  1 nodes.
             Both:        1.12 GB reserved,      98.88 MB (  9%) committed. 

Chunk freelists:
   Non-Class:  9.89 MB
       Class:  2.32 MB
        Both:  12.21 MB

MaxMetaspaceSize: unlimited
CompressedClassSpaceSize: 1.00 GB
Initial GC threshold: 21.00 MB
Current GC threshold: 164.81 MB
CDS: on
 - commit_granule_bytes: 65536.
 - commit_granule_words: 8192.
 - virtual_space_node_default_size: 8388608.
 - enlarge_chunks_in_place: 1.
 - use_allocation_guard: 0.


Internal statistics:

num_allocs_failed_limit: 6.
num_arena_births: 2412.
num_arena_deaths: 1180.
num_vsnodes_births: 3.
num_vsnodes_deaths: 0.
num_space_committed: 1582.
num_space_uncommitted: 0.
num_chunks_returned_to_freelist: 1442.
num_chunks_taken_from_freelist: 6458.
num_chunk_merges: 245.
num_chunk_splits: 4048.
num_chunks_enlarged: 3191.
num_inconsistent_stats: 0.

CodeCache: size=49152Kb used=15453Kb max_used=19614Kb free=33698Kb
 bounds [0x00000195332a0000, 0x0000019534660000, 0x00000195362a0000]
 total_blobs=8426 nmethods=7633 adapters=715
 compilation: enabled
              stopped_count=0, restarted_count=0
 full_count=0

Compilation events (20 events):
Event: 2403.238 Thread 0x000001953e3563d0 nmethod 21335 0x0000019533e04b10 code [0x0000019533e04ca0, 0x0000019533e04d68]
Event: 2403.238 Thread 0x000001953e3563d0 21336       1       java.lang.Character::hashCode (2 bytes)
Event: 2403.238 Thread 0x000001953e3563d0 nmethod 21336 0x0000019533e04810 code [0x0000019533e049a0, 0x0000019533e04a48]
Event: 2403.238 Thread 0x000001953e3563d0 21337       1       org.postgresql.shaded.com.ongres.stringprep.StringPrep::prohibitionChangeDisplayProperties (111 bytes)
Event: 2403.238 Thread 0x000001953e3563d0 nmethod 21337 0x0000019533e04490 code [0x0000019533e04620, 0x0000019533e04790]
Event: 2403.239 Thread 0x000001953e357f10 nmethod 21333 0x0000019533e03690 code [0x0000019533e038c0, 0x0000019533e03fb8]
Event: 2403.239 Thread 0x000001953e356aa0 nmethod 21332 0x0000019533e02290 code [0x0000019533e02520, 0x0000019533e030c8]
Event: 2403.239 Thread 0x000001953e227030 nmethod 21329 0x0000019533e00a90 code [0x0000019533e00dc0, 0x0000019533e01a98]
Event: 2403.252 Thread 0x000001953e227030 21338       1       sun.security.jca.ProviderList::getProvider (22 bytes)
Event: 2403.252 Thread 0x000001953e227030 nmethod 21338 0x0000019533e00690 code [0x0000019533e00840, 0x0000019533e00978]
Event: 2403.257 Thread 0x000001953e227030 21339       1       org.postgresql.core.AsciiStringInterner::getStringIfPresent (100 bytes)
Event: 2403.258 Thread 0x000001953e227030 nmethod 21339 0x0000019533dff690 code [0x0000019533dff900, 0x0000019533e000f8]
Event: 2403.258 Thread 0x000001953e357f10 21340   !   1       org.postgresql.jdbc.TypeInfoCache::addCoreType (368 bytes)
Event: 2403.258 Thread 0x000001953e227030 21341       1       java.util.Hashtable$Enumerator::hasMoreElements (53 bytes)
Event: 2403.258 Thread 0x000001953e227030 nmethod 21341 0x0000019533dff290 code [0x0000019533dff420, 0x0000019533dff5b0]
Event: 2403.259 Thread 0x000001953e357f10 nmethod 21340 0x00000195334f4f10 code [0x00000195334f5300, 0x00000195334f6138]
Event: 2431.083 Thread 0x000001953e227030 21342       1       java.lang.Thread::onSpinWait (1 bytes)
Event: 2431.084 Thread 0x000001953e227030 nmethod 21342 0x0000019533dfee10 code [0x0000019533dfefa0, 0x0000019533dff048]
Event: 2435.651 Thread 0x000001953e227030 21343       1       org.springframework.boot.devtools.filewatch.DirectorySnapshot::getDirectory (5 bytes)
Event: 2435.651 Thread 0x000001953e227030 nmethod 21343 0x00000195334f4c10 code [0x00000195334f4da0, 0x00000195334f4e70]

GC Heap History (20 events):
Event: 2178.124 GC heap after
{Heap after GC invocations=79 (full 4):
 garbage-first heap   total 147456K, used 49404K [0x0000000704400000, 0x0000000800000000)
  region size 2048K, 2 young (4096K), 2 survivors (4096K)
 Metaspace       used 99892K, committed 100864K, reserved 1179648K
  class space    used 13510K, committed 13952K, reserved 1048576K
}
Event: 2224.622 GC heap before
{Heap before GC invocations=79 (full 4):
 garbage-first heap   total 147456K, used 129276K [0x0000000704400000, 0x0000000800000000)
  region size 2048K, 41 young (83968K), 2 survivors (4096K)
 Metaspace       used 99892K, committed 100864K, reserved 1179648K
  class space    used 13510K, committed 13952K, reserved 1048576K
}
Event: 2224.624 GC heap after
{Heap after GC invocations=80 (full 4):
 garbage-first heap   total 147456K, used 49556K [0x0000000704400000, 0x0000000800000000)
  region size 2048K, 2 young (4096K), 2 survivors (4096K)
 Metaspace       used 99892K, committed 100864K, reserved 1179648K
  class space    used 13510K, committed 13952K, reserved 1048576K
}
Event: 2270.997 GC heap before
{Heap before GC invocations=81 (full 4):
 garbage-first heap   total 147456K, used 129428K [0x0000000704400000, 0x0000000800000000)
  region size 2048K, 41 young (83968K), 2 survivors (4096K)
 Metaspace       used 99733K, committed 100864K, reserved 1179648K
  class space    used 13491K, committed 13952K, reserved 1048576K
}
Event: 2271.000 GC heap after
{Heap after GC invocations=82 (full 4):
 garbage-first heap   total 147456K, used 49833K [0x0000000704400000, 0x0000000800000000)
  region size 2048K, 3 young (6144K), 3 survivors (6144K)
 Metaspace       used 99733K, committed 100864K, reserved 1179648K
  class space    used 13491K, committed 13952K, reserved 1048576K
}
Event: 2315.081 GC heap before
{Heap before GC invocations=82 (full 4):
 garbage-first heap   total 147456K, used 125609K [0x0000000704400000, 0x0000000800000000)
  region size 2048K, 40 young (81920K), 3 survivors (6144K)
 Metaspace       used 99733K, committed 100864K, reserved 1179648K
  class space    used 13491K, committed 13952K, reserved 1048576K
}
Event: 2315.083 GC heap after
{Heap after GC invocations=83 (full 4):
 garbage-first heap   total 147456K, used 48959K [0x0000000704400000, 0x0000000800000000)
  region size 2048K, 2 young (4096K), 2 survivors (4096K)
 Metaspace       used 99733K, committed 100864K, reserved 1179648K
  class space    used 13491K, committed 13952K, reserved 1048576K
}
Event: 2362.980 GC heap before
{Heap before GC invocations=83 (full 4):
 garbage-first heap   total 147456K, used 130879K [0x0000000704400000, 0x0000000800000000)
  region size 2048K, 42 young (86016K), 2 survivors (4096K)
 Metaspace       used 99733K, committed 100864K, reserved 1179648K
  class space    used 13491K, committed 13952K, reserved 1048576K
}
Event: 2362.982 GC heap after
{Heap after GC invocations=84 (full 4):
 garbage-first heap   total 147456K, used 48756K [0x0000000704400000, 0x0000000800000000)
  region size 2048K, 2 young (4096K), 2 survivors (4096K)
 Metaspace       used 99733K, committed 100864K, reserved 1179648K
  class space    used 13491K, committed 13952K, reserved 1048576K
}
Event: 2371.862 GC heap before
{Heap before GC invocations=85 (full 4):
 garbage-first heap   total 147456K, used 67188K [0x0000000704400000, 0x0000000800000000)
  region size 2048K, 12 young (24576K), 2 survivors (4096K)
 Metaspace       used 99802K, committed 100864K, reserved 1179648K
  class space    used 13497K, committed 13952K, reserved 1048576K
}
Event: 2371.895 GC heap after
{Heap after GC invocations=86 (full 5):
 garbage-first heap   total 137216K, used 37532K [0x0000000704400000, 0x0000000800000000)
  region size 2048K, 0 young (0K), 0 survivors (0K)
 Metaspace       used 99710K, committed 100864K, reserved 1179648K
  class space    used 13475K, committed 13952K, reserved 1048576K
}
Event: 2372.562 GC heap before
{Heap before GC invocations=86 (full 5):
 garbage-first heap   total 137216K, used 92828K [0x0000000704400000, 0x0000000800000000)
  region size 2048K, 28 young (57344K), 0 survivors (0K)
 Metaspace       used 99917K, committed 100928K, reserved 1179648K
  class space    used 13520K, committed 13952K, reserved 1048576K
}
Event: 2372.565 GC heap after
{Heap after GC invocations=87 (full 5):
 garbage-first heap   total 137216K, used 43203K [0x0000000704400000, 0x0000000800000000)
  region size 2048K, 3 young (6144K), 3 survivors (6144K)
 Metaspace       used 99917K, committed 100928K, reserved 1179648K
  class space    used 13520K, committed 13952K, reserved 1048576K
}
Event: 2402.340 GC heap before
{Heap before GC invocations=88 (full 5):
 garbage-first heap   total 137216K, used 118979K [0x0000000704400000, 0x0000000800000000)
  region size 2048K, 40 young (81920K), 3 survivors (6144K)
 Metaspace       used 100049K, committed 100992K, reserved 1179648K
  class space    used 13545K, committed 13952K, reserved 1048576K
}
Event: 2402.345 GC heap after
{Heap after GC invocations=89 (full 5):
 garbage-first heap   total 137216K, used 44007K [0x0000000704400000, 0x0000000800000000)
  region size 2048K, 3 young (6144K), 3 survivors (6144K)
 Metaspace       used 100049K, committed 100992K, reserved 1179648K
  class space    used 13545K, committed 13952K, reserved 1048576K
}
Event: 2403.041 GC heap before
{Heap before GC invocations=89 (full 5):
 garbage-first heap   total 137216K, used 113639K [0x0000000704400000, 0x0000000800000000)
  region size 2048K, 38 young (77824K), 3 survivors (6144K)
 Metaspace       used 100263K, committed 101184K, reserved 1179648K
  class space    used 13567K, committed 13952K, reserved 1048576K
}
Event: 2403.045 GC heap after
{Heap after GC invocations=90 (full 5):
 garbage-first heap   total 137216K, used 47312K [0x0000000704400000, 0x0000000800000000)
  region size 2048K, 4 young (8192K), 4 survivors (8192K)
 Metaspace       used 100263K, committed 101184K, reserved 1179648K
  class space    used 13567K, committed 13952K, reserved 1048576K
}
Event: 2403.064 GC heap before
{Heap before GC invocations=90 (full 5):
 garbage-first heap   total 137216K, used 49360K [0x0000000704400000, 0x0000000800000000)
  region size 2048K, 6 young (12288K), 4 survivors (8192K)
 Metaspace       used 100267K, committed 101248K, reserved 1179648K
  class space    used 13568K, committed 13952K, reserved 1048576K
}
Event: 2403.067 GC heap after
{Heap after GC invocations=91 (full 5):
 garbage-first heap   total 137216K, used 47871K [0x0000000704400000, 0x0000000800000000)
  region size 2048K, 3 young (6144K), 3 survivors (6144K)
 Metaspace       used 100267K, committed 101248K, reserved 1179648K
  class space    used 13568K, committed 13952K, reserved 1048576K
}
Event: 2438.203 GC heap before
{Heap before GC invocations=92 (full 5):
 garbage-first heap   total 137216K, used 117503K [0x0000000704400000, 0x0000000800000000)
  region size 2048K, 37 young (75776K), 3 survivors (6144K)
 Metaspace       used 100314K, committed 101248K, reserved 1179648K
  class space    used 13573K, committed 13952K, reserved 1048576K
}

Dll operation events (12 events):
Event: 0.011 Loaded shared library C:\Program Files\Java\jdk-21\bin\java.dll
Event: 0.331 Loaded shared library C:\Program Files\Java\jdk-21\bin\zip.dll
Event: 0.335 Loaded shared library C:\Program Files\Java\jdk-21\bin\instrument.dll
Event: 0.340 Loaded shared library C:\Program Files\Java\jdk-21\bin\net.dll
Event: 0.341 Loaded shared library C:\Program Files\Java\jdk-21\bin\nio.dll
Event: 0.344 Loaded shared library C:\Program Files\Java\jdk-21\bin\zip.dll
Event: 0.554 Loaded shared library C:\Program Files\Java\jdk-21\bin\jimage.dll
Event: 0.599 Loaded shared library C:\Program Files\Java\jdk-21\bin\management.dll
Event: 0.610 Loaded shared library C:\Program Files\Java\jdk-21\bin\management_ext.dll
Event: 0.832 Loaded shared library C:\Program Files\Java\jdk-21\bin\extnet.dll
Event: 0.866 Loaded shared library C:\Program Files\Java\jdk-21\bin\verify.dll
Event: 2.933 Loaded shared library C:\Program Files\Java\jdk-21\bin\sunmscapi.dll

Deoptimization events (20 events):
Event: 2403.130 Thread 0x0000019587431830 DEOPT PACKING pc=0x0000019534406e54 sp=0x0000000642ffb490
Event: 2403.130 Thread 0x0000019587431830 DEOPT UNPACKING pc=0x00000195332f4e42 sp=0x0000000642ffa938 mode 1
Event: 2403.130 Thread 0x0000019587431830 DEOPT PACKING pc=0x0000019533d39a7c sp=0x0000000642ffb510
Event: 2403.130 Thread 0x0000019587431830 DEOPT UNPACKING pc=0x00000195332f4e42 sp=0x0000000642ffaa20 mode 1
Event: 2403.131 Thread 0x0000019587431830 DEOPT PACKING pc=0x0000019533d5a1f4 sp=0x0000000642ffb6c0
Event: 2403.131 Thread 0x0000019587431830 DEOPT UNPACKING pc=0x00000195332f4e42 sp=0x0000000642ffabb0 mode 1
Event: 2403.133 Thread 0x0000019587431830 DEOPT PACKING pc=0x0000019534406e54 sp=0x0000000642ffb490
Event: 2403.133 Thread 0x0000019587431830 DEOPT UNPACKING pc=0x00000195332f4e42 sp=0x0000000642ffa938 mode 1
Event: 2403.133 Thread 0x0000019587431830 DEOPT PACKING pc=0x0000019533d39a7c sp=0x0000000642ffb510
Event: 2403.133 Thread 0x0000019587431830 DEOPT UNPACKING pc=0x00000195332f4e42 sp=0x0000000642ffaa20 mode 1
Event: 2403.133 Thread 0x0000019587431830 DEOPT PACKING pc=0x0000019533d5a1f4 sp=0x0000000642ffb6c0
Event: 2403.133 Thread 0x0000019587431830 DEOPT UNPACKING pc=0x00000195332f4e42 sp=0x0000000642ffabb0 mode 1
Event: 2403.134 Thread 0x0000019587431830 DEOPT PACKING pc=0x0000019534406e54 sp=0x0000000642ffb490
Event: 2403.134 Thread 0x0000019587431830 DEOPT UNPACKING pc=0x00000195332f4e42 sp=0x0000000642ffa938 mode 1
Event: 2403.134 Thread 0x0000019587431830 DEOPT PACKING pc=0x0000019533d39a7c sp=0x0000000642ffb510
Event: 2403.134 Thread 0x0000019587431830 DEOPT UNPACKING pc=0x00000195332f4e42 sp=0x0000000642ffaa20 mode 1
Event: 2403.134 Thread 0x0000019587431830 DEOPT PACKING pc=0x0000019533d5a1f4 sp=0x0000000642ffb6c0
Event: 2403.134 Thread 0x0000019587431830 DEOPT UNPACKING pc=0x00000195332f4e42 sp=0x0000000642ffabb0 mode 1
Event: 2434.746 Thread 0x0000019587431830 DEOPT PACKING pc=0x0000019533667e94 sp=0x0000000642ffdaa0
Event: 2434.746 Thread 0x0000019587431830 DEOPT UNPACKING pc=0x00000195332f4e42 sp=0x0000000642ffcf58 mode 0

Classes loaded (20 events):
Event: 225.794 Loading class java/lang/ObjectBeanInfo
Event: 225.794 Loading class java/lang/ObjectBeanInfo done
Event: 225.795 Loading class java/lang/ObjectCustomizer
Event: 225.795 Loading class java/lang/ObjectCustomizer done
Event: 225.797 Loading class java/lang/ObjectCustomizer
Event: 225.797 Loading class java/lang/ObjectCustomizer done
Event: 578.909 Loading class sun/net/ConnectionResetException
Event: 578.909 Loading class sun/net/ConnectionResetException done
Event: 578.934 Loading class java/lang/Throwable$WrappedPrintWriter
Event: 578.934 Loading class java/lang/Throwable$WrappedPrintWriter done
Event: 579.017 Loading class java/util/stream/LongStream
Event: 579.017 Loading class java/util/stream/LongStream done
Event: 579.018 Loading class java/util/stream/DoubleStream
Event: 579.018 Loading class java/util/stream/DoubleStream done
Event: 1309.748 Loading class java/time/DurationEditor
Event: 1309.748 Loading class java/time/DurationEditor done
Event: 2009.825 Loading class java/time/DurationEditor
Event: 2009.825 Loading class java/time/DurationEditor done
Event: 2402.476 Loading class java/time/DurationEditor
Event: 2402.476 Loading class java/time/DurationEditor done

Classes unloaded (20 events):
Event: 2371.874 Thread 0x000001953d87b770 Unloading class 0x000001954000b800 'java/lang/invoke/LambdaForm$MH+0x000001954000b800'
Event: 2371.874 Thread 0x000001953d87b770 Unloading class 0x00000195400c0800 'java/lang/invoke/LambdaForm$MH+0x00000195400c0800'
Event: 2371.874 Thread 0x000001953d87b770 Unloading class 0x00000195400c1000 'java/lang/invoke/LambdaForm$MH+0x00000195400c1000'
Event: 2371.874 Thread 0x000001953d87b770 Unloading class 0x00000195400c1800 'java/lang/invoke/LambdaForm$MH+0x00000195400c1800'
Event: 2371.874 Thread 0x000001953d87b770 Unloading class 0x00000195400c3000 'java/lang/invoke/LambdaForm$MH+0x00000195400c3000'
Event: 2371.874 Thread 0x000001953d87b770 Unloading class 0x00000195400c8800 'java/lang/invoke/LambdaForm$MH+0x00000195400c8800'
Event: 2371.874 Thread 0x000001953d87b770 Unloading class 0x00000195400cac00 'java/lang/invoke/LambdaForm$MH+0x00000195400cac00'
Event: 2371.874 Thread 0x000001953d87b770 Unloading class 0x00000195400de000 'java/lang/invoke/LambdaForm$MH+0x00000195400de000'
Event: 2371.874 Thread 0x000001953d87b770 Unloading class 0x0000019540100800 'java/lang/invoke/LambdaForm$MH+0x0000019540100800'
Event: 2371.874 Thread 0x000001953d87b770 Unloading class 0x0000019540101000 'java/lang/invoke/LambdaForm$MH+0x0000019540101000'
Event: 2371.874 Thread 0x000001953d87b770 Unloading class 0x0000019540101c00 'java/lang/invoke/LambdaForm$MH+0x0000019540101c00'
Event: 2371.874 Thread 0x000001953d87b770 Unloading class 0x0000019540108400 'java/lang/invoke/LambdaForm$DMH+0x0000019540108400'
Event: 2371.874 Thread 0x000001953d87b770 Unloading class 0x000001954010cc00 'java/lang/invoke/LambdaForm$MH+0x000001954010cc00'
Event: 2371.874 Thread 0x000001953d87b770 Unloading class 0x000001954010fc00 'java/lang/invoke/LambdaForm$MH+0x000001954010fc00'
Event: 2371.874 Thread 0x000001953d87b770 Unloading class 0x0000019540220800 'java/lang/invoke/LambdaForm$DMH+0x0000019540220800'
Event: 2371.874 Thread 0x000001953d87b770 Unloading class 0x00000195404cc400 'java/lang/invoke/LambdaForm$MH+0x00000195404cc400'
Event: 2371.874 Thread 0x000001953d87b770 Unloading class 0x000001954051d000 'java/lang/invoke/LambdaForm$MH+0x000001954051d000'
Event: 2371.874 Thread 0x000001953d87b770 Unloading class 0x0000019540550000 'java/lang/invoke/LambdaForm$MH+0x0000019540550000'
Event: 2371.874 Thread 0x000001953d87b770 Unloading class 0x0000019540598800 'java/lang/invoke/LambdaForm$MH+0x0000019540598800'
Event: 2371.874 Thread 0x000001953d87b770 Unloading class 0x0000019540b42800 'java/lang/invoke/LambdaForm$MH+0x0000019540b42800'

Classes redefined (0 events):
No events

Internal exceptions (20 events):
Event: 2372.469 Thread 0x000001958742e3b0 Exception <a 'java/lang/NoClassDefFoundError'{0x000000070a0480a8}: org/jooq/DSLContext> (0x000000070a0480a8) 
thrown [s\open\src\hotspot\share\oops\constantPool.cpp, line 873]
Event: 2372.470 Thread 0x000001958742e3b0 Exception <a 'java/lang/NoClassDefFoundError'{0x000000070a0572b0}: org/springframework/batch/core/repository/JobRepository> (0x000000070a0572b0) 
thrown [s\open\src\hotspot\share\oops\constantPool.cpp, line 873]
Event: 2372.470 Thread 0x000001958742e3b0 Exception <a 'java/lang/NoClassDefFoundError'{0x000000070a057908}: org/quartz/Scheduler> (0x000000070a057908) 
thrown [s\open\src\hotspot\share\oops\constantPool.cpp, line 873]
Event: 2372.471 Thread 0x000001958742e3b0 Exception <a 'java/lang/NoClassDefFoundError'{0x000000070a057f88}: org/springframework/session/jdbc/JdbcIndexedSessionRepository> (0x000000070a057f88) 
thrown [s\open\src\hotspot\share\oops\constantPool.cpp, line 873]
Event: 2372.532 Thread 0x000001958742e3b0 Exception <a 'java/lang/NoSuchMethodError'{0x00000007094196d8}: 'int java.lang.invoke.DirectMethodHandle$Holder.invokeVirtual(java.lang.Object, java.lang.Object, java.lang.Object, java.lang.Object)'> (0x00000007094196d8) 
thrown [s\open\src\hotspot\share\interpreter\linkResolver.cpp, line 773]
Event: 2372.532 Thread 0x000001958742e3b0 Exception <a 'java/lang/NoSuchMethodError'{0x000000070941ccd8}: 'int java.lang.invoke.DelegatingMethodHandle$Holder.reinvoke_L(java.lang.Object, java.lang.Object, java.lang.Object, java.lang.Object)'> (0x000000070941ccd8) 
thrown [s\open\src\hotspot\share\interpreter\linkResolver.cpp, line 773]
Event: 2372.544 Thread 0x000001958742e3b0 Exception <a 'java/io/FileNotFoundException'{0x00000007094ac240}> (0x00000007094ac240) 
thrown [s\open\src\hotspot\share\prims\jni.cpp, line 520]
Event: 2372.619 Thread 0x000001958742e3b0 Exception <a 'java/lang/NoSuchMethodError'{0x000000070c494f98}: 'void java.lang.invoke.DirectMethodHandle$Holder.invokeVirtual(java.lang.Object, java.lang.Object, java.lang.Object, java.lang.Object, java.lang.Object)'> (0x000000070c494f98) 
thrown [s\open\src\hotspot\share\interpreter\linkResolver.cpp, line 773]
Event: 2372.726 Thread 0x000001958742f0d0 Exception <a 'java/lang/InterruptedException'{0x000000070aabd2d8}: sleep interrupted> (0x000000070aabd2d8) 
thrown [s\open\src\hotspot\share\prims\jvm.cpp, line 3074]
Event: 2372.731 Thread 0x000001958742e3b0 Exception <a 'java/lang/NoClassDefFoundError'{0x000000070aa4cde8}: liquibase/exception/ChangeLogParseException> (0x000000070aa4cde8) 
thrown [s\open\src\hotspot\share\classfile\systemDictionary.cpp, line 301]
Event: 2401.081 Thread 0x000001958493ff00 Exception <a 'java/lang/NoSuchMethodError'{0x000000070a346dd0}: static [B.<clinit>()V> (0x000000070a346dd0) 
thrown [s\open\src\hotspot\share\prims\jni.cpp, line 1111]
Event: 2401.847 Thread 0x0000019587431830 Exception <a 'sun/nio/fs/WindowsException'{0x000000070a14be08}> (0x000000070a14be08) 
thrown [s\open\src\hotspot\share\prims\jni.cpp, line 520]
Event: 2402.404 Thread 0x0000019587431830 Exception <a 'java/lang/NoClassDefFoundError'{0x000000070c76f0d0}: org/flywaydb/core/Flyway> (0x000000070c76f0d0) 
thrown [s\open\src\hotspot\share\oops\constantPool.cpp, line 873]
Event: 2402.405 Thread 0x0000019587431830 Exception <a 'java/lang/NoClassDefFoundError'{0x000000070c76f730}: liquibase/integration/spring/SpringLiquibase> (0x000000070c76f730) 
thrown [s\open\src\hotspot\share\oops\constantPool.cpp, line 873]
Event: 2402.411 Thread 0x0000019587431830 Exception <a 'java/lang/NoClassDefFoundError'{0x000000070c7ef328}: org/jooq/DSLContext> (0x000000070c7ef328) 
thrown [s\open\src\hotspot\share\oops\constantPool.cpp, line 873]
Event: 2402.414 Thread 0x0000019587431830 Exception <a 'java/lang/NoClassDefFoundError'{0x000000070c7fe438}: org/springframework/batch/core/repository/JobRepository> (0x000000070c7fe438) 
thrown [s\open\src\hotspot\share\oops\constantPool.cpp, line 873]
Event: 2402.415 Thread 0x0000019587431830 Exception <a 'java/lang/NoClassDefFoundError'{0x000000070c7fea90}: org/quartz/Scheduler> (0x000000070c7fea90) 
thrown [s\open\src\hotspot\share\oops\constantPool.cpp, line 873]
Event: 2402.416 Thread 0x0000019587431830 Exception <a 'java/lang/NoClassDefFoundError'{0x000000070c7ff110}: org/springframework/session/jdbc/JdbcIndexedSessionRepository> (0x000000070c7ff110) 
thrown [s\open\src\hotspot\share\oops\constantPool.cpp, line 873]
Event: 2402.551 Thread 0x0000019587431830 Exception <a 'java/io/FileNotFoundException'{0x000000070bb83a18}> (0x000000070bb83a18) 
thrown [s\open\src\hotspot\share\prims\jni.cpp, line 520]
Event: 2402.709 Thread 0x0000019587431830 Exception <a 'java/lang/NoSuchMethodError'{0x0000000709904dd8}: 'void java.lang.invoke.DelegatingMethodHandle$Holder.reinvoke_L(java.lang.Object, java.lang.Object, long)'> (0x0000000709904dd8) 
thrown [s\open\src\hotspot\share\interpreter\linkResolver.cpp, line 773]

ZGC Phase Switch (0 events):
No events

VM Operations (20 events):
Event: 2435.019 Executing VM operation: get/set locals done
Event: 2435.020 Executing VM operation: get/set locals
Event: 2435.020 Executing VM operation: get/set locals done
Event: 2435.020 Executing VM operation: get/set locals
Event: 2435.020 Executing VM operation: get/set locals done
Event: 2435.021 Executing VM operation: get/set locals
Event: 2435.021 Executing VM operation: get/set locals done
Event: 2435.022 Executing VM operation: get/set locals
Event: 2435.022 Executing VM operation: get/set locals done
Event: 2435.022 Executing VM operation: get/set locals
Event: 2435.022 Executing VM operation: get/set locals done
Event: 2435.023 Executing VM operation: get/set locals
Event: 2435.023 Executing VM operation: get/set locals done
Event: 2435.023 Executing VM operation: get/set locals
Event: 2435.023 Executing VM operation: get/set locals done
Event: 2435.024 Executing VM operation: get/set locals
Event: 2435.024 Executing VM operation: get/set locals done
Event: 2435.024 Executing VM operation: get/set locals
Event: 2435.024 Executing VM operation: get/set locals done
Event: 2438.203 Executing VM operation: G1CollectForAllocation (G1 Evacuation Pause)

Events (20 events):
Event: 2402.023 Thread 0x000001958742ea40 Thread exited: 0x000001958742ea40
Event: 2402.698 Thread 0x000001958742ea40 Thread added: 0x000001958742ea40
Event: 2402.698 Thread 0x0000019587431ec0 Thread added: 0x0000019587431ec0
Event: 2402.698 Thread 0x0000019587432550 Thread added: 0x0000019587432550
Event: 2402.788 Thread 0x000001958742bc50 Thread added: 0x000001958742bc50
Event: 2402.789 Thread 0x0000019587430b10 Thread added: 0x0000019587430b10
Event: 2402.903 Thread 0x000001958742c2e0 Thread added: 0x000001958742c2e0
Event: 2403.108 Thread 0x000001953d87b770 flushing nmethod 0x0000019533756710
Event: 2403.108 Thread 0x000001953d87b770 flushing nmethod 0x0000019533ab9590
Event: 2403.108 Thread 0x000001953d87b770 flushing nmethod 0x0000019534185d90
Event: 2403.108 Thread 0x000001953d87b770 flushing nmethod 0x000001953432c690
Event: 2403.108 Thread 0x000001953d87b770 flushing nmethod 0x000001953346ed90
Event: 2403.108 Thread 0x000001953d87b770 flushing nmethod 0x00000195335a2910
Event: 2403.108 Thread 0x000001953d87b770 flushing nmethod 0x0000019533a55110
Event: 2403.108 Thread 0x000001953d87b770 flushing nmethod 0x00000195337d2b10
Event: 2403.108 Thread 0x000001953d87b770 flushing nmethod 0x0000019533b3dd10
Event: 2408.272 Thread 0x000001953e356aa0 Thread exited: 0x000001953e356aa0
Event: 2408.287 Thread 0x000001958742c2e0 Thread exited: 0x000001958742c2e0
Event: 2413.284 Thread 0x000001953e357f10 Thread exited: 0x000001953e357f10
Event: 2418.298 Thread 0x000001953e3563d0 Thread exited: 0x000001953e3563d0


Dynamic libraries:
0x00007ff7d0e60000 - 0x00007ff7d0e70000 	C:\Program Files\Java\jdk-21\bin\javaw.exe
0x00007ffb646f0000 - 0x00007ffb64907000 	C:\Windows\SYSTEM32\ntdll.dll
0x00007ffb63b70000 - 0x00007ffb63c34000 	C:\Windows\System32\KERNEL32.DLL
0x00007ffb61c40000 - 0x00007ffb62011000 	C:\Windows\System32\KERNELBASE.dll
0x00007ffb622a0000 - 0x00007ffb623b1000 	C:\Windows\System32\ucrtbase.dll
0x00007ffb1af60000 - 0x00007ffb1af7b000 	C:\Program Files\Java\jdk-21\bin\VCRUNTIME140.dll
0x00007ffb1a120000 - 0x00007ffb1a139000 	C:\Program Files\Java\jdk-21\bin\jli.dll
0x00007ffb62e00000 - 0x00007ffb62eb1000 	C:\Windows\System32\ADVAPI32.dll
0x00007ffb62ec0000 - 0x00007ffb62f67000 	C:\Windows\System32\msvcrt.dll
0x00007ffb63ac0000 - 0x00007ffb63b67000 	C:\Windows\System32\sechost.dll
0x00007ffb62270000 - 0x00007ffb62298000 	C:\Windows\System32\bcrypt.dll
0x00007ffb630d0000 - 0x00007ffb631e4000 	C:\Windows\System32\RPCRT4.dll
0x00007ffb63cc0000 - 0x00007ffb63e71000 	C:\Windows\System32\USER32.dll
0x00007ffb621c0000 - 0x00007ffb621e6000 	C:\Windows\System32\win32u.dll
0x00007ffb2efb0000 - 0x00007ffb2f242000 	C:\Windows\WinSxS\amd64_microsoft.windows.common-controls_6595b64144ccf1df_6.0.22621.4830_none_270fe7d773858e80\COMCTL32.dll
0x00007ffb64680000 - 0x00007ffb646a9000 	C:\Windows\System32\GDI32.dll
0x00007ffb620a0000 - 0x00007ffb621bb000 	C:\Windows\System32\gdi32full.dll
0x00007ffb61ba0000 - 0x00007ffb61c3a000 	C:\Windows\System32\msvcp_win.dll
0x00007ffb54e90000 - 0x00007ffb54e9a000 	C:\Windows\SYSTEM32\VERSION.dll
0x00007ffb631f0000 - 0x00007ffb63221000 	C:\Windows\System32\IMM32.DLL
0x00007ffb266d0000 - 0x00007ffb266dc000 	C:\Program Files\Java\jdk-21\bin\vcruntime140_1.dll
0x00007ffafe200000 - 0x00007ffafe28e000 	C:\Program Files\Java\jdk-21\bin\msvcp140.dll
0x00007ffaa2c30000 - 0x00007ffaa3948000 	C:\Program Files\Java\jdk-21\bin\server\jvm.dll
0x00007ffb63ea0000 - 0x00007ffb63f11000 	C:\Windows\System32\WS2_32.dll
0x00007ffb5abb0000 - 0x00007ffb5abe4000 	C:\Windows\SYSTEM32\WINMM.dll
0x00007ffb611d0000 - 0x00007ffb6121d000 	C:\Windows\SYSTEM32\POWRPROF.dll
0x00007ffb61140000 - 0x00007ffb61153000 	C:\Windows\SYSTEM32\UMPDC.dll
0x00007ffb60850000 - 0x00007ffb60868000 	C:\Windows\SYSTEM32\kernel.appcore.dll
0x00007ffb25fb0000 - 0x00007ffb25fba000 	C:\Program Files\Java\jdk-21\bin\jimage.dll
0x00007ffb5e720000 - 0x00007ffb5e952000 	C:\Windows\SYSTEM32\DBGHELP.DLL
0x00007ffb64050000 - 0x00007ffb643e0000 	C:\Windows\System32\combase.dll
0x00007ffb624d0000 - 0x00007ffb625a7000 	C:\Windows\System32\OLEAUT32.dll
0x00007ffb3f060000 - 0x00007ffb3f092000 	C:\Windows\SYSTEM32\dbgcore.DLL
0x00007ffb621f0000 - 0x00007ffb6226b000 	C:\Windows\System32\bcryptPrimitives.dll
0x00007ffb105c0000 - 0x00007ffb105fc000 	C:\Program Files\Java\jdk-21\bin\jdwp.dll
0x00007ffb22230000 - 0x00007ffb2223f000 	C:\Program Files\Java\jdk-21\bin\instrument.dll
0x00007ffb19530000 - 0x00007ffb1954f000 	C:\Program Files\Java\jdk-21\bin\java.dll
0x00007ffb63230000 - 0x00007ffb63ab8000 	C:\Windows\System32\SHELL32.dll
0x00007ffb61830000 - 0x00007ffb6196f000 	C:\Windows\System32\wintypes.dll
0x00007ffb5f740000 - 0x00007ffb6004d000 	C:\Windows\SYSTEM32\windows.storage.dll
0x00007ffb623c0000 - 0x00007ffb624ca000 	C:\Windows\System32\SHCORE.dll
0x00007ffb62b40000 - 0x00007ffb62b9e000 	C:\Windows\System32\shlwapi.dll
0x00007ffb61760000 - 0x00007ffb6178b000 	C:\Windows\SYSTEM32\profapi.dll
0x00007ffb208b0000 - 0x00007ffb208bc000 	C:\Program Files\Java\jdk-21\bin\dt_socket.dll
0x00007ffb602e0000 - 0x00007ffb6030d000 	C:\Windows\SYSTEM32\IPHLPAPI.DLL
0x00007ffb60cd0000 - 0x00007ffb60d3a000 	C:\Windows\system32\mswsock.dll
0x00007ffb60360000 - 0x00007ffb60462000 	C:\Windows\SYSTEM32\DNSAPI.dll
0x00007ffb63c40000 - 0x00007ffb63c49000 	C:\Windows\System32\NSI.dll
0x00007ffb5b2a0000 - 0x00007ffb5b2aa000 	C:\Windows\System32\rasadhlp.dll
0x00007ffb5ab20000 - 0x00007ffb5aba3000 	C:\Windows\System32\fwpuclnt.dll
0x00007ffb16900000 - 0x00007ffb16918000 	C:\Program Files\Java\jdk-21\bin\zip.dll
0x00007ffb1e540000 - 0x00007ffb1e550000 	C:\Program Files\Java\jdk-21\bin\net.dll
0x00007ffb5c9a0000 - 0x00007ffb5cacc000 	C:\Windows\SYSTEM32\WINHTTP.dll
0x00007ffb104b0000 - 0x00007ffb104c6000 	C:\Program Files\Java\jdk-21\bin\nio.dll
0x00007ffb1a1d0000 - 0x00007ffb1a1da000 	C:\Program Files\Java\jdk-21\bin\management.dll
0x00007ffb168f0000 - 0x00007ffb168fb000 	C:\Program Files\Java\jdk-21\bin\management_ext.dll
0x00007ffb64670000 - 0x00007ffb64678000 	C:\Windows\System32\PSAPI.DLL
0x00007ffb3a880000 - 0x00007ffb3a897000 	C:\Windows\system32\napinsp.dll
0x00007ffb3a860000 - 0x00007ffb3a87b000 	C:\Windows\system32\pnrpnsp.dll
0x00007ffb3a840000 - 0x00007ffb3a851000 	C:\Windows\System32\winrnr.dll
0x00007ffb5b2b0000 - 0x00007ffb5b2c5000 	C:\Windows\system32\wshbth.dll
0x00007ffb3a810000 - 0x00007ffb3a837000 	C:\Windows\system32\nlansp_c.dll
0x00007ffb60f40000 - 0x00007ffb60f5b000 	C:\Windows\SYSTEM32\CRYPTSP.dll
0x00007ffb607b0000 - 0x00007ffb607e7000 	C:\Windows\system32\rsaenh.dll
0x00007ffb60de0000 - 0x00007ffb60e08000 	C:\Windows\SYSTEM32\USERENV.dll
0x00007ffb60f60000 - 0x00007ffb60f6c000 	C:\Windows\SYSTEM32\CRYPTBASE.dll
0x00007ffb10240000 - 0x00007ffb10249000 	C:\Program Files\Java\jdk-21\bin\extnet.dll
0x00007ffb0fe40000 - 0x00007ffb0fe50000 	C:\Program Files\Java\jdk-21\bin\verify.dll
0x00007ffb00160000 - 0x00007ffb0016e000 	C:\Program Files\Java\jdk-21\bin\sunmscapi.dll
0x00007ffb61a30000 - 0x00007ffb61b96000 	C:\Windows\System32\CRYPT32.dll
0x00007ffb611a0000 - 0x00007ffb611cd000 	C:\Windows\SYSTEM32\ncrypt.dll
0x00007ffb61160000 - 0x00007ffb61197000 	C:\Windows\SYSTEM32\NTASN1.dll
0x00007ffb5b3e0000 - 0x00007ffb5b3f9000 	C:\Windows\SYSTEM32\dhcpcsvc6.DLL
0x00007ffb5b310000 - 0x00007ffb5b32f000 	C:\Windows\SYSTEM32\dhcpcsvc.DLL
0x00007ffb11e30000 - 0x00007ffb11e38000 	C:\Windows\system32\wshunix.dll

dbghelp: loaded successfully - version: 4.0.5 - missing functions: none
symbol engine: initialized successfully - sym options: 0x614 - pdb path: .;C:\Program Files\Java\jdk-21\bin;C:\Windows\SYSTEM32;C:\Windows\WinSxS\amd64_microsoft.windows.common-controls_6595b64144ccf1df_6.0.22621.4830_none_270fe7d773858e80;C:\Program Files\Java\jdk-21\bin\server

VM Arguments:
jvm_args: -XX:+ShowCodeDetailsInExceptionMessages -agentlib:jdwp=transport=dt_socket,suspend=y,address=localhost:50370 -Dcom.sun.management.jmxremote -Dcom.sun.management.jmxremote.port=50366 -Dcom.sun.management.jmxremote.authenticate=false -Dcom.sun.management.jmxremote.ssl=false -Djava.rmi.server.hostname=localhost -Dspring.jmx.enabled=true -Dmanagement.endpoints.jmx.exposure.include=* -Dspring.application.admin.enabled=true -XX:TieredStopAtLevel=1 -Dspring.boot.project.name=eCart -javaagent:C:\Users\Aaryan\Desktop\sts-4.20.1.RELEASE\configuration\org.eclipse.osgi\262\0\.cp\lib\javaagent-shaded.jar -Dfile.encoding=UTF-8 -Dstdout.encoding=UTF-8 -Dstderr.encoding=UTF-8 
java_command: com.hpcl.ECartApplication --spring.output.ansi.enabled=always
java_class_path (initial): C:\Users\Aaryan\Desktop\eCart\target\classes;C:\Users\Aaryan\.m2\repository\org\springframework\boot\spring-boot-starter-data-jpa\3.2.3\spring-boot-starter-data-jpa-3.2.3.jar;C:\Users\Aaryan\.m2\repository\org\springframework\boot\spring-boot-starter-aop\3.2.3\spring-boot-starter-aop-3.2.3.jar;C:\Users\Aaryan\.m2\repository\org\springframework\spring-aop\6.1.4\spring-aop-6.1.4.jar;C:\Users\Aaryan\.m2\repository\org\aspectj\aspectjweaver\1.9.21\aspectjweaver-1.9.21.jar;C:\Users\Aaryan\.m2\repository\org\springframework\boot\spring-boot-starter-jdbc\3.2.3\spring-boot-starter-jdbc-3.2.3.jar;C:\Users\Aaryan\.m2\repository\com\zaxxer\HikariCP\5.0.1\HikariCP-5.0.1.jar;C:\Users\Aaryan\.m2\repository\org\springframework\spring-jdbc\6.1.4\spring-jdbc-6.1.4.jar;C:\Users\Aaryan\.m2\repository\org\hibernate\orm\hibernate-core\6.4.4.Final\hibernate-core-6.4.4.Final.jar;C:\Users\Aaryan\.m2\repository\jakarta\persistence\jakarta.persistence-api\3.1.0\jakarta.persistence-api-3.1.0.jar;C:\Users\Aaryan\.m2\repository\jakarta\transaction\jakarta.transaction-api\2.0.1\jakarta.transaction-api-2.0.1.jar;C:\Users\Aaryan\.m2\repository\org\jboss\logging\jboss-logging\3.5.3.Final\jboss-logging-3.5.3.Final.jar;C:\Users\Aaryan\.m2\repository\org\hibernate\common\hibernate-commons-annotations\6.0.6.Final\hibernate-commons-annotations-6.0.6.Final.jar;C:\Users\Aaryan\.m2\repository\io\smallrye\jandex\3.1.2\jandex-3.1.2.jar;C:\Users\Aaryan\.m2\repository\com\fasterxml\classmate\1.6.0\classmate-1.6.0.jar;C:\Users\Aaryan\.m2\repository\net\bytebuddy\byte-buddy\1.14.12\byte-buddy-1.14.12.jar;C:\Users\Aaryan\.m2\repository\org\glassfish\jaxb\jaxb-runtime\4.0.4\jaxb-runtime-4.0.4.jar;C:\Users\Aaryan\.m2\repository\org\glassfish\jaxb\jaxb-core\4.0.4\jaxb-core-4.0.4.jar;C:\Users\Aaryan\.m2\repository\org\glassfish\jaxb\txw2\4.0.4\txw2-4.0.4.jar;C:\Users\Aaryan\.m2\repository\com\sun\istack\istack-commons-runtime\4.1.2\istack-commons-runtime-4.1.2.jar;C:\Users\Aaryan\.m2\repository\jakarta\inject\jakarta.inject-api\2.0.1\jakarta.inject-api-2.0.1.jar;C:\Users\Aaryan\.m2\repository\org\antlr\antlr4-runtime\4.13.0\antlr4-runtime-4.13.0.jar;C:\Users\Aaryan\.m2\repository\org\springframework\data\spring-data-jpa\3.2.3\spring-data-jpa-3.2.3.jar;C:\Users\Aaryan\.m2\repository\org\springframework\data\spring-data-commons\3.2.3\spring-data-commons-3.2.3.jar;C:\Users\Aaryan\.m2\repository\org\springframework\spring-orm\6.1.4\spring-orm-6.1.4.jar;C:\Users\Aaryan\.m2\repository\org\springframework\spring-context\6.1.4\spring-context-6.1.4.jar;C:\Users\Aaryan\.m2\repository\org\springframework\spring-tx\6.1.4\spring-tx-6.1.4.jar;C:\Users\Aaryan\.m2\repository\org\springframework\spring-beans\6.1.4\spring-beans-6.1.4.jar;C:\Users\Aaryan\.m2\repository\org\slf4j\slf4j-api\2.0.12\slf4j-api-2.0.12.jar;C:\Users\Aaryan\.m2\repository\org\springframework\spring-aspects\6.1.4\spring-aspects-6.1.4.jar;C:\Users\Aaryan\.m2\repository\net\minidev\accessors-smart\2.5.0\accessors-smart-2.5.0.jar;C:\Users\Aaryan\.m2\repository\org\ow2\asm\asm\9.3\asm-9.3.jar;C:\Users\Aaryan\.m2\repository\org\springframework\boot\spring-boot-devtools\3.2.3\spring-boot-devtools-3.2.3.jar;C:\Users\Aaryan\.m2\repository\org\springframework\boot\spring-boot\3.2.3\spring-boot-3.2.3.jar;C:\Users\Aaryan\.m2\repository\org\springframework\boot\spring-boot-autoconfigure\3.2.3\spring-boot-autoconfigure-3.2.3.jar;C:\Users\Aaryan\.m2\repository\org\springframework\boot\spring-boot-starter-validation\3.2.3\spring-boot-starter-validation-3.2.3.jar;C:\Users\Aaryan\.m2\repository\org\apache\tomcat\embed\tomcat-embed-el\10.1.19\tomcat-embed-el-10.1.19.jar;C:\Users\Aaryan\.m2\repository\org\hibernate\validator\hibernate-validator\8.0.1.Final\hibernate-validator-8.0.1.Final.jar;C:\Users\Aaryan\.m2\repository\jakarta\validation\jakarta.validation-api\3.0.2\jakarta.validation-api-3.0.2.jar;C:\Users\Aaryan\.m2\repository\org\springframework\boot\spring-boot-starter-web\3.2.3\spring-boot-starter-web-3.2.3.jar;C:\Users\Aaryan\.m2\repository\org\springframework\boot\spring-boot-starter-json\3.2.3\spring-boot-starter-json-3.2.3.jar;C:\Users\Aaryan\.m2\repository\com\fasterxml\jackson\datatype\jackson-datatype-jdk8\2.15.4\jackson-datatype-jdk8-2.15.4.jar;C:\Users\Aaryan\.m2\repository\com\fasterxml\jackson\datatype\jackson-datatype-jsr310\2.15.4\jackson-datatype-jsr310-2.15.4.jar;C:\Users\Aaryan\.m2\repository\com\fasterxml\jackson\module\jackson-module-parameter-names\2.15.4\jackson-module-parameter-names-2.15.4.jar;C:\Users\Aaryan\.m2\repository\org\springframework\spring-web\6.1.4\spring-web-6.1.4.jar;C:\Users\Aaryan\.m2\repository\io\micrometer\micrometer-observation\1.12.3\micrometer-observation-1.12.3.jar;C:\Users\Aaryan\.m2\repository\io\micrometer\micrometer-commons\1.12.3\micrometer-commons-1.12.3.jar;C:\Users\Aaryan\.m2\repository\org\springframework\spring-webmvc\6.1.4\spring-webmvc-6.1.4.jar;C:\Users\Aaryan\.m2\repository\org\springframework\spring-expression\6.1.4\spring-expression-6.1.4.jar;C:\Users\Aaryan\.m2\repository\org\springframework\boot\spring-boot-starter\3.2.3\spring-boot-starter-3.2.3.jar;C:\Users\Aaryan\.m2\repository\jakarta\annotation\jakarta.annotation-api\2.1.1\jakarta.annotation-api-2.1.1.jar;C:\Users\Aaryan\.m2\repository\org\springframework\spring-core\6.1.4\spring-core-6.1.4.jar;C:\Users\Aaryan\.m2\repository\org\springframework\spring-jcl\6.1.4\spring-jcl-6.1.4.jar;C:\Users\Aaryan\.m2\repository\org\yaml\snakeyaml\2.2\snakeyaml-2.2.jar;C:\Users\Aaryan\.m2\repository\org\springframework\boot\spring-boot-starter-log4j2\3.2.3\spring-boot-starter-log4j2-3.2.3.jar;C:\Users\Aaryan\.m2\repository\org\apache\logging\log4j\log4j-slf4j2-impl\2.21.1\log4j-slf4j2-impl-2.21.1.jar;C:\Users\Aaryan\.m2\repository\org\apache\logging\log4j\log4j-core\2.21.1\log4j-core-2.21.1.jar;C:\Users\Aaryan\.m2\repository\org\apache\logging\log4j\log4j-jul\2.21.1\log4j-jul-2.21.1.jar;C:\Users\Aaryan\.m2\repository\org\springframework\boot\spring-boot-starter-data-redis\3.2.3\spring-boot-starter-data-redis-3.2.3.jar;C:\Users\Aaryan\.m2\repository\io\lettuce\lettuce-core\6.3.1.RELEASE\lettuce-core-6.3.1.RELEASE.jar;C:\Users\Aaryan\.m2\repository\io\netty\netty-common\4.1.107.Final\netty-common-4.1.107.Final.jar;C:\Users\Aaryan\.m2\repository\io\netty\netty-handler\4.1.107.Final\netty-handler-4.1.107.Final.jar;C:\Users\Aaryan\.m2\repository\io\netty\netty-resolver\4.1.107.Final\netty-resolver-4.1.107.Final.jar;C:\Users\Aaryan\.m2\repository\io\netty\netty-buffer\4.1.107.Final\netty-buffer-4.1.107.Final.jar;C:\Users\Aaryan\.m2\repository\io\netty\netty-transport-native-unix-common\4.1.107.Final\netty-transport-native-unix-common-4.1.107.Final.jar;C:\Users\Aaryan\.m2\repository\io\netty\netty-codec\4.1.107.Final\netty-codec-4.1.107.Final.jar;C:\Users\Aaryan\.m2\repository\io\netty\netty-transport\4.1.107.Final\netty-transport-4.1.107.Final.jar;C:\Users\Aaryan\.m2\repository\io\projectreactor\reactor-core\3.6.3\reactor-core-3.6.3.jar;C:\Users\Aaryan\.m2\repository\org\reactivestreams\reactive-streams\1.0.4\reactive-streams-1.0.4.jar;C:\Users\Aaryan\.m2\repository\org\springframework\data\spring-data-redis\3.2.3\spring-data-redis-3.2.3.jar;C:\Users\Aaryan\.m2\repository\org\springframework\data\spring-data-keyvalue\3.2.3\spring-data-keyvalue-3.2.3.jar;C:\Users\Aaryan\.m2\repository\org\springframework\spring-context-support\6.1.4\spring-context-support-6.1.4.jar;C:\Users\Aaryan\.m2\repository\org\apache\tomcat\embed\tomcat-embed-jasper\10.1.19\tomcat-embed-jasper-10.1.19.jar;C:\Users\Aaryan\.m2\repository\org\apache\tomcat\embed\tomcat-embed-core\10.1.19\tomcat-embed-core-10.1.19.jar;C:\Users\Aaryan\.m2\repository\org\apache\tomcat\tomcat-annotations-api\10.1.19\tomcat-annotations-api-10.1.19.jar;C:\Users\Aaryan\.m2\repository\org\eclipse\jdt\ecj\3.33.0\ecj-3.33.0.jar;C:\Users\Aaryan\.m2\repository\org\postgresql\postgresql\42.6.1\postgresql-42.6.1.jar;C:\Users\Aaryan\.m2\repository\org\checkerframework\checker-qual\3.31.0\checker-qual-3.31.0.jar;C:\Users\Aaryan\.m2\repository\org\apache\poi\poi\5.2.4\poi-5.2.4.jar;C:\Users\Aaryan\.m2\repository\commons-codec\commons-codec\1.16.1\commons-codec-1.16.1.jar;C:\Users\Aaryan\.m2\repository\org\apache\commons\commons-collections4\4.4\commons-collections4-4.4.jar;C:\Users\Aaryan\.m2\repository\org\apache\commons\commons-math3\3.6.1\commons-math3-3.6.1.jar;C:\Users\Aaryan\.m2\repository\commons-io\commons-io\2.13.0\commons-io-2.13.0.jar;C:\Users\Aaryan\.m2\repository\com\zaxxer\SparseBitSet\1.3\SparseBitSet-1.3.jar;C:\Users\Aaryan\.m2\repository\org\apache\logging\log4j\log4j-api\2.21.1\log4j-api-2.21.1.jar;C:\Users\Aaryan\.m2\repository\org\apache\poi\poi-ooxml\5.2.4\poi-ooxml-5.2.4.jar;C:\Users\Aaryan\.m2\repository\org\apache\poi\poi-ooxml-lite\5.2.4\poi-ooxml-lite-5.2.4.jar;C:\Users\Aaryan\.m2\repository\org\apache\xmlbeans\xmlbeans\5.1.1\xmlbeans-5.1.1.jar;C:\Users\Aaryan\.m2\repository\org\apache\commons\commons-compress\1.24.0\commons-compress-1.24.0.jar;C:\Users\Aaryan\.m2\repository\com\github\virtuald\curvesapi\1.08\curvesapi-1.08.jar;C:\Users\Aaryan\.m2\repository\com\squareup\okhttp3\okhttp\4.12.0\okhttp-4.12.0.jar;C:\Users\Aaryan\.m2\repository\com\squareup\okio\okio\3.6.0\okio-3.6.0.jar;C:\Users\Aaryan\.m2\repository\com\squareup\okio\okio-jvm\3.6.0\okio-jvm-3.6.0.jar;C:\Users\Aaryan\.m2\repository\org\jetbrains\kotlin\kotlin-stdlib-common\1.9.22\kotlin-stdlib-common-1.9.22.jar;C:\Users\Aaryan\.m2\repository\org\jetbrains\kotlin\kotlin-stdlib-jdk8\1.9.22\kotlin-stdlib-jdk8-1.9.22.jar;C:\Users\Aaryan\.m2\repository\org\jetbrains\kotlin\kotlin-stdlib\1.9.22\kotlin-stdlib-1.9.22.jar;C:\Users\Aaryan\.m2\repository\org\jetbrains\annotations\13.0\annotations-13.0.jar;C:\Users\Aaryan\.m2\repository\org\jetbrains\kotlin\kotlin-stdlib-jdk7\1.9.22\kotlin-stdlib-jdk7-1.9.22.jar;C:\Users\Aaryan\.m2\repository\com\fasterxml\jackson\dataformat\jackson-dataformat-xml\2.16.0\jackson-dataformat-xml-2.16.0.jar;C:\Users\Aaryan\.m2\repository\com\fasterxml\jackson\core\jackson-annotations\2.15.4\jackson-annotations-2.15.4.jar;C:\Users\Aaryan\.m2\repository\com\fasterxml\jackson\core\jackson-databind\2.15.4\jackson-databind-2.15.4.jar;C:\Users\Aaryan\.m2\repository\org\codehaus\woodstox\stax2-api\4.2.1\stax2-api-4.2.1.jar;C:\Users\Aaryan\.m2\repository\com\fasterxml\woodstox\woodstox-core\6.5.1\woodstox-core-6.5.1.jar;C:\Users\Aaryan\.m2\repository\org\springframework\boot\spring-boot-starter-tomcat\3.2.3\spring-boot-starter-tomcat-3.2.3.jar;C:\Users\Aaryan\.m2\repository\org\apache\tomcat\embed\tomcat-embed-websocket\10.1.19\tomcat-embed-websocket-10.1.19.jar;C:\Users\Aaryan\.m2\repository\net\minidev\json-smart\2.5.0\json-smart-2.5.0.jar;C:\Users\Aaryan\.m2\repository\org\hamcrest\hamcrest\2.2\hamcrest-2.2.jar;C:\Users\Aaryan\.m2\repository\org\springdoc\springdoc-openapi-starter-webmvc-ui\2.2.0\springdoc-openapi-starter-webmvc-ui-2.2.0.jar;C:\Users\Aaryan\.m2\repository\org\springdoc\springdoc-openapi-starter-webmvc-api\2.2.0\springdoc-openapi-starter-webmvc-api-2.2.0.jar;C:\Users\Aaryan\.m2\repository\org\springdoc\springdoc-openapi-starter-common\2.2.0\springdoc-openapi-starter-common-2.2.0.jar;C:\Users\Aaryan\.m2\repository\io\swagger\core\v3\swagger-core-jakarta\2.2.15\swagger-core-jakarta-2.2.15.jar;C:\Users\Aaryan\.m2\repository\io\swagger\core\v3\swagger-annotations-jakarta\2.2.15\swagger-annotations-jakarta-2.2.15.jar;C:\Users\Aaryan\.m2\repository\io\swagger\core\v3\swagger-models-jakarta\2.2.15\swagger-models-jakarta-2.2.15.jar;C:\Users\Aaryan\.m2\repository\com\fasterxml\jackson\dataformat\jackson-dataformat-yaml\2.15.4\jackson-dataformat-yaml-2.15.4.jar;C:\Users\Aaryan\.m2\repository\org\webjars\swagger-ui\5.2.0\swagger-ui-5.2.0.jar;C:\Users\Aaryan\.m2\repository\org\springframework\boot\spring-boot-starter-web-services\3.2.3\spring-boot-starter-web-services-3.2.3.jar;C:\Users\Aaryan\.m2\repository\com\sun\xml\messaging\saaj\saaj-impl\3.0.3\saaj-impl-3.0.3.jar;C:\Users\Aaryan\.m2\repository\jakarta\xml\soap\jakarta.xml.soap-api\3.0.1\jakarta.xml.soap-api-3.0.1.jar;C:\Users\Aaryan\.m2\repository\org\jvnet\staxex\stax-ex\2.1.0\stax-ex-2.1.0.jar;C:\Users\Aaryan\.m2\repository\org\eclipse\angus\angus-activation\2.0.1\angus-activation-2.0.1.jar;C:\Users\Aaryan\.m2\repository\jakarta\xml\ws\jakarta.xml.ws-api\4.0.1\jakarta.xml.ws-api-4.0.1.jar;C:\Users\Aaryan\.m2\repository\org\springframework\spring-oxm\6.1.4\spring-oxm-6.1.4.jar;C:\Users\Aaryan\.m2\repository\org\springframework\ws\spring-ws-core\4.0.10\spring-ws-core-4.0.10.jar;C:\Users\Aaryan\.m2\repository\org\springframework\ws\spring-xml\4.0.10\spring-xml-4.0.10.jar;C:\Users\Aaryan\.m2\repository\jakarta\xml\bind\jakarta.xml.bind-api\4.0.1\jakarta.xml.bind-api-4.0.1.jar;C:\Users\Aaryan\.m2\repository\jakarta\activation\jakarta.activation-api\2.1.2\jakarta.activation-api-2.1.2.jar;C:\Users\Aaryan\.m2\repository\jakarta\servlet\jakarta.servlet-api\6.0.0\jakarta.servlet-api-6.0.0.jar;C:\Users\Aaryan\.m2\repository\org\glassfish\web\jakarta.servlet.jsp.jstl\3.0.1\jakarta.servlet.jsp.jstl-3.0.1.jar;C:\Users\Aaryan\.m2\repository\jakarta\servlet\jsp\jstl\jakarta.servlet.jsp.jstl-api\3.0.0\jakarta.servlet.jsp.jstl-api-3.0.0.jar;C:\Users\Aaryan\.m2\repository\jakarta\el\jakarta.el-api\5.0.1\jakarta.el-api-5.0.1.jar;C:\Users\Aaryan\.m2\repository\com\fasterxml\jackson\core\jackson-core\2.15.4\jackson-core-2.15.4.jar;C:\Users\Aaryan\.m2\repository\com\googlecode\json-simple\json-simple\1.1.1\json-simple-1.1.1.jar;C:\Users\Aaryan\.m2\repository\junit\junit\4.13.2\junit-4.13.2.jar;C:\Users\Aaryan\.m2\repository\org\hamcrest\hamcrest-core\2.2\hamcrest-core-2.2.jar;C:\Users\Aaryan\.m2\repository\com\graphql-java-kickstart\graphql-webclient-spring-boot-starter\1.0.0\graphql-webclient-spring-boot-starter-1.0.0.jar;C:\Users\Aaryan\.m2\repository\com\graphql-java-kickstart\graphql-webclient-spring-boot-autoconfigure\1.0.0\graphql-webclient-spring-boot-autoconfigure-1.0.0.jar;C:\Users\Aaryan\.m2\repository\com\graphql-java-kickstart\graphql-webclient\1.0.0\graphql-webclient-1.0.0.jar;C:\Users\Aaryan\.m2\repository\org\springframework\boot\spring-boot-starter-webflux\3.2.3\spring-boot-starter-webflux-3.2.3.jar;C:\Users\Aaryan\.m2\repository\org\springframework\boot\spring-boot-starter-reactor-netty\3.2.3\spring-boot-starter-reactor-netty-3.2.3.jar;C:\Users\Aaryan\.m2\repository\io\projectreactor\netty\reactor-netty-http\1.1.16\reactor-netty-http-1.1.16.jar;C:\Users\Aaryan\.m2\repository\io\netty\netty-codec-http\4.1.107.Final\netty-codec-http-4.1.107.Final.jar;C:\Users\Aaryan\.m2\repository\io\netty\netty-codec-http2\4.1.107.Final\netty-codec-http2-4.1.107.Final.jar;C:\Users\Aaryan\.m2\repository\io\netty\netty-resolver-dns\4.1.107.Final\netty-resolver-dns-4.1.107.Final.jar;C:\Users\Aaryan\.m2\repository\io\netty\netty-codec-dns\4.1.107.Final\netty-codec-dns-4.1.107.Final.jar;C:\Users\Aaryan\.m2\repository\io\netty\netty-resolver-dns-native-macos\4.1.107.Final\netty-resolver-dns-native-macos-4.1.107.Final-osx-x86_64.jar;C:\Users\Aaryan\.m2\repository\io\netty\netty-resolver-dns-classes-macos\4.1.107.Final\netty-resolver-dns-classes-macos-4.1.107.Final.jar;C:\Users\Aaryan\.m2\repository\io\netty\netty-transport-native-epoll\4.1.107.Final\netty-transport-native-epoll-4.1.107.Final-linux-x86_64.jar;C:\Users\Aaryan\.m2\repository\io\netty\netty-transport-classes-epoll\4.1.107.Final\netty-transport-classes-epoll-4.1.107.Final.jar;C:\Users\Aaryan\.m2\repository\io\projectreactor\netty\reactor-netty-core\1.1.16\reactor-netty-core-1.1.16.jar;C:\Users\Aaryan\.m2\repository\io\netty\netty-handler-proxy\4.1.107.Final\netty-handler-proxy-4.1.107.Final.jar;C:\Users\Aaryan\.m2\repository\io\netty\netty-codec-socks\4.1.107.Final\netty-codec-socks-4.1.107.Final.jar;C:\Users\Aaryan\.m2\repository\org\springframework\spring-webflux\6.1.4\spring-webflux-6.1.4.jar;C:\Users\Aaryan\.m2\repository\org\springframework\security\spring-security-oauth2-client\6.2.2\spring-security-oauth2-client-6.2.2.jar;C:\Users\Aaryan\.m2\repository\org\springframework\security\spring-security-core\6.2.2\spring-security-core-6.2.2.jar;C:\Users\Aaryan\.m2\repository\org\springframework\security\spring-security-crypto\6.2.2\spring-security-crypto-6.2.2.jar;C:\Users\Aaryan\.m2\repository\org\springframework\security\spring-security-oauth2-core\6.2.2\spring-security-oauth2-core-6.2.2.jar;C:\Users\Aaryan\.m2\repository\org\springframework\security\spring-security-web\6.2.2\spring-security-web-6.2.2.jar;C:\Users\Aaryan\.m2\repository\com\nimbusds\oauth2-oidc-sdk\9.43.3\oauth2-oidc-sdk-9.43.3.jar;C:\Users\Aaryan\.m2\repository\com\github\stephenc\jcip\jcip-annotations\1.0-1\jcip-annotations-1.0-1.jar;C:\Users\Aaryan\.m2\repository\com\nimbusds\content-type\2.2\content-type-2.2.jar;C:\Users\Aaryan\.m2\repository\com\nimbusds\lang-tag\1.7\lang-tag-1.7.jar;C:\Users\Aaryan\.m2\repository\com\nimbusds\nimbus-jose-jwt\9.24.4\nimbus-jose-jwt-9.24.4.jar;C:\Users\Aaryan\.m2\repository\javax\xml\ws\jaxws-api\2.3.1\jaxws-api-2.3.1.jar;C:\Users\Aaryan\.m2\repository\javax\xml\bind\jaxb-api\2.3.1\jaxb-api-2.3.1.jar;C:\Users\Aaryan\.m2\repository\javax\activation\javax.activation-api\1.2.0\javax.activation-api-1.2.0.jar;C:\Users\Aaryan\.m2\repository\javax\xml\soap\javax.xml.soap-api\1.4.0\javax.xml.soap-api-1.4.0.jar;C:\Users\Aaryan\.m2\repository\javax\annotation\javax.annotation-api\1.3.2\javax.annotation-api-1.3.2.jar;C:\Users\Aaryan\.m2\repository\javax\servlet\javax.servlet-api\4.0.1\javax.servlet-api-4.0.1.jar;C:\Users\Aaryan\.m2\repository\javax\servlet\jstl\1.2\jstl-1.2.jar;C:\Users\Aaryan\.m2\repository\com\razorpay\razorpay-java\1.4.0\razorpay-java-1.4.0.jar;C:\Users\Aaryan\.m2\repository\org\json\json\20180130\json-20180130.jar;C:\Users\Aaryan\.m2\repository\com\squareup\okhttp3\logging-interceptor\4.12.0\logging-interceptor-4.12.0.jar;C:\Users\Aaryan\.m2\repository\org\apache\commons\commons-text\1.3\commons-text-1.3.jar;C:\Users\Aaryan\.m2\repository\org\apache\commons\commons-lang3\3.13.0\commons-lang3-3.13.0.jar;C:\Users\Aaryan\.m2\repository\org\apache\httpcomponents\httpclient\4.5.13\httpclient-4.5.13.jar;C:\Users\Aaryan\.m2\repository\commons-logging\commons-logging\1.2\commons-logging-1.2.jar;C:\Users\Aaryan\.m2\repository\org\apache\httpcomponents\httpcore\4.4.15\httpcore-4.4.15.jar
Launcher Type: SUN_STANDARD

[Global flags]
     intx CICompilerCount                          = 4                                         {product} {ergonomic}
     uint ConcGCThreads                            = 3                                         {product} {ergonomic}
     uint G1ConcRefinementThreads                  = 10                                        {product} {ergonomic}
   size_t G1HeapRegionSize                         = 2097152                                   {product} {ergonomic}
    uintx GCDrainStackTargetSize                   = 64                                        {product} {ergonomic}
   size_t InitialHeapSize                          = 264241152                                 {product} {ergonomic}
     bool ManagementServer                         = true                                      {product} {command line}
   size_t MarkStackSize                            = 4194304                                   {product} {ergonomic}
   size_t MaxHeapSize                              = 4223664128                                {product} {ergonomic}
   size_t MaxNewSize                               = 2533359616                                {product} {ergonomic}
   size_t MinHeapDeltaBytes                        = 2097152                                   {product} {ergonomic}
   size_t MinHeapSize                              = 8388608                                   {product} {ergonomic}
    uintx NonNMethodCodeHeapSize                   = 4096                                   {pd product} {ergonomic}
    uintx NonProfiledCodeHeapSize                  = 0                                      {pd product} {ergonomic}
     bool ProfileInterpreter                       = false                                  {pd product} {command line}
    uintx ProfiledCodeHeapSize                     = 0                                      {pd product} {ergonomic}
     bool ShowCodeDetailsInExceptionMessages       = true                                   {manageable} {command line}
   size_t SoftMaxHeapSize                          = 4223664128                             {manageable} {ergonomic}
     intx TieredStopAtLevel                        = 1                                         {product} {command line}
     bool UseCompressedOops                        = true                           {product lp64_product} {ergonomic}
     bool UseG1GC                                  = true                                      {product} {ergonomic}
     bool UseLargePagesIndividualAllocation        = false                                  {pd product} {ergonomic}

Logging:
Log output configuration:
 #0: stdout all=warning uptime,level,tags foldmultilines=false
 #1: stderr all=off uptime,level,tags foldmultilines=false

Environment Variables:
PATH=C:\ProgramData\anaconda3\condabin;C:/Users/Aaryan/Desktop/sts-4.20.1.RELEASE//plugins/org.eclipse.justj.openjdk.hotspot.jre.full.win32.x86_64_17.0.8.v20230831-1047/jre/bin/server;C:/Users/Aaryan/Desktop/sts-4.20.1.RELEASE//plugins/org.eclipse.justj.openjdk.hotspot.jre.full.win32.x86_64_17.0.8.v20230831-1047/jre/bin;C:\Program Files\Common Files\Oracle\Java\javapath;C:\Program Files\Oculus\Support\oculus-runtime;C:\Users\Aaryan\AppData\Local\Programs\Python\Python312\Scripts\;C:\Users\Aaryan\AppData\Local\Programs\Python\Python312\;C:\Windows\system32;C:\Windows;C:\Windows\System32\Wbem;C:\Windows\System32\WindowsPowerShell\v1.0\;C:\Windows\System32\OpenSSH\;C:\Program Files\Git\cmd;C:\Program Files\nodejs\;C:\ProgramData\chocolatey\bin;C:\Program Files (x86)\Microsoft Visual Studio\2022\BuildTools\VC\Tools\MSVC\14.40.33807\bin\Hostx64\x64;C:\Program Files\Docker\Docker\resources\bin;C:\Users\Aaryan\AppData\Local\Microsoft\WindowsApps;C:\Users\Aaryan\AppData\Local\JetBrains\IntelliJ IDEA Community Edition 2023.3.2\bin;;C:\Users\Aaryan\AppData\Local\Programs\Microsoft VS Code\bin;C:\Program Files\JetBrains\PyCharm Community Edition 2023.2.2\bin;;C:\Users\Aaryan\AppData\Local\Microsoft\WinGet\Packages\Schniz.fnm_Microsoft.Winget.Source_8wekyb3d8bbwe;C:\Users\Aaryan\AppData\Roaming\npm;C:\ProgramData\anaconda3;C:\ProgramData\anaconda3\Scripts;C:\ProgramData\anaconda3\Library\bin;;C:\Users\Aaryan\Desktop\sts-4.20.1.RELEASE;
USERNAME=Aaryan
OS=Windows_NT
PROCESSOR_IDENTIFIER=Intel64 Family 6 Model 186 Stepping 2, GenuineIntel
TMP=C:\Users\Aaryan\AppData\Local\Temp
TEMP=C:\Users\Aaryan\AppData\Local\Temp




Periodic native trim disabled

---------------  S Y S T E M  ---------------

OS:
 Windows 11 , 64 bit Build 22621 (10.0.22621.4974)
OS uptime: 0 days 1:24 hours
Hyper-V role detected

CPU: total 12 (initial active 12) (6 cores per cpu, 2 threads per core) family 6 model 186 stepping 2 microcode 0x410e, cx8, cmov, fxsr, ht, mmx, 3dnowpref, sse, sse2, sse3, ssse3, sse4.1, sse4.2, popcnt, lzcnt, tsc, tscinvbit, avx, avx2, aes, erms, clmul, bmi1, bmi2, adx, sha, fma, vzeroupper, clflush, clflushopt, clwb, hv, serialize, rdtscp, rdpid, fsrm, f16c, cet_ibt, cet_ss
Processor Information for processor 0
  Max Mhz: 2100, Current Mhz: 2100, Mhz Limit: 2100
Processor Information for processor 1
  Max Mhz: 2100, Current Mhz: 969, Mhz Limit: 2100
Processor Information for processor 2
  Max Mhz: 2100, Current Mhz: 969, Mhz Limit: 2100
Processor Information for processor 3
  Max Mhz: 2100, Current Mhz: 2100, Mhz Limit: 2100
Processor Information for processor 4
  Max Mhz: 2100, Current Mhz: 2100, Mhz Limit: 2100
Processor Information for processor 5
  Max Mhz: 2100, Current Mhz: 2100, Mhz Limit: 2100
Processor Information for processor 6
  Max Mhz: 2100, Current Mhz: 2100, Mhz Limit: 2100
Processor Information for processor 7
  Max Mhz: 2100, Current Mhz: 2100, Mhz Limit: 2100
Processor Information for processor 8
  Max Mhz: 2100, Current Mhz: 1500, Mhz Limit: 1491
Processor Information for processor 9
  Max Mhz: 2100, Current Mhz: 1500, Mhz Limit: 1491
Processor Information for processor 10
  Max Mhz: 2100, Current Mhz: 1500, Mhz Limit: 1491
Processor Information for processor 11
  Max Mhz: 2100, Current Mhz: 1300, Mhz Limit: 1491

Memory: 4k page, system-wide physical 16107M (3652M free)
TotalPageFile size 21491M (AvailPageFile size 3437M)
current process WorkingSet (physical memory assigned to process): 360M, peak: 383M
current process commit charge ("private bytes"): 414M, peak: 438M

vm_info: Java HotSpot(TM) 64-Bit Server VM (21.0.5+9-LTS-239) for windows-amd64 JRE (21.0.5+9-LTS-239), built on 2024-09-30T05:17:38Z by "mach5one" with MS VC++ 17.6 (VS2022)

END.
